<?xml version="1.0" encoding="UTF-8"?>
<robot generator="Robot 4.0.1 (Python 3.9.5 on win32)" generated="20210723 23:28:46.973" rpa="false" schemaversion="2">
<suite id="s1" name="TestSuite" source="D:\Dev\Automatización\DesafioAutomatizacion\TestSuite\TestSuite.robot">
<kw name="Comenzar Suite De Prueba" library="CommonFuncSitioDesafio" type="SETUP">
<kw name="Open Browser" library="SeleniumLibrary">
<arg>${URL}</arg>
<arg>${Browser}</arg>
<doc>Opens a new browser instance to the optional ``url``.</doc>
<msg timestamp="20210723 23:28:48.604" level="INFO">Opening browser 'chrome' to base url 'http://automationpractice.com'.</msg>
<status status="PASS" starttime="20210723 23:28:48.603" endtime="20210723 23:28:53.706"/>
</kw>
<kw name="Maximize Browser Window" library="SeleniumLibrary">
<doc>Maximizes current browser window.</doc>
<status status="PASS" starttime="20210723 23:28:53.706" endtime="20210723 23:28:53.834"/>
</kw>
<status status="PASS" starttime="20210723 23:28:48.603" endtime="20210723 23:28:53.834"/>
</kw>
<test id="s1-t1" name="Escenario de Prueba Para Usuario prueba26@prueba27.com con contraseña 123456">
<kw name="Test Template">
<arg>prueba26@prueba27.com</arg>
<arg>Nancy</arg>
<arg>P. Freeman</arg>
<arg>123456</arg>
<arg>27</arg>
<arg>7</arg>
<arg>1985</arg>
<arg>Fretter</arg>
<arg>Annapolis Junction, 20701</arg>
<arg>4414 Doe Meadow Drive</arg>
<arg>MD</arg>
<arg>6</arg>
<arg>11132</arg>
<arg>21</arg>
<arg>Prueba 11</arg>
<arg>56265123614</arg>
<arg>56912345678</arg>
<arg>Apartament</arg>
<kw name="Test Scenario 1">
<arg>${email}</arg>
<arg>${Fname}</arg>
<arg>${Lname}</arg>
<arg>${pass}</arg>
<arg>${day}</arg>
<arg>${month}</arg>
<arg>${year}</arg>
<arg>${company}</arg>
<arg>${address1}</arg>
<arg>${address2}</arg>
<arg>${city}</arg>
<arg>${state}</arg>
<arg>${postcode}</arg>
<arg>${country}</arg>
<arg>${other}</arg>
<arg>${phone}</arg>
<arg>${phoneM}</arg>
<arg>${alias}</arg>
<doc>Este escenario valida la funcionalidad "Realizar login con TDD"</doc>
<kw name="Seleccionar Producto Blusa Negra" library="HomePage">
<kw name="Mouse Over" library="SeleniumLibrary">
<arg>${HomePageMouseOverObject1}</arg>
<doc>Simulates hovering the mouse over the element ``locator``.</doc>
<msg timestamp="20210723 23:28:53.839" level="INFO">Simulating Mouse Over on element 'xpath://li[starts-with(@class, 'ajax_block_product col-xs-12 col-sm-4 col-md-3 last-item-of-mobile-line')]'.</msg>
<status status="PASS" starttime="20210723 23:28:53.838" endtime="20210723 23:28:54.169"/>
</kw>
<kw name="Sleep" library="BuiltIn">
<arg>2</arg>
<doc>Pauses the test executed for the given time.</doc>
<msg timestamp="20210723 23:28:56.182" level="INFO">Slept 2 seconds</msg>
<status status="PASS" starttime="20210723 23:28:54.170" endtime="20210723 23:28:56.182"/>
</kw>
<kw name="Click Element" library="SeleniumLibrary">
<arg>${HomePageElementObject1}</arg>
<doc>Click the element identified by ``locator``.</doc>
<msg timestamp="20210723 23:28:56.183" level="INFO">Clicking element 'xpath://li[starts-with(@class, 'ajax_block_product col-xs-12 col-sm-4 col-md-3 last-item-of-mobile-line')]//div[@class='product-container']//div[@class='left-block']//a[@class='quick-view']'.</msg>
<status status="PASS" starttime="20210723 23:28:56.183" endtime="20210723 23:28:56.279"/>
</kw>
<status status="PASS" starttime="20210723 23:28:53.838" endtime="20210723 23:28:56.279"/>
</kw>
<kw name="Seleccionar Talla y Color Blusa" library="ProductPage">
<kw name="Sleep" library="BuiltIn">
<arg>2</arg>
<doc>Pauses the test executed for the given time.</doc>
<msg timestamp="20210723 23:28:58.289" level="INFO">Slept 2 seconds</msg>
<status status="PASS" starttime="20210723 23:28:56.280" endtime="20210723 23:28:58.289"/>
</kw>
<kw name="Wait Until Page Contains Element" library="SeleniumLibrary">
<arg>${ProductPageFrame}</arg>
<doc>Waits until the element ``locator`` appears on the current page.</doc>
<status status="PASS" starttime="20210723 23:28:58.289" endtime="20210723 23:28:58.301"/>
</kw>
<kw name="Select Frame" library="SeleniumLibrary">
<arg>${ProductPageFrame}</arg>
<doc>Sets frame identified by ``locator`` as the current frame.</doc>
<msg timestamp="20210723 23:28:58.301" level="INFO">Selecting frame 'xpath://body/div/div/div/div/div/iframe[1]'.</msg>
<status status="PASS" starttime="20210723 23:28:58.301" endtime="20210723 23:28:58.327"/>
</kw>
<kw name="Evaluate" library="BuiltIn">
<var>${SelcolorBlusa}</var>
<arg>random.choice(${colorblusa})</arg>
<arg>random</arg>
<doc>Evaluates the given expression in Python and returns the result.</doc>
<msg timestamp="20210723 23:28:58.328" level="INFO">${SelcolorBlusa} = xpath://a[@id='color_8']</msg>
<status status="PASS" starttime="20210723 23:28:58.328" endtime="20210723 23:28:58.328"/>
</kw>
<kw name="Click Element" library="SeleniumLibrary">
<arg>${SelcolorBlusa}</arg>
<doc>Click the element identified by ``locator``.</doc>
<msg timestamp="20210723 23:28:58.329" level="INFO">Clicking element 'xpath://a[@id='color_8']'.</msg>
<status status="PASS" starttime="20210723 23:28:58.328" endtime="20210723 23:28:58.443"/>
</kw>
<kw name="Sleep" library="BuiltIn">
<arg>2</arg>
<doc>Pauses the test executed for the given time.</doc>
<msg timestamp="20210723 23:29:00.457" level="INFO">Slept 2 seconds</msg>
<status status="PASS" starttime="20210723 23:28:58.444" endtime="20210723 23:29:00.457"/>
</kw>
<kw name="Click Element" library="SeleniumLibrary">
<arg>${ProductPageElementBlusa}</arg>
<doc>Click the element identified by ``locator``.</doc>
<msg timestamp="20210723 23:29:00.457" level="INFO">Clicking element 'xpath://option[@title='L']'.</msg>
<status status="PASS" starttime="20210723 23:29:00.457" endtime="20210723 23:29:00.512"/>
</kw>
<kw name="Capture Page Screenshot" library="SeleniumLibrary">
<arg>${ProductPageScreenshotProducto1}</arg>
<doc>Takes a screenshot of the current page and embeds it into a log file.</doc>
<msg timestamp="20210723 23:29:00.749" level="INFO" html="true">&lt;/td&gt;&lt;/tr&gt;&lt;tr&gt;&lt;td colspan="3"&gt;&lt;a href="Evidencias/Producto-1.png"&gt;&lt;img src="Evidencias/Producto-1.png" width="800px"&gt;&lt;/a&gt;</msg>
<status status="PASS" starttime="20210723 23:29:00.512" endtime="20210723 23:29:00.749"/>
</kw>
<kw name="Click Element" library="SeleniumLibrary">
<arg>${ProductPageElementCarrito}</arg>
<doc>Click the element identified by ``locator``.</doc>
<msg timestamp="20210723 23:29:00.750" level="INFO">Clicking element 'xpath://span[normalize-space()='Add to cart']'.</msg>
<status status="PASS" starttime="20210723 23:29:00.749" endtime="20210723 23:29:00.834"/>
</kw>
<kw name="Unselect Frame" library="SeleniumLibrary">
<doc>Sets the main frame as the current frame.</doc>
<status status="PASS" starttime="20210723 23:29:00.834" endtime="20210723 23:29:00.837"/>
</kw>
<status status="PASS" starttime="20210723 23:28:56.279" endtime="20210723 23:29:00.838"/>
</kw>
<kw name="Continuar Con La Compra" library="ProductPage">
<kw name="Wait Until Page Contains Element" library="SeleniumLibrary">
<arg>${ProductPageElementFrameCompra}</arg>
<doc>Waits until the element ``locator`` appears on the current page.</doc>
<status status="PASS" starttime="20210723 23:29:00.838" endtime="20210723 23:29:00.863"/>
</kw>
<kw name="Sleep" library="BuiltIn">
<arg>3</arg>
<doc>Pauses the test executed for the given time.</doc>
<msg timestamp="20210723 23:29:03.871" level="INFO">Slept 3 seconds</msg>
<status status="PASS" starttime="20210723 23:29:00.863" endtime="20210723 23:29:03.871"/>
</kw>
<kw name="Click Element" library="SeleniumLibrary">
<arg>${ProductPageButtonContinuarCompra}</arg>
<doc>Click the element identified by ``locator``.</doc>
<msg timestamp="20210723 23:29:03.872" level="INFO">Clicking element '//span[@title='Continue shopping']//span[1]'.</msg>
<status status="PASS" starttime="20210723 23:29:03.872" endtime="20210723 23:29:03.918"/>
</kw>
<status status="PASS" starttime="20210723 23:29:00.838" endtime="20210723 23:29:03.918"/>
</kw>
<kw name="Validar Logo De Home Page" library="HomePage">
<kw name="Sleep" library="BuiltIn">
<arg>1</arg>
<doc>Pauses the test executed for the given time.</doc>
<msg timestamp="20210723 23:29:04.931" level="INFO">Slept 1 second</msg>
<status status="PASS" starttime="20210723 23:29:03.919" endtime="20210723 23:29:04.931"/>
</kw>
<kw name="Wait Until Page Contains Element" library="SeleniumLibrary">
<arg>${HomeElementLogo}</arg>
<doc>Waits until the element ``locator`` appears on the current page.</doc>
<status status="PASS" starttime="20210723 23:29:04.932" endtime="20210723 23:29:04.943"/>
</kw>
<kw name="Execute Javascript" library="SeleniumLibrary">
<arg>${HomePageScrollDown}</arg>
<doc>Executes the given JavaScript code with possible arguments.</doc>
<msg timestamp="20210723 23:29:04.944" level="INFO">Executing JavaScript:
window.scrollTo(0,700)
Without any arguments.</msg>
<status status="PASS" starttime="20210723 23:29:04.943" endtime="20210723 23:29:04.965"/>
</kw>
<status status="PASS" starttime="20210723 23:29:03.918" endtime="20210723 23:29:04.965"/>
</kw>
<kw name="Seleccionar Producto Vestido" library="HomePage">
<kw name="Sleep" library="BuiltIn">
<arg>2</arg>
<doc>Pauses the test executed for the given time.</doc>
<msg timestamp="20210723 23:29:06.975" level="INFO">Slept 2 seconds</msg>
<status status="PASS" starttime="20210723 23:29:04.965" endtime="20210723 23:29:06.975"/>
</kw>
<kw name="Mouse Over" library="SeleniumLibrary">
<arg>${HomePageMouseOverObject2}</arg>
<doc>Simulates hovering the mouse over the element ``locator``.</doc>
<msg timestamp="20210723 23:29:06.976" level="INFO">Simulating Mouse Over on element 'xpath://li[starts-with(@class, 'ajax_block_product col-xs-12 col-sm-4 col-md-3 first-in-line last-line first-item-of-mobile-line')]'.</msg>
<status status="PASS" starttime="20210723 23:29:06.975" endtime="20210723 23:29:07.253"/>
</kw>
<kw name="Sleep" library="BuiltIn">
<arg>3</arg>
<doc>Pauses the test executed for the given time.</doc>
<msg timestamp="20210723 23:29:10.264" level="INFO">Slept 3 seconds</msg>
<status status="PASS" starttime="20210723 23:29:07.253" endtime="20210723 23:29:10.264"/>
</kw>
<kw name="Click Element" library="SeleniumLibrary">
<arg>${HomePageElementObject2}</arg>
<doc>Click the element identified by ``locator``.</doc>
<msg timestamp="20210723 23:29:10.264" level="INFO">Clicking element 'xpath://li[starts-with(@class, 'ajax_block_product col-xs-12 col-sm-4 col-md-3 first-in-line last-line first-item-of-mobile-line')]//div[@class='product-container']//div[@class='left-block']//a[@class='quick-view']'.</msg>
<status status="PASS" starttime="20210723 23:29:10.264" endtime="20210723 23:29:10.353"/>
</kw>
<status status="PASS" starttime="20210723 23:29:04.965" endtime="20210723 23:29:10.353"/>
</kw>
<kw name="Seleccionar Talla y Color Vestido" library="ProductPage">
<kw name="Sleep" library="BuiltIn">
<arg>2</arg>
<doc>Pauses the test executed for the given time.</doc>
<msg timestamp="20210723 23:29:12.355" level="INFO">Slept 2 seconds</msg>
<status status="PASS" starttime="20210723 23:29:10.354" endtime="20210723 23:29:12.355"/>
</kw>
<kw name="Wait Until Page Contains Element" library="SeleniumLibrary">
<arg>${ProductPageFrame}</arg>
<doc>Waits until the element ``locator`` appears on the current page.</doc>
<status status="PASS" starttime="20210723 23:29:12.356" endtime="20210723 23:29:12.369"/>
</kw>
<kw name="Select Frame" library="SeleniumLibrary">
<arg>${ProductPageFrame}</arg>
<doc>Sets frame identified by ``locator`` as the current frame.</doc>
<msg timestamp="20210723 23:29:12.369" level="INFO">Selecting frame 'xpath://body/div/div/div/div/div/iframe[1]'.</msg>
<status status="PASS" starttime="20210723 23:29:12.369" endtime="20210723 23:29:12.398"/>
</kw>
<kw name="Evaluate" library="BuiltIn">
<var>${SelcolorVestido}</var>
<arg>random.choice(${colorvestido})</arg>
<arg>random</arg>
<doc>Evaluates the given expression in Python and returns the result.</doc>
<msg timestamp="20210723 23:29:12.399" level="INFO">${SelcolorVestido} = xpath://a[@id='color_16']</msg>
<status status="PASS" starttime="20210723 23:29:12.398" endtime="20210723 23:29:12.399"/>
</kw>
<kw name="Click Element" library="SeleniumLibrary">
<arg>${SelcolorVestido}</arg>
<doc>Click the element identified by ``locator``.</doc>
<msg timestamp="20210723 23:29:12.399" level="INFO">Clicking element 'xpath://a[@id='color_16']'.</msg>
<status status="PASS" starttime="20210723 23:29:12.399" endtime="20210723 23:29:12.520"/>
</kw>
<kw name="Click Element" library="SeleniumLibrary">
<arg>${ProductPageElementVestido}</arg>
<doc>Click the element identified by ``locator``.</doc>
<msg timestamp="20210723 23:29:12.520" level="INFO">Clicking element 'xpath://option[@title='S']'.</msg>
<status status="PASS" starttime="20210723 23:29:12.520" endtime="20210723 23:29:12.559"/>
</kw>
<kw name="Capture Page Screenshot" library="SeleniumLibrary">
<arg>${ProductPageScreenshotProducto2}</arg>
<doc>Takes a screenshot of the current page and embeds it into a log file.</doc>
<msg timestamp="20210723 23:29:12.792" level="INFO" html="true">&lt;/td&gt;&lt;/tr&gt;&lt;tr&gt;&lt;td colspan="3"&gt;&lt;a href="Evidencias/Producto-2.png"&gt;&lt;img src="Evidencias/Producto-2.png" width="800px"&gt;&lt;/a&gt;</msg>
<status status="PASS" starttime="20210723 23:29:12.559" endtime="20210723 23:29:12.792"/>
</kw>
<kw name="Click Element" library="SeleniumLibrary">
<arg>${ProductPageElementCarrito}</arg>
<doc>Click the element identified by ``locator``.</doc>
<msg timestamp="20210723 23:29:12.793" level="INFO">Clicking element 'xpath://span[normalize-space()='Add to cart']'.</msg>
<status status="PASS" starttime="20210723 23:29:12.793" endtime="20210723 23:29:12.869"/>
</kw>
<kw name="Unselect Frame" library="SeleniumLibrary">
<doc>Sets the main frame as the current frame.</doc>
<status status="PASS" starttime="20210723 23:29:12.869" endtime="20210723 23:29:12.873"/>
</kw>
<status status="PASS" starttime="20210723 23:29:10.353" endtime="20210723 23:29:12.873"/>
</kw>
<kw name="Ir a Carrito de Compras" library="ProductPage">
<kw name="Wait Until Page Contains Element" library="SeleniumLibrary">
<arg>${ProductPageElementFrameCompra}</arg>
<doc>Waits until the element ``locator`` appears on the current page.</doc>
<status status="PASS" starttime="20210723 23:29:12.873" endtime="20210723 23:29:12.886"/>
</kw>
<kw name="Sleep" library="BuiltIn">
<arg>3</arg>
<doc>Pauses the test executed for the given time.</doc>
<msg timestamp="20210723 23:29:15.892" level="INFO">Slept 3 seconds</msg>
<status status="PASS" starttime="20210723 23:29:12.886" endtime="20210723 23:29:15.892"/>
</kw>
<kw name="Click Element" library="SeleniumLibrary">
<arg>${ProductPageButtonCarritoCompra}</arg>
<doc>Click the element identified by ``locator``.</doc>
<msg timestamp="20210723 23:29:15.893" level="INFO">Clicking element 'xpath://span[normalize-space()='Proceed to checkout']'.</msg>
<status status="PASS" starttime="20210723 23:29:15.893" endtime="20210723 23:29:17.259"/>
</kw>
<status status="PASS" starttime="20210723 23:29:12.873" endtime="20210723 23:29:17.259"/>
</kw>
<kw name="Validar Productos" library="SummaryPage">
<kw name="Table Should Contain" library="SeleniumLibrary">
<arg>${SummaryPageTable}</arg>
<arg>${SummaryPageElementVal1}</arg>
<doc>Verifies table contains text ``expected``.</doc>
<status status="PASS" starttime="20210723 23:29:17.259" endtime="20210723 23:29:17.974"/>
</kw>
<kw name="Table Should Contain" library="SeleniumLibrary">
<arg>${SummaryPageTable}</arg>
<arg>${SummaryPageElementVal2}</arg>
<doc>Verifies table contains text ``expected``.</doc>
<status status="PASS" starttime="20210723 23:29:17.974" endtime="20210723 23:29:18.508"/>
</kw>
<status status="PASS" starttime="20210723 23:29:17.259" endtime="20210723 23:29:18.508"/>
</kw>
<kw name="Validar Datos Footer" library="SummaryPage">
<kw name="Get Text" library="SeleniumLibrary">
<var>${data}</var>
<arg>${SummaryPageTableVal1}</arg>
<doc>Returns the text value of the element identified by ``locator``.</doc>
<msg timestamp="20210723 23:29:18.527" level="INFO">${data} = Total shipping</msg>
<status status="PASS" starttime="20210723 23:29:18.509" endtime="20210723 23:29:18.527"/>
</kw>
<kw name="Log To Console" library="BuiltIn">
<arg>${data}</arg>
<doc>Logs the given message to the console.</doc>
<status status="PASS" starttime="20210723 23:29:18.527" endtime="20210723 23:29:18.527"/>
</kw>
<kw name="Table Footer Should Contain" library="SeleniumLibrary">
<arg>${SummaryPageTable}</arg>
<arg>${SummaryPageElementVal3}</arg>
<doc>Verifies table footer contains text ``expected``.</doc>
<status status="PASS" starttime="20210723 23:29:18.528" endtime="20210723 23:29:18.609"/>
</kw>
<kw name="Table Footer Should Contain" library="SeleniumLibrary">
<arg>${SummaryPageTable}</arg>
<arg>${SummaryPageElementVal4}</arg>
<doc>Verifies table footer contains text ``expected``.</doc>
<status status="PASS" starttime="20210723 23:29:18.610" endtime="20210723 23:29:18.702"/>
</kw>
<kw name="Capture Page Screenshot" library="SeleniumLibrary">
<arg>${SummaryPageScreenshotCarrito}</arg>
<doc>Takes a screenshot of the current page and embeds it into a log file.</doc>
<msg timestamp="20210723 23:29:18.854" level="INFO" html="true">&lt;/td&gt;&lt;/tr&gt;&lt;tr&gt;&lt;td colspan="3"&gt;&lt;a href="Evidencias/Productos-Carrito.png"&gt;&lt;img src="Evidencias/Productos-Carrito.png" width="800px"&gt;&lt;/a&gt;</msg>
<status status="PASS" starttime="20210723 23:29:18.703" endtime="20210723 23:29:18.854"/>
</kw>
<status status="PASS" starttime="20210723 23:29:18.508" endtime="20210723 23:29:18.855"/>
</kw>
<kw name="Validar Boton Checkout" library="SummaryPage">
<kw name="Click Element" library="SeleniumLibrary">
<arg>${SummaryPageButton}</arg>
<doc>Click the element identified by ``locator``.</doc>
<msg timestamp="20210723 23:29:18.855" level="INFO">Clicking element 'xpath://a[@class='button btn btn-default standard-checkout button-medium']//span[contains(text(),'Proceed to checkout')]'.</msg>
<status status="PASS" starttime="20210723 23:29:18.855" endtime="20210723 23:29:21.095"/>
</kw>
<status status="PASS" starttime="20210723 23:29:18.855" endtime="20210723 23:29:21.095"/>
</kw>
<kw name="Acceder a Crear Cuenta" library="SignInPage">
<arg>${email}</arg>
<kw name="Input Text" library="SeleniumLibrary">
<arg>${SignInPageInputEmail}</arg>
<arg>${email}</arg>
<doc>Types the given ``text`` into the text field identified by ``locator``.</doc>
<msg timestamp="20210723 23:29:21.097" level="INFO">Typing text 'prueba26@prueba27.com' into text field 'xpath://input[@id='email_create']'.</msg>
<status status="PASS" starttime="20210723 23:29:21.096" endtime="20210723 23:29:21.201"/>
</kw>
<kw name="Click Element" library="SeleniumLibrary">
<arg>${SignInPageButtonCreateAccount}</arg>
<doc>Click the element identified by ``locator``.</doc>
<msg timestamp="20210723 23:29:21.201" level="INFO">Clicking element 'xpath://span[normalize-space()='Create an account']'.</msg>
<status status="PASS" starttime="20210723 23:29:21.201" endtime="20210723 23:29:21.263"/>
</kw>
<kw name="Sleep" library="BuiltIn">
<arg>1</arg>
<doc>Pauses the test executed for the given time.</doc>
<msg timestamp="20210723 23:29:22.274" level="INFO">Slept 1 second</msg>
<status status="PASS" starttime="20210723 23:29:21.264" endtime="20210723 23:29:22.274"/>
</kw>
<status status="PASS" starttime="20210723 23:29:21.095" endtime="20210723 23:29:22.275"/>
</kw>
<kw name="Validar e Ingresar Información Formulario Crear Cuenta" library="SignInPage">
<arg>${Fname}</arg>
<arg>${Lname}</arg>
<arg>${pass}</arg>
<arg>${day}</arg>
<arg>${month}</arg>
<arg>${year}</arg>
<arg>${company}</arg>
<arg>${address1}</arg>
<arg>${address2}</arg>
<arg>${city}</arg>
<arg>${state}</arg>
<arg>${postcode}</arg>
<arg>${country}</arg>
<arg>${other}</arg>
<arg>${phone}</arg>
<arg>${phoneM}</arg>
<arg>${alias}</arg>
<kw name="Sleep" library="BuiltIn">
<arg>3</arg>
<doc>Pauses the test executed for the given time.</doc>
<msg timestamp="20210723 23:29:25.287" level="INFO">Slept 3 seconds</msg>
<status status="PASS" starttime="20210723 23:29:22.276" endtime="20210723 23:29:25.288"/>
</kw>
<kw name="Page Should Contain" library="SeleniumLibrary">
<arg>${SignInPageElementVal2}</arg>
<doc>Verifies that current page contains ``text``.</doc>
<msg timestamp="20210723 23:29:25.311" level="INFO">Current page contains text 'Create an account'.</msg>
<status status="PASS" starttime="20210723 23:29:25.288" endtime="20210723 23:29:25.312"/>
</kw>
<kw name="Click Element" library="SeleniumLibrary">
<arg>${SignInPageRadio1}</arg>
<doc>Click the element identified by ``locator``.</doc>
<msg timestamp="20210723 23:29:25.312" level="INFO">Clicking element 'xpath://label[normalize-space()='Mr.']'.</msg>
<status status="PASS" starttime="20210723 23:29:25.312" endtime="20210723 23:29:25.375"/>
</kw>
<kw name="Click Element" library="SeleniumLibrary">
<arg>${SignInPageRadio2}</arg>
<doc>Click the element identified by ``locator``.</doc>
<msg timestamp="20210723 23:29:25.376" level="INFO">Clicking element 'xpath://label[normalize-space()='Mrs.']'.</msg>
<status status="PASS" starttime="20210723 23:29:25.375" endtime="20210723 23:29:25.426"/>
</kw>
<kw name="Input Text" library="SeleniumLibrary">
<arg>${SignInPageInputFirstName}</arg>
<arg>${Fname}</arg>
<doc>Types the given ``text`` into the text field identified by ``locator``.</doc>
<msg timestamp="20210723 23:29:25.427" level="INFO">Typing text 'Nancy' into text field 'xpath://input[@name='customer_firstname']'.</msg>
<status status="PASS" starttime="20210723 23:29:25.426" endtime="20210723 23:29:25.524"/>
</kw>
<kw name="Input Text" library="SeleniumLibrary">
<arg>${SignInPageInputLastName}</arg>
<arg>${Lname}</arg>
<doc>Types the given ``text`` into the text field identified by ``locator``.</doc>
<msg timestamp="20210723 23:29:25.525" level="INFO">Typing text 'P. Freeman' into text field 'xpath://input[@name='customer_lastname']'.</msg>
<status status="PASS" starttime="20210723 23:29:25.524" endtime="20210723 23:29:25.625"/>
</kw>
<kw name="Input Password" library="SeleniumLibrary">
<arg>${SignInPageInputPassword}</arg>
<arg>${pass}</arg>
<doc>Types the given password into the text field identified by ``locator``.</doc>
<msg timestamp="20210723 23:29:25.626" level="INFO">Typing password into text field 'xpath://input[@name='passwd']'.</msg>
<msg timestamp="20210723 23:29:25.669" level="INFO">Temporally setting log level to: NONE</msg>
<msg timestamp="20210723 23:29:25.721" level="INFO">Log level changed from NONE to INFO.</msg>
<status status="PASS" starttime="20210723 23:29:25.626" endtime="20210723 23:29:25.721"/>
</kw>
<kw name="Select From List By Value" library="SeleniumLibrary">
<arg>${SignInPageDropDownDia}</arg>
<arg>${day}</arg>
<doc>Selects options from selection list ``locator`` by ``values``.</doc>
<msg timestamp="20210723 23:29:25.722" level="INFO">Selecting options from selection list 'xpath://select[@name='days']' by value 27.</msg>
<status status="PASS" starttime="20210723 23:29:25.721" endtime="20210723 23:29:25.806"/>
</kw>
<kw name="Select From List By Value" library="SeleniumLibrary">
<arg>${SignInPageDropDownMes}</arg>
<arg>${month}</arg>
<doc>Selects options from selection list ``locator`` by ``values``.</doc>
<msg timestamp="20210723 23:29:25.807" level="INFO">Selecting options from selection list 'xpath://select[@name='months']' by value 7.</msg>
<status status="PASS" starttime="20210723 23:29:25.806" endtime="20210723 23:29:25.887"/>
</kw>
<kw name="Select From List By Value" library="SeleniumLibrary">
<arg>${SignInPageDropDownAno}</arg>
<arg>${year}</arg>
<doc>Selects options from selection list ``locator`` by ``values``.</doc>
<msg timestamp="20210723 23:29:25.887" level="INFO">Selecting options from selection list 'xpath://select[@name='years']' by value 1985.</msg>
<status status="PASS" starttime="20210723 23:29:25.887" endtime="20210723 23:29:25.969"/>
</kw>
<kw name="Click Element" library="SeleniumLibrary">
<arg>${SignInPageCheckNewLetter}</arg>
<doc>Click the element identified by ``locator``.</doc>
<msg timestamp="20210723 23:29:25.969" level="INFO">Clicking element 'xpath://input[@name='newsletter']'.</msg>
<status status="PASS" starttime="20210723 23:29:25.969" endtime="20210723 23:29:26.023"/>
</kw>
<kw name="Click Element" library="SeleniumLibrary">
<arg>${SignInPageCheckOption}</arg>
<doc>Click the element identified by ``locator``.</doc>
<msg timestamp="20210723 23:29:26.023" level="INFO">Clicking element 'xpath://input[@name='optin']'.</msg>
<status status="PASS" starttime="20210723 23:29:26.023" endtime="20210723 23:29:26.077"/>
</kw>
<kw name="Capture Page Screenshot" library="SeleniumLibrary">
<arg>${SignInPageScreenshotDatos1}</arg>
<doc>Takes a screenshot of the current page and embeds it into a log file.</doc>
<msg timestamp="20210723 23:29:26.218" level="INFO" html="true">&lt;/td&gt;&lt;/tr&gt;&lt;tr&gt;&lt;td colspan="3"&gt;&lt;a href="Evidencias/Cuenta-Nueva-1.png"&gt;&lt;img src="Evidencias/Cuenta-Nueva-1.png" width="800px"&gt;&lt;/a&gt;</msg>
<status status="PASS" starttime="20210723 23:29:26.077" endtime="20210723 23:29:26.218"/>
</kw>
<kw name="Input Text" library="SeleniumLibrary">
<arg>${SignInPageInputCompany}</arg>
<arg>${company}</arg>
<doc>Types the given ``text`` into the text field identified by ``locator``.</doc>
<msg timestamp="20210723 23:29:26.218" level="INFO">Typing text 'Fretter' into text field 'xpath://input[@name='company']'.</msg>
<status status="PASS" starttime="20210723 23:29:26.218" endtime="20210723 23:29:26.321"/>
</kw>
<kw name="Input Text" library="SeleniumLibrary">
<arg>${SignInPageInputAddress1}</arg>
<arg>${address1}</arg>
<doc>Types the given ``text`` into the text field identified by ``locator``.</doc>
<msg timestamp="20210723 23:29:26.322" level="INFO">Typing text 'Annapolis Junction, 20701' into text field 'xpath://input[@name='address1']'.</msg>
<status status="PASS" starttime="20210723 23:29:26.321" endtime="20210723 23:29:26.431"/>
</kw>
<kw name="Input Text" library="SeleniumLibrary">
<arg>${SignInPageInputAddress2}</arg>
<arg>${address2}</arg>
<doc>Types the given ``text`` into the text field identified by ``locator``.</doc>
<msg timestamp="20210723 23:29:26.432" level="INFO">Typing text '4414 Doe Meadow Drive' into text field 'xpath://input[@name='address2']'.</msg>
<status status="PASS" starttime="20210723 23:29:26.432" endtime="20210723 23:29:26.544"/>
</kw>
<kw name="Input Text" library="SeleniumLibrary">
<arg>${SignInPageInputCity}</arg>
<arg>${city}</arg>
<doc>Types the given ``text`` into the text field identified by ``locator``.</doc>
<msg timestamp="20210723 23:29:26.545" level="INFO">Typing text 'MD' into text field 'xpath://input[@name='city']'.</msg>
<status status="PASS" starttime="20210723 23:29:26.545" endtime="20210723 23:29:26.634"/>
</kw>
<kw name="Select From List By Value" library="SeleniumLibrary">
<arg>${SignInPageDropDownState}</arg>
<arg>${state}</arg>
<doc>Selects options from selection list ``locator`` by ``values``.</doc>
<msg timestamp="20210723 23:29:26.634" level="INFO">Selecting options from selection list 'xpath://select[@name='id_state']' by value 6.</msg>
<status status="PASS" starttime="20210723 23:29:26.634" endtime="20210723 23:29:26.714"/>
</kw>
<kw name="Input Text" library="SeleniumLibrary">
<arg>${SignInPageInputPostCode}</arg>
<arg>${postcode}</arg>
<doc>Types the given ``text`` into the text field identified by ``locator``.</doc>
<msg timestamp="20210723 23:29:26.715" level="INFO">Typing text '11132' into text field 'xpath://input[@name='postcode']'.</msg>
<status status="PASS" starttime="20210723 23:29:26.714" endtime="20210723 23:29:26.814"/>
</kw>
<kw name="Select From List By Value" library="SeleniumLibrary">
<arg>${SignInPageDropDownCountry}</arg>
<arg>${country}</arg>
<doc>Selects options from selection list ``locator`` by ``values``.</doc>
<msg timestamp="20210723 23:29:26.815" level="INFO">Selecting options from selection list 'xpath://select[@name='id_country']' by value 21.</msg>
<status status="PASS" starttime="20210723 23:29:26.814" endtime="20210723 23:29:26.866"/>
</kw>
<kw name="Input Text" library="SeleniumLibrary">
<arg>${SignInPageInputOther}</arg>
<arg>${other}</arg>
<doc>Types the given ``text`` into the text field identified by ``locator``.</doc>
<msg timestamp="20210723 23:29:26.867" level="INFO">Typing text 'Prueba 11' into text field 'xpath://textarea[@name='other']'.</msg>
<status status="PASS" starttime="20210723 23:29:26.867" endtime="20210723 23:29:26.961"/>
</kw>
<kw name="Input Text" library="SeleniumLibrary">
<arg>${SignInPageInputPhone}</arg>
<arg>${phone}</arg>
<doc>Types the given ``text`` into the text field identified by ``locator``.</doc>
<msg timestamp="20210723 23:29:26.962" level="INFO">Typing text '56265123614' into text field 'xpath://input[@name='phone']'.</msg>
<status status="PASS" starttime="20210723 23:29:26.961" endtime="20210723 23:29:27.063"/>
</kw>
<kw name="Input Text" library="SeleniumLibrary">
<arg>${SignInPageInputPhoneMobile}</arg>
<arg>${phoneM}</arg>
<doc>Types the given ``text`` into the text field identified by ``locator``.</doc>
<msg timestamp="20210723 23:29:27.063" level="INFO">Typing text '56912345678' into text field 'xpath://input[@name='phone_mobile']'.</msg>
<status status="PASS" starttime="20210723 23:29:27.063" endtime="20210723 23:29:27.161"/>
</kw>
<kw name="Input Text" library="SeleniumLibrary">
<arg>${SignInPageInputAlias}</arg>
<arg>${alias}</arg>
<doc>Types the given ``text`` into the text field identified by ``locator``.</doc>
<msg timestamp="20210723 23:29:27.161" level="INFO">Typing text 'Apartament' into text field 'xpath://input[@name='alias']'.</msg>
<status status="PASS" starttime="20210723 23:29:27.161" endtime="20210723 23:29:27.273"/>
</kw>
<kw name="Capture Page Screenshot" library="SeleniumLibrary">
<arg>${SignInPageScreenshotDatos2}</arg>
<doc>Takes a screenshot of the current page and embeds it into a log file.</doc>
<msg timestamp="20210723 23:29:27.443" level="INFO" html="true">&lt;/td&gt;&lt;/tr&gt;&lt;tr&gt;&lt;td colspan="3"&gt;&lt;a href="Evidencias/Cuenta-Nueva-2.png"&gt;&lt;img src="Evidencias/Cuenta-Nueva-2.png" width="800px"&gt;&lt;/a&gt;</msg>
<status status="PASS" starttime="20210723 23:29:27.273" endtime="20210723 23:29:27.444"/>
</kw>
<status status="PASS" starttime="20210723 23:29:22.275" endtime="20210723 23:29:27.444"/>
</kw>
<kw name="Validar Boton Agregar Cuenta" library="SignInPage">
<kw name="Click Element" library="SeleniumLibrary">
<arg>${SignInPageButtonRegister}</arg>
<doc>Click the element identified by ``locator``.</doc>
<msg timestamp="20210723 23:29:27.445" level="INFO">Clicking element 'xpath://span[normalize-space()='Register']'.</msg>
<status status="PASS" starttime="20210723 23:29:27.444" endtime="20210723 23:29:29.928"/>
</kw>
<status status="PASS" starttime="20210723 23:29:27.444" endtime="20210723 23:29:29.928"/>
</kw>
<kw name="Salir de Sesión de Usuario" library="HomePage">
<kw name="Click Element" library="SeleniumLibrary">
<arg>${HomePageElementLogOut}</arg>
<doc>Click the element identified by ``locator``.</doc>
<msg timestamp="20210723 23:29:29.929" level="INFO">Clicking element 'xpath://a[@title='Log me out']'.</msg>
<status status="PASS" starttime="20210723 23:29:29.929" endtime="20210723 23:29:33.294"/>
</kw>
<status status="PASS" starttime="20210723 23:29:29.929" endtime="20210723 23:29:33.295"/>
</kw>
<kw name="Volver a Vista Home" library="CommonFuncSitioDesafio">
<kw name="Click Element" library="SeleniumLibrary">
<arg>${HomeElementLogo}</arg>
<doc>Click the element identified by ``locator``.</doc>
<msg timestamp="20210723 23:29:33.295" level="INFO">Clicking element 'xpath://img[@alt='My Store']'.</msg>
<status status="PASS" starttime="20210723 23:29:33.295" endtime="20210723 23:29:35.316"/>
</kw>
<kw name="Sleep" library="BuiltIn">
<arg>2</arg>
<doc>Pauses the test executed for the given time.</doc>
<msg timestamp="20210723 23:29:37.329" level="INFO">Slept 2 seconds</msg>
<status status="PASS" starttime="20210723 23:29:35.317" endtime="20210723 23:29:37.329"/>
</kw>
<status status="PASS" starttime="20210723 23:29:33.295" endtime="20210723 23:29:37.330"/>
</kw>
<kw name="Seleccionar Producto Blusa Negra" library="HomePage">
<kw name="Mouse Over" library="SeleniumLibrary">
<arg>${HomePageMouseOverObject1}</arg>
<doc>Simulates hovering the mouse over the element ``locator``.</doc>
<msg timestamp="20210723 23:29:37.331" level="INFO">Simulating Mouse Over on element 'xpath://li[starts-with(@class, 'ajax_block_product col-xs-12 col-sm-4 col-md-3 last-item-of-mobile-line')]'.</msg>
<status status="PASS" starttime="20210723 23:29:37.331" endtime="20210723 23:29:37.623"/>
</kw>
<kw name="Sleep" library="BuiltIn">
<arg>2</arg>
<doc>Pauses the test executed for the given time.</doc>
<msg timestamp="20210723 23:29:39.636" level="INFO">Slept 2 seconds</msg>
<status status="PASS" starttime="20210723 23:29:37.623" endtime="20210723 23:29:39.636"/>
</kw>
<kw name="Click Element" library="SeleniumLibrary">
<arg>${HomePageElementObject1}</arg>
<doc>Click the element identified by ``locator``.</doc>
<msg timestamp="20210723 23:29:39.637" level="INFO">Clicking element 'xpath://li[starts-with(@class, 'ajax_block_product col-xs-12 col-sm-4 col-md-3 last-item-of-mobile-line')]//div[@class='product-container']//div[@class='left-block']//a[@class='quick-view']'.</msg>
<status status="PASS" starttime="20210723 23:29:39.637" endtime="20210723 23:29:39.726"/>
</kw>
<status status="PASS" starttime="20210723 23:29:37.330" endtime="20210723 23:29:39.726"/>
</kw>
<kw name="Seleccionar Talla y Color Blusa" library="ProductPage">
<kw name="Sleep" library="BuiltIn">
<arg>2</arg>
<doc>Pauses the test executed for the given time.</doc>
<msg timestamp="20210723 23:29:41.728" level="INFO">Slept 2 seconds</msg>
<status status="PASS" starttime="20210723 23:29:39.727" endtime="20210723 23:29:41.728"/>
</kw>
<kw name="Wait Until Page Contains Element" library="SeleniumLibrary">
<arg>${ProductPageFrame}</arg>
<doc>Waits until the element ``locator`` appears on the current page.</doc>
<status status="PASS" starttime="20210723 23:29:41.729" endtime="20210723 23:29:41.761"/>
</kw>
<kw name="Select Frame" library="SeleniumLibrary">
<arg>${ProductPageFrame}</arg>
<doc>Sets frame identified by ``locator`` as the current frame.</doc>
<msg timestamp="20210723 23:29:41.762" level="INFO">Selecting frame 'xpath://body/div/div/div/div/div/iframe[1]'.</msg>
<status status="PASS" starttime="20210723 23:29:41.761" endtime="20210723 23:29:41.786"/>
</kw>
<kw name="Evaluate" library="BuiltIn">
<var>${SelcolorBlusa}</var>
<arg>random.choice(${colorblusa})</arg>
<arg>random</arg>
<doc>Evaluates the given expression in Python and returns the result.</doc>
<msg timestamp="20210723 23:29:41.786" level="INFO">${SelcolorBlusa} = xpath://a[@id='color_11']</msg>
<status status="PASS" starttime="20210723 23:29:41.786" endtime="20210723 23:29:41.786"/>
</kw>
<kw name="Click Element" library="SeleniumLibrary">
<arg>${SelcolorBlusa}</arg>
<doc>Click the element identified by ``locator``.</doc>
<msg timestamp="20210723 23:29:41.787" level="INFO">Clicking element 'xpath://a[@id='color_11']'.</msg>
<status status="PASS" starttime="20210723 23:29:41.787" endtime="20210723 23:29:41.896"/>
</kw>
<kw name="Sleep" library="BuiltIn">
<arg>2</arg>
<doc>Pauses the test executed for the given time.</doc>
<msg timestamp="20210723 23:29:43.897" level="INFO">Slept 2 seconds</msg>
<status status="PASS" starttime="20210723 23:29:41.897" endtime="20210723 23:29:43.897"/>
</kw>
<kw name="Click Element" library="SeleniumLibrary">
<arg>${ProductPageElementBlusa}</arg>
<doc>Click the element identified by ``locator``.</doc>
<msg timestamp="20210723 23:29:43.897" level="INFO">Clicking element 'xpath://option[@title='L']'.</msg>
<status status="PASS" starttime="20210723 23:29:43.897" endtime="20210723 23:29:43.960"/>
</kw>
<kw name="Capture Page Screenshot" library="SeleniumLibrary">
<arg>${ProductPageScreenshotProducto1}</arg>
<doc>Takes a screenshot of the current page and embeds it into a log file.</doc>
<msg timestamp="20210723 23:29:44.187" level="INFO" html="true">&lt;/td&gt;&lt;/tr&gt;&lt;tr&gt;&lt;td colspan="3"&gt;&lt;a href="Evidencias/Producto-1.png"&gt;&lt;img src="Evidencias/Producto-1.png" width="800px"&gt;&lt;/a&gt;</msg>
<status status="PASS" starttime="20210723 23:29:43.961" endtime="20210723 23:29:44.187"/>
</kw>
<kw name="Click Element" library="SeleniumLibrary">
<arg>${ProductPageElementCarrito}</arg>
<doc>Click the element identified by ``locator``.</doc>
<msg timestamp="20210723 23:29:44.188" level="INFO">Clicking element 'xpath://span[normalize-space()='Add to cart']'.</msg>
<status status="PASS" starttime="20210723 23:29:44.188" endtime="20210723 23:29:44.276"/>
</kw>
<kw name="Unselect Frame" library="SeleniumLibrary">
<doc>Sets the main frame as the current frame.</doc>
<status status="PASS" starttime="20210723 23:29:44.276" endtime="20210723 23:29:44.279"/>
</kw>
<status status="PASS" starttime="20210723 23:29:39.727" endtime="20210723 23:29:44.280"/>
</kw>
<kw name="Continuar Con La Compra" library="ProductPage">
<kw name="Wait Until Page Contains Element" library="SeleniumLibrary">
<arg>${ProductPageElementFrameCompra}</arg>
<doc>Waits until the element ``locator`` appears on the current page.</doc>
<status status="PASS" starttime="20210723 23:29:44.280" endtime="20210723 23:29:44.294"/>
</kw>
<kw name="Sleep" library="BuiltIn">
<arg>3</arg>
<doc>Pauses the test executed for the given time.</doc>
<msg timestamp="20210723 23:29:47.295" level="INFO">Slept 3 seconds</msg>
<status status="PASS" starttime="20210723 23:29:44.294" endtime="20210723 23:29:47.295"/>
</kw>
<kw name="Click Element" library="SeleniumLibrary">
<arg>${ProductPageButtonContinuarCompra}</arg>
<doc>Click the element identified by ``locator``.</doc>
<msg timestamp="20210723 23:29:47.296" level="INFO">Clicking element '//span[@title='Continue shopping']//span[1]'.</msg>
<status status="PASS" starttime="20210723 23:29:47.295" endtime="20210723 23:29:47.344"/>
</kw>
<status status="PASS" starttime="20210723 23:29:44.280" endtime="20210723 23:29:47.345"/>
</kw>
<kw name="Validar Logo De Home Page" library="HomePage">
<kw name="Sleep" library="BuiltIn">
<arg>1</arg>
<doc>Pauses the test executed for the given time.</doc>
<msg timestamp="20210723 23:29:48.355" level="INFO">Slept 1 second</msg>
<status status="PASS" starttime="20210723 23:29:47.345" endtime="20210723 23:29:48.355"/>
</kw>
<kw name="Wait Until Page Contains Element" library="SeleniumLibrary">
<arg>${HomeElementLogo}</arg>
<doc>Waits until the element ``locator`` appears on the current page.</doc>
<status status="PASS" starttime="20210723 23:29:48.355" endtime="20210723 23:29:48.366"/>
</kw>
<kw name="Execute Javascript" library="SeleniumLibrary">
<arg>${HomePageScrollDown}</arg>
<doc>Executes the given JavaScript code with possible arguments.</doc>
<msg timestamp="20210723 23:29:48.367" level="INFO">Executing JavaScript:
window.scrollTo(0,700)
Without any arguments.</msg>
<status status="PASS" starttime="20210723 23:29:48.367" endtime="20210723 23:29:48.384"/>
</kw>
<status status="PASS" starttime="20210723 23:29:47.345" endtime="20210723 23:29:48.384"/>
</kw>
<kw name="Seleccionar Producto Vestido" library="HomePage">
<kw name="Sleep" library="BuiltIn">
<arg>2</arg>
<doc>Pauses the test executed for the given time.</doc>
<msg timestamp="20210723 23:29:50.385" level="INFO">Slept 2 seconds</msg>
<status status="PASS" starttime="20210723 23:29:48.385" endtime="20210723 23:29:50.385"/>
</kw>
<kw name="Mouse Over" library="SeleniumLibrary">
<arg>${HomePageMouseOverObject2}</arg>
<doc>Simulates hovering the mouse over the element ``locator``.</doc>
<msg timestamp="20210723 23:29:50.385" level="INFO">Simulating Mouse Over on element 'xpath://li[starts-with(@class, 'ajax_block_product col-xs-12 col-sm-4 col-md-3 first-in-line last-line first-item-of-mobile-line')]'.</msg>
<status status="PASS" starttime="20210723 23:29:50.385" endtime="20210723 23:29:50.663"/>
</kw>
<kw name="Sleep" library="BuiltIn">
<arg>3</arg>
<doc>Pauses the test executed for the given time.</doc>
<msg timestamp="20210723 23:29:53.676" level="INFO">Slept 3 seconds</msg>
<status status="PASS" starttime="20210723 23:29:50.663" endtime="20210723 23:29:53.676"/>
</kw>
<kw name="Click Element" library="SeleniumLibrary">
<arg>${HomePageElementObject2}</arg>
<doc>Click the element identified by ``locator``.</doc>
<msg timestamp="20210723 23:29:53.676" level="INFO">Clicking element 'xpath://li[starts-with(@class, 'ajax_block_product col-xs-12 col-sm-4 col-md-3 first-in-line last-line first-item-of-mobile-line')]//div[@class='product-container']//div[@class='left-block']//a[@class='quick-view']'.</msg>
<status status="PASS" starttime="20210723 23:29:53.676" endtime="20210723 23:29:53.765"/>
</kw>
<status status="PASS" starttime="20210723 23:29:48.384" endtime="20210723 23:29:53.765"/>
</kw>
<kw name="Seleccionar Talla y Color Vestido" library="ProductPage">
<kw name="Sleep" library="BuiltIn">
<arg>2</arg>
<doc>Pauses the test executed for the given time.</doc>
<msg timestamp="20210723 23:29:55.782" level="INFO">Slept 2 seconds</msg>
<status status="PASS" starttime="20210723 23:29:53.766" endtime="20210723 23:29:55.782"/>
</kw>
<kw name="Wait Until Page Contains Element" library="SeleniumLibrary">
<arg>${ProductPageFrame}</arg>
<doc>Waits until the element ``locator`` appears on the current page.</doc>
<status status="PASS" starttime="20210723 23:29:55.783" endtime="20210723 23:29:55.815"/>
</kw>
<kw name="Select Frame" library="SeleniumLibrary">
<arg>${ProductPageFrame}</arg>
<doc>Sets frame identified by ``locator`` as the current frame.</doc>
<msg timestamp="20210723 23:29:55.816" level="INFO">Selecting frame 'xpath://body/div/div/div/div/div/iframe[1]'.</msg>
<status status="PASS" starttime="20210723 23:29:55.815" endtime="20210723 23:29:55.846"/>
</kw>
<kw name="Evaluate" library="BuiltIn">
<var>${SelcolorVestido}</var>
<arg>random.choice(${colorvestido})</arg>
<arg>random</arg>
<doc>Evaluates the given expression in Python and returns the result.</doc>
<msg timestamp="20210723 23:29:55.846" level="INFO">${SelcolorVestido} = xpath://a[@id='color_16']</msg>
<status status="PASS" starttime="20210723 23:29:55.846" endtime="20210723 23:29:55.846"/>
</kw>
<kw name="Click Element" library="SeleniumLibrary">
<arg>${SelcolorVestido}</arg>
<doc>Click the element identified by ``locator``.</doc>
<msg timestamp="20210723 23:29:55.847" level="INFO">Clicking element 'xpath://a[@id='color_16']'.</msg>
<status status="PASS" starttime="20210723 23:29:55.847" endtime="20210723 23:29:55.962"/>
</kw>
<kw name="Click Element" library="SeleniumLibrary">
<arg>${ProductPageElementVestido}</arg>
<doc>Click the element identified by ``locator``.</doc>
<msg timestamp="20210723 23:29:55.962" level="INFO">Clicking element 'xpath://option[@title='S']'.</msg>
<status status="PASS" starttime="20210723 23:29:55.962" endtime="20210723 23:29:56.004"/>
</kw>
<kw name="Capture Page Screenshot" library="SeleniumLibrary">
<arg>${ProductPageScreenshotProducto2}</arg>
<doc>Takes a screenshot of the current page and embeds it into a log file.</doc>
<msg timestamp="20210723 23:29:56.232" level="INFO" html="true">&lt;/td&gt;&lt;/tr&gt;&lt;tr&gt;&lt;td colspan="3"&gt;&lt;a href="Evidencias/Producto-2.png"&gt;&lt;img src="Evidencias/Producto-2.png" width="800px"&gt;&lt;/a&gt;</msg>
<status status="PASS" starttime="20210723 23:29:56.004" endtime="20210723 23:29:56.232"/>
</kw>
<kw name="Click Element" library="SeleniumLibrary">
<arg>${ProductPageElementCarrito}</arg>
<doc>Click the element identified by ``locator``.</doc>
<msg timestamp="20210723 23:29:56.232" level="INFO">Clicking element 'xpath://span[normalize-space()='Add to cart']'.</msg>
<status status="PASS" starttime="20210723 23:29:56.232" endtime="20210723 23:29:56.305"/>
</kw>
<kw name="Unselect Frame" library="SeleniumLibrary">
<doc>Sets the main frame as the current frame.</doc>
<status status="PASS" starttime="20210723 23:29:56.306" endtime="20210723 23:29:56.310"/>
</kw>
<status status="PASS" starttime="20210723 23:29:53.766" endtime="20210723 23:29:56.310"/>
</kw>
<kw name="Ir a Carrito de Compras" library="ProductPage">
<kw name="Wait Until Page Contains Element" library="SeleniumLibrary">
<arg>${ProductPageElementFrameCompra}</arg>
<doc>Waits until the element ``locator`` appears on the current page.</doc>
<status status="PASS" starttime="20210723 23:29:56.310" endtime="20210723 23:29:56.319"/>
</kw>
<kw name="Sleep" library="BuiltIn">
<arg>3</arg>
<doc>Pauses the test executed for the given time.</doc>
<msg timestamp="20210723 23:29:59.333" level="INFO">Slept 3 seconds</msg>
<status status="PASS" starttime="20210723 23:29:56.320" endtime="20210723 23:29:59.334"/>
</kw>
<kw name="Click Element" library="SeleniumLibrary">
<arg>${ProductPageButtonCarritoCompra}</arg>
<doc>Click the element identified by ``locator``.</doc>
<msg timestamp="20210723 23:29:59.335" level="INFO">Clicking element 'xpath://span[normalize-space()='Proceed to checkout']'.</msg>
<status status="PASS" starttime="20210723 23:29:59.334" endtime="20210723 23:30:00.390"/>
</kw>
<status status="PASS" starttime="20210723 23:29:56.310" endtime="20210723 23:30:00.390"/>
</kw>
<kw name="Validar Productos" library="SummaryPage">
<kw name="Table Should Contain" library="SeleniumLibrary">
<arg>${SummaryPageTable}</arg>
<arg>${SummaryPageElementVal1}</arg>
<doc>Verifies table contains text ``expected``.</doc>
<status status="PASS" starttime="20210723 23:30:00.391" endtime="20210723 23:30:01.149"/>
</kw>
<kw name="Table Should Contain" library="SeleniumLibrary">
<arg>${SummaryPageTable}</arg>
<arg>${SummaryPageElementVal2}</arg>
<doc>Verifies table contains text ``expected``.</doc>
<status status="PASS" starttime="20210723 23:30:01.149" endtime="20210723 23:30:01.715"/>
</kw>
<status status="PASS" starttime="20210723 23:30:00.391" endtime="20210723 23:30:01.715"/>
</kw>
<kw name="Validar Datos Footer" library="SummaryPage">
<kw name="Get Text" library="SeleniumLibrary">
<var>${data}</var>
<arg>${SummaryPageTableVal1}</arg>
<doc>Returns the text value of the element identified by ``locator``.</doc>
<msg timestamp="20210723 23:30:01.737" level="INFO">${data} = Total shipping</msg>
<status status="PASS" starttime="20210723 23:30:01.716" endtime="20210723 23:30:01.737"/>
</kw>
<kw name="Log To Console" library="BuiltIn">
<arg>${data}</arg>
<doc>Logs the given message to the console.</doc>
<status status="PASS" starttime="20210723 23:30:01.738" endtime="20210723 23:30:01.738"/>
</kw>
<kw name="Table Footer Should Contain" library="SeleniumLibrary">
<arg>${SummaryPageTable}</arg>
<arg>${SummaryPageElementVal3}</arg>
<doc>Verifies table footer contains text ``expected``.</doc>
<status status="PASS" starttime="20210723 23:30:01.738" endtime="20210723 23:30:01.825"/>
</kw>
<kw name="Table Footer Should Contain" library="SeleniumLibrary">
<arg>${SummaryPageTable}</arg>
<arg>${SummaryPageElementVal4}</arg>
<doc>Verifies table footer contains text ``expected``.</doc>
<status status="PASS" starttime="20210723 23:30:01.825" endtime="20210723 23:30:01.920"/>
</kw>
<kw name="Capture Page Screenshot" library="SeleniumLibrary">
<arg>${SummaryPageScreenshotCarrito}</arg>
<doc>Takes a screenshot of the current page and embeds it into a log file.</doc>
<msg timestamp="20210723 23:30:02.073" level="INFO" html="true">&lt;/td&gt;&lt;/tr&gt;&lt;tr&gt;&lt;td colspan="3"&gt;&lt;a href="Evidencias/Productos-Carrito.png"&gt;&lt;img src="Evidencias/Productos-Carrito.png" width="800px"&gt;&lt;/a&gt;</msg>
<status status="PASS" starttime="20210723 23:30:01.921" endtime="20210723 23:30:02.073"/>
</kw>
<status status="PASS" starttime="20210723 23:30:01.715" endtime="20210723 23:30:02.074"/>
</kw>
<kw name="Validar Boton Checkout" library="SummaryPage">
<kw name="Click Element" library="SeleniumLibrary">
<arg>${SummaryPageButton}</arg>
<doc>Click the element identified by ``locator``.</doc>
<msg timestamp="20210723 23:30:02.074" level="INFO">Clicking element 'xpath://a[@class='button btn btn-default standard-checkout button-medium']//span[contains(text(),'Proceed to checkout')]'.</msg>
<status status="PASS" starttime="20210723 23:30:02.074" endtime="20210723 23:30:03.655"/>
</kw>
<status status="PASS" starttime="20210723 23:30:02.074" endtime="20210723 23:30:03.655"/>
</kw>
<kw name="Ingresar Credenciales y Acceder Con Usuario Creado" library="SignInPage">
<arg>${email}</arg>
<arg>${pass}</arg>
<kw name="Input Text" library="SeleniumLibrary">
<arg>${HomePageInputEmail}</arg>
<arg>${email}</arg>
<doc>Types the given ``text`` into the text field identified by ``locator``.</doc>
<msg timestamp="20210723 23:30:03.656" level="INFO">Typing text 'prueba26@prueba27.com' into text field 'xpath://input[@name='email']'.</msg>
<status status="PASS" starttime="20210723 23:30:03.655" endtime="20210723 23:30:03.777"/>
</kw>
<kw name="Input Text" library="SeleniumLibrary">
<arg>${HomePageInputPass}</arg>
<arg>${pass}</arg>
<doc>Types the given ``text`` into the text field identified by ``locator``.</doc>
<msg timestamp="20210723 23:30:03.778" level="INFO">Typing text '123456' into text field 'xpath://input[@name='passwd']'.</msg>
<status status="PASS" starttime="20210723 23:30:03.778" endtime="20210723 23:30:03.878"/>
</kw>
<kw name="Click Element" library="SeleniumLibrary">
<arg>${HomePageButtonSignIn}</arg>
<doc>Click the element identified by ``locator``.</doc>
<msg timestamp="20210723 23:30:03.879" level="INFO">Clicking element 'xpath://span[normalize-space()='Sign in']'.</msg>
<status status="PASS" starttime="20210723 23:30:03.879" endtime="20210723 23:30:05.393"/>
</kw>
<status status="PASS" starttime="20210723 23:30:03.655" endtime="20210723 23:30:05.393"/>
</kw>
<kw name="Validar Vista Addresses" library="AddressPage">
<kw name="Sleep" library="BuiltIn">
<arg>2</arg>
<doc>Pauses the test executed for the given time.</doc>
<msg timestamp="20210723 23:30:07.406" level="INFO">Slept 2 seconds</msg>
<status status="PASS" starttime="20210723 23:30:05.394" endtime="20210723 23:30:07.406"/>
</kw>
<kw name="Page Should Contain" library="SeleniumLibrary">
<arg>${AddressPageElementVal1}</arg>
<doc>Verifies that current page contains ``text``.</doc>
<msg timestamp="20210723 23:30:07.422" level="INFO">Current page contains text 'Addresses'.</msg>
<status status="PASS" starttime="20210723 23:30:07.406" endtime="20210723 23:30:07.422"/>
</kw>
<kw name="Capture Page Screenshot" library="SeleniumLibrary">
<arg>${AddressPageScreenshotResumen}</arg>
<doc>Takes a screenshot of the current page and embeds it into a log file.</doc>
<msg timestamp="20210723 23:30:07.573" level="INFO" html="true">&lt;/td&gt;&lt;/tr&gt;&lt;tr&gt;&lt;td colspan="3"&gt;&lt;a href="Evidencias/Address-Summary-1.png"&gt;&lt;img src="Evidencias/Address-Summary-1.png" width="800px"&gt;&lt;/a&gt;</msg>
<status status="PASS" starttime="20210723 23:30:07.422" endtime="20210723 23:30:07.573"/>
</kw>
<status status="PASS" starttime="20210723 23:30:05.393" endtime="20210723 23:30:07.573"/>
</kw>
<kw name="Validar Boton ProceedToCheckout" library="AddressPage">
<kw name="Click Element" library="SeleniumLibrary">
<arg>${AddressPageButtonProceed}</arg>
<doc>Click the element identified by ``locator``.</doc>
<msg timestamp="20210723 23:30:07.574" level="INFO">Clicking element 'xpath://button[@name='processAddress']//span[contains(text(),'Proceed to checkout')]'.</msg>
<status status="PASS" starttime="20210723 23:30:07.574" endtime="20210723 23:30:08.816"/>
</kw>
<status status="PASS" starttime="20210723 23:30:07.573" endtime="20210723 23:30:08.817"/>
</kw>
<kw name="Validar Vista Shipping" library="ShippingPage">
<kw name="Sleep" library="BuiltIn">
<arg>2</arg>
<doc>Pauses the test executed for the given time.</doc>
<msg timestamp="20210723 23:30:10.819" level="INFO">Slept 2 seconds</msg>
<status status="PASS" starttime="20210723 23:30:08.817" endtime="20210723 23:30:10.819"/>
</kw>
<kw name="Page Should Contain" library="SeleniumLibrary">
<arg>${ShippingPageElementVal1}</arg>
<doc>Verifies that current page contains ``text``.</doc>
<msg timestamp="20210723 23:30:10.836" level="INFO">Current page contains text 'Shipping'.</msg>
<status status="PASS" starttime="20210723 23:30:10.819" endtime="20210723 23:30:10.836"/>
</kw>
<status status="PASS" starttime="20210723 23:30:08.817" endtime="20210723 23:30:10.836"/>
</kw>
<kw name="Validar Check IAgree" library="ShippingPage">
<kw name="Click Element" library="SeleniumLibrary">
<arg>${ShippingPageCheckIAgree}</arg>
<doc>Click the element identified by ``locator``.</doc>
<msg timestamp="20210723 23:30:10.837" level="INFO">Clicking element 'xpath://input[@name='cgv']'.</msg>
<status status="PASS" starttime="20210723 23:30:10.837" endtime="20210723 23:30:10.895"/>
</kw>
<kw name="Capture Page Screenshot" library="SeleniumLibrary">
<arg>${ShippingPageScreenshotShippingSummary}</arg>
<doc>Takes a screenshot of the current page and embeds it into a log file.</doc>
<msg timestamp="20210723 23:30:11.052" level="INFO" html="true">&lt;/td&gt;&lt;/tr&gt;&lt;tr&gt;&lt;td colspan="3"&gt;&lt;a href="Evidencias/Resumen-Env%C3%ADo-1.png"&gt;&lt;img src="Evidencias/Resumen-Env%C3%ADo-1.png" width="800px"&gt;&lt;/a&gt;</msg>
<status status="PASS" starttime="20210723 23:30:10.895" endtime="20210723 23:30:11.053"/>
</kw>
<status status="PASS" starttime="20210723 23:30:10.836" endtime="20210723 23:30:11.053"/>
</kw>
<kw name="Validar Botón ProcedToCheckOut" library="ShippingPage">
<kw name="Click Element" library="SeleniumLibrary">
<arg>${ShippingPageButtonProceed}</arg>
<doc>Click the element identified by ``locator``.</doc>
<msg timestamp="20210723 23:30:11.053" level="INFO">Clicking element 'xpath://button[@name='processCarrier']//span[contains(text(),'Proceed to checkout')]'.</msg>
<status status="PASS" starttime="20210723 23:30:11.053" endtime="20210723 23:30:12.246"/>
</kw>
<status status="PASS" starttime="20210723 23:30:11.053" endtime="20210723 23:30:12.246"/>
</kw>
<kw name="Validar Vista Pago" library="PaymentPage">
<kw name="Sleep" library="BuiltIn">
<arg>2</arg>
<doc>Pauses the test executed for the given time.</doc>
<msg timestamp="20210723 23:30:14.249" level="INFO">Slept 2 seconds</msg>
<status status="PASS" starttime="20210723 23:30:12.246" endtime="20210723 23:30:14.249"/>
</kw>
<kw name="Page Should Contain" library="SeleniumLibrary">
<arg>${PaymentPageElementVal1}</arg>
<doc>Verifies that current page contains ``text``.</doc>
<msg timestamp="20210723 23:30:14.266" level="INFO">Current page contains text 'Please choose your payment method'.</msg>
<status status="PASS" starttime="20210723 23:30:14.250" endtime="20210723 23:30:14.266"/>
</kw>
<status status="PASS" starttime="20210723 23:30:12.246" endtime="20210723 23:30:14.266"/>
</kw>
<kw name="Validar Datos Tabla" library="PaymentPage">
<kw name="Sleep" library="BuiltIn">
<arg>2</arg>
<doc>Pauses the test executed for the given time.</doc>
<msg timestamp="20210723 23:30:16.277" level="INFO">Slept 2 seconds</msg>
<status status="PASS" starttime="20210723 23:30:14.267" endtime="20210723 23:30:16.277"/>
</kw>
<kw name="Table Footer Should Contain" library="SeleniumLibrary">
<arg>${SummaryPageTable}</arg>
<arg>${SummaryPageElementVal3}</arg>
<doc>Verifies table footer contains text ``expected``.</doc>
<status status="PASS" starttime="20210723 23:30:16.278" endtime="20210723 23:30:16.375"/>
</kw>
<kw name="Table Footer Should Contain" library="SeleniumLibrary">
<arg>${SummaryPageTable}</arg>
<arg>${SummaryPageElementVal4}</arg>
<doc>Verifies table footer contains text ``expected``.</doc>
<status status="PASS" starttime="20210723 23:30:16.375" endtime="20210723 23:30:16.465"/>
</kw>
<kw name="Capture Page Screenshot" library="SeleniumLibrary">
<arg>${PaymentPageScreenshotTotalPago}</arg>
<doc>Takes a screenshot of the current page and embeds it into a log file.</doc>
<msg timestamp="20210723 23:30:16.620" level="INFO" html="true">&lt;/td&gt;&lt;/tr&gt;&lt;tr&gt;&lt;td colspan="3"&gt;&lt;a href="Evidencias/Resumen-Total-Pago-1.png"&gt;&lt;img src="Evidencias/Resumen-Total-Pago-1.png" width="800px"&gt;&lt;/a&gt;</msg>
<status status="PASS" starttime="20210723 23:30:16.465" endtime="20210723 23:30:16.621"/>
</kw>
<status status="PASS" starttime="20210723 23:30:14.266" endtime="20210723 23:30:16.621"/>
</kw>
<kw name="Validar Botón Pago Tarjeta Bancaria" library="PaymentPage">
<kw name="Click Element" library="SeleniumLibrary">
<arg>${PaymentPageButtonCreditCard}</arg>
<doc>Click the element identified by ``locator``.</doc>
<msg timestamp="20210723 23:30:16.621" level="INFO">Clicking element 'xpath://a[@title='Pay by bank wire']'.</msg>
<status status="PASS" starttime="20210723 23:30:16.621" endtime="20210723 23:30:17.865"/>
</kw>
<status status="PASS" starttime="20210723 23:30:16.621" endtime="20210723 23:30:17.865"/>
</kw>
<kw name="Validar Vista Resumen de Orden" library="PaymentPage">
<kw name="Sleep" library="BuiltIn">
<arg>2</arg>
<doc>Pauses the test executed for the given time.</doc>
<msg timestamp="20210723 23:30:19.875" level="INFO">Slept 2 seconds</msg>
<status status="PASS" starttime="20210723 23:30:17.866" endtime="20210723 23:30:19.875"/>
</kw>
<kw name="Page Should Contain" library="SeleniumLibrary">
<arg>${PaymentPageElementVal2}</arg>
<doc>Verifies that current page contains ``text``.</doc>
<msg timestamp="20210723 23:30:19.892" level="INFO">Current page contains text 'Order summary'.</msg>
<status status="PASS" starttime="20210723 23:30:19.876" endtime="20210723 23:30:19.892"/>
</kw>
<kw name="Capture Page Screenshot" library="SeleniumLibrary">
<arg>${PaymentPageScreenshotOrderSummary}</arg>
<doc>Takes a screenshot of the current page and embeds it into a log file.</doc>
<msg timestamp="20210723 23:30:20.041" level="INFO" html="true">&lt;/td&gt;&lt;/tr&gt;&lt;tr&gt;&lt;td colspan="3"&gt;&lt;a href="Evidencias/Resumen-De-Orden-1.png"&gt;&lt;img src="Evidencias/Resumen-De-Orden-1.png" width="800px"&gt;&lt;/a&gt;</msg>
<status status="PASS" starttime="20210723 23:30:19.892" endtime="20210723 23:30:20.041"/>
</kw>
<status status="PASS" starttime="20210723 23:30:17.866" endtime="20210723 23:30:20.041"/>
</kw>
<kw name="Validar Botón Confirmar Orden" library="PaymentPage">
<kw name="Click Element" library="SeleniumLibrary">
<arg>${PaymentPageButtonConfirmOrder}</arg>
<doc>Click the element identified by ``locator``.</doc>
<msg timestamp="20210723 23:30:20.042" level="INFO">Clicking element 'xpath://span[normalize-space()='I confirm my order']'.</msg>
<status status="PASS" starttime="20210723 23:30:20.041" endtime="20210723 23:30:22.398"/>
</kw>
<status status="PASS" starttime="20210723 23:30:20.041" endtime="20210723 23:30:22.399"/>
</kw>
<kw name="Validar Vista Confirmación de Orden" library="PaymentPage">
<kw name="Sleep" library="BuiltIn">
<arg>2</arg>
<doc>Pauses the test executed for the given time.</doc>
<msg timestamp="20210723 23:30:24.412" level="INFO">Slept 2 seconds</msg>
<status status="PASS" starttime="20210723 23:30:22.399" endtime="20210723 23:30:24.412"/>
</kw>
<kw name="Page Should Contain" library="SeleniumLibrary">
<arg>${PaymentPageElementVal3}</arg>
<doc>Verifies that current page contains ``text``.</doc>
<msg timestamp="20210723 23:30:24.429" level="INFO">Current page contains text 'Order confirmation'.</msg>
<status status="PASS" starttime="20210723 23:30:24.412" endtime="20210723 23:30:24.429"/>
</kw>
<kw name="Capture Page Screenshot" library="SeleniumLibrary">
<arg>${PaymentPageScreenshotOrderConfirmation}</arg>
<doc>Takes a screenshot of the current page and embeds it into a log file.</doc>
<msg timestamp="20210723 23:30:24.574" level="INFO" html="true">&lt;/td&gt;&lt;/tr&gt;&lt;tr&gt;&lt;td colspan="3"&gt;&lt;a href="Evidencias/Confirmaci%C3%B3n-De-Orden-1.png"&gt;&lt;img src="Evidencias/Confirmaci%C3%B3n-De-Orden-1.png" width="800px"&gt;&lt;/a&gt;</msg>
<status status="PASS" starttime="20210723 23:30:24.429" endtime="20210723 23:30:24.574"/>
</kw>
<status status="PASS" starttime="20210723 23:30:22.399" endtime="20210723 23:30:24.575"/>
</kw>
<kw name="Volver a Vista Home" library="CommonFuncSitioDesafio">
<kw name="Click Element" library="SeleniumLibrary">
<arg>${HomeElementLogo}</arg>
<doc>Click the element identified by ``locator``.</doc>
<msg timestamp="20210723 23:30:24.575" level="INFO">Clicking element 'xpath://img[@alt='My Store']'.</msg>
<status status="PASS" starttime="20210723 23:30:24.575" endtime="20210723 23:30:26.861"/>
</kw>
<kw name="Sleep" library="BuiltIn">
<arg>2</arg>
<doc>Pauses the test executed for the given time.</doc>
<msg timestamp="20210723 23:30:28.872" level="INFO">Slept 2 seconds</msg>
<status status="PASS" starttime="20210723 23:30:26.861" endtime="20210723 23:30:28.872"/>
</kw>
<status status="PASS" starttime="20210723 23:30:24.575" endtime="20210723 23:30:28.872"/>
</kw>
<kw name="Seleccionar Cuenta de Usuario y Acceder a Historial de Pedidos" library="HomePage">
<kw name="Click Element" library="SeleniumLibrary">
<arg>${HomePageElementAccount}</arg>
<doc>Click the element identified by ``locator``.</doc>
<msg timestamp="20210723 23:30:28.873" level="INFO">Clicking element 'xpath://a[@title='View my customer account']'.</msg>
<status status="PASS" starttime="20210723 23:30:28.873" endtime="20210723 23:30:29.680"/>
</kw>
<kw name="Click Element" library="SeleniumLibrary">
<arg>${HomePageElementOrderHistory}</arg>
<doc>Click the element identified by ``locator``.</doc>
<msg timestamp="20210723 23:30:29.680" level="INFO">Clicking element 'xpath://span[normalize-space()='Order history and details']'.</msg>
<status status="PASS" starttime="20210723 23:30:29.680" endtime="20210723 23:30:31.210"/>
</kw>
<kw name="Sleep" library="BuiltIn">
<arg>2</arg>
<doc>Pauses the test executed for the given time.</doc>
<msg timestamp="20210723 23:30:33.222" level="INFO">Slept 2 seconds</msg>
<status status="PASS" starttime="20210723 23:30:31.210" endtime="20210723 23:30:33.222"/>
</kw>
<kw name="Table Cell Should Contain" library="SeleniumLibrary">
<arg>${HomePageTable}</arg>
<arg>2</arg>
<arg>5</arg>
<arg>On backorder</arg>
<doc>Verifies table cell contains text ``expected``.</doc>
<msg timestamp="20210723 23:30:33.286" level="INFO">Table cell contains 'On backorder'.</msg>
<status status="PASS" starttime="20210723 23:30:33.223" endtime="20210723 23:30:33.287"/>
</kw>
<kw name="Capture Page Screenshot" library="SeleniumLibrary">
<arg>${HomePageScreenshotHistorial}</arg>
<doc>Takes a screenshot of the current page and embeds it into a log file.</doc>
<msg timestamp="20210723 23:30:33.436" level="INFO" html="true">&lt;/td&gt;&lt;/tr&gt;&lt;tr&gt;&lt;td colspan="3"&gt;&lt;a href="Evidencias/Historial-Productos-1.png"&gt;&lt;img src="Evidencias/Historial-Productos-1.png" width="800px"&gt;&lt;/a&gt;</msg>
<status status="PASS" starttime="20210723 23:30:33.287" endtime="20210723 23:30:33.436"/>
</kw>
<kw name="Click Element" library="SeleniumLibrary">
<arg>${HomePageElementPDF}</arg>
<doc>Click the element identified by ``locator``.</doc>
<msg timestamp="20210723 23:30:33.437" level="INFO">Clicking element 'xpath://a[normalize-space()='PDF']'.</msg>
<status status="PASS" starttime="20210723 23:30:33.436" endtime="20210723 23:30:33.520"/>
</kw>
<kw name="Sleep" library="BuiltIn">
<arg>2</arg>
<doc>Pauses the test executed for the given time.</doc>
<msg timestamp="20210723 23:30:35.528" level="INFO">Slept 2 seconds</msg>
<status status="PASS" starttime="20210723 23:30:33.521" endtime="20210723 23:30:35.528"/>
</kw>
<status status="PASS" starttime="20210723 23:30:28.872" endtime="20210723 23:30:35.529"/>
</kw>
<kw name="Salir de Sesión de Usuario" library="HomePage">
<kw name="Click Element" library="SeleniumLibrary">
<arg>${HomePageElementLogOut}</arg>
<doc>Click the element identified by ``locator``.</doc>
<msg timestamp="20210723 23:30:35.530" level="INFO">Clicking element 'xpath://a[@title='Log me out']'.</msg>
<status status="PASS" starttime="20210723 23:30:35.530" endtime="20210723 23:30:38.460"/>
</kw>
<status status="PASS" starttime="20210723 23:30:35.529" endtime="20210723 23:30:38.460"/>
</kw>
<kw name="Volver a Vista Home" library="CommonFuncSitioDesafio">
<kw name="Click Element" library="SeleniumLibrary">
<arg>${HomeElementLogo}</arg>
<doc>Click the element identified by ``locator``.</doc>
<msg timestamp="20210723 23:30:38.461" level="INFO">Clicking element 'xpath://img[@alt='My Store']'.</msg>
<status status="PASS" starttime="20210723 23:30:38.461" endtime="20210723 23:30:40.781"/>
</kw>
<kw name="Sleep" library="BuiltIn">
<arg>2</arg>
<doc>Pauses the test executed for the given time.</doc>
<msg timestamp="20210723 23:30:42.785" level="INFO">Slept 2 seconds</msg>
<status status="PASS" starttime="20210723 23:30:40.782" endtime="20210723 23:30:42.785"/>
</kw>
<status status="PASS" starttime="20210723 23:30:38.460" endtime="20210723 23:30:42.785"/>
</kw>
<status status="PASS" starttime="20210723 23:28:53.836" endtime="20210723 23:30:42.786"/>
</kw>
<status status="PASS" starttime="20210723 23:28:53.835" endtime="20210723 23:30:42.786"/>
</kw>
<status status="PASS" starttime="20210723 23:28:53.834" endtime="20210723 23:30:42.786"/>
</test>
<test id="s1-t2" name="Escenario de Prueba Para Usuario prueba28@prueba29.com con contraseña 654321">
<kw name="Test Template">
<arg>prueba28@prueba29.com</arg>
<arg>Patrick</arg>
<arg>H. Baker</arg>
<arg>654321</arg>
<arg>6</arg>
<arg>4</arg>
<arg>1956</arg>
<arg>Big Wheel</arg>
<arg>San Antonio, 78231</arg>
<arg>2007 Cinnamon Lane</arg>
<arg>TX</arg>
<arg>7</arg>
<arg>14532</arg>
<arg>21</arg>
<arg>Prueba 12</arg>
<arg>56265123614</arg>
<arg>56912345678</arg>
<arg>Home</arg>
<kw name="Test Scenario 1">
<arg>${email}</arg>
<arg>${Fname}</arg>
<arg>${Lname}</arg>
<arg>${pass}</arg>
<arg>${day}</arg>
<arg>${month}</arg>
<arg>${year}</arg>
<arg>${company}</arg>
<arg>${address1}</arg>
<arg>${address2}</arg>
<arg>${city}</arg>
<arg>${state}</arg>
<arg>${postcode}</arg>
<arg>${country}</arg>
<arg>${other}</arg>
<arg>${phone}</arg>
<arg>${phoneM}</arg>
<arg>${alias}</arg>
<doc>Este escenario valida la funcionalidad "Realizar login con TDD"</doc>
<kw name="Seleccionar Producto Blusa Negra" library="HomePage">
<kw name="Mouse Over" library="SeleniumLibrary">
<arg>${HomePageMouseOverObject1}</arg>
<doc>Simulates hovering the mouse over the element ``locator``.</doc>
<msg timestamp="20210723 23:30:42.789" level="INFO">Simulating Mouse Over on element 'xpath://li[starts-with(@class, 'ajax_block_product col-xs-12 col-sm-4 col-md-3 last-item-of-mobile-line')]'.</msg>
<status status="PASS" starttime="20210723 23:30:42.789" endtime="20210723 23:30:43.079"/>
</kw>
<kw name="Sleep" library="BuiltIn">
<arg>2</arg>
<doc>Pauses the test executed for the given time.</doc>
<msg timestamp="20210723 23:30:45.091" level="INFO">Slept 2 seconds</msg>
<status status="PASS" starttime="20210723 23:30:43.079" endtime="20210723 23:30:45.091"/>
</kw>
<kw name="Click Element" library="SeleniumLibrary">
<arg>${HomePageElementObject1}</arg>
<doc>Click the element identified by ``locator``.</doc>
<msg timestamp="20210723 23:30:45.092" level="INFO">Clicking element 'xpath://li[starts-with(@class, 'ajax_block_product col-xs-12 col-sm-4 col-md-3 last-item-of-mobile-line')]//div[@class='product-container']//div[@class='left-block']//a[@class='quick-view']'.</msg>
<status status="PASS" starttime="20210723 23:30:45.092" endtime="20210723 23:30:45.198"/>
</kw>
<status status="PASS" starttime="20210723 23:30:42.789" endtime="20210723 23:30:45.198"/>
</kw>
<kw name="Seleccionar Talla y Color Blusa" library="ProductPage">
<kw name="Sleep" library="BuiltIn">
<arg>2</arg>
<doc>Pauses the test executed for the given time.</doc>
<msg timestamp="20210723 23:30:47.199" level="INFO">Slept 2 seconds</msg>
<status status="PASS" starttime="20210723 23:30:45.199" endtime="20210723 23:30:47.199"/>
</kw>
<kw name="Wait Until Page Contains Element" library="SeleniumLibrary">
<arg>${ProductPageFrame}</arg>
<doc>Waits until the element ``locator`` appears on the current page.</doc>
<status status="PASS" starttime="20210723 23:30:47.199" endtime="20210723 23:30:47.212"/>
</kw>
<kw name="Select Frame" library="SeleniumLibrary">
<arg>${ProductPageFrame}</arg>
<doc>Sets frame identified by ``locator`` as the current frame.</doc>
<msg timestamp="20210723 23:30:47.213" level="INFO">Selecting frame 'xpath://body/div/div/div/div/div/iframe[1]'.</msg>
<status status="PASS" starttime="20210723 23:30:47.213" endtime="20210723 23:30:47.242"/>
</kw>
<kw name="Evaluate" library="BuiltIn">
<var>${SelcolorBlusa}</var>
<arg>random.choice(${colorblusa})</arg>
<arg>random</arg>
<doc>Evaluates the given expression in Python and returns the result.</doc>
<msg timestamp="20210723 23:30:47.242" level="INFO">${SelcolorBlusa} = xpath://a[@id='color_11']</msg>
<status status="PASS" starttime="20210723 23:30:47.242" endtime="20210723 23:30:47.243"/>
</kw>
<kw name="Click Element" library="SeleniumLibrary">
<arg>${SelcolorBlusa}</arg>
<doc>Click the element identified by ``locator``.</doc>
<msg timestamp="20210723 23:30:47.243" level="INFO">Clicking element 'xpath://a[@id='color_11']'.</msg>
<status status="PASS" starttime="20210723 23:30:47.243" endtime="20210723 23:30:47.363"/>
</kw>
<kw name="Sleep" library="BuiltIn">
<arg>2</arg>
<doc>Pauses the test executed for the given time.</doc>
<msg timestamp="20210723 23:30:49.366" level="INFO">Slept 2 seconds</msg>
<status status="PASS" starttime="20210723 23:30:47.363" endtime="20210723 23:30:49.367"/>
</kw>
<kw name="Click Element" library="SeleniumLibrary">
<arg>${ProductPageElementBlusa}</arg>
<doc>Click the element identified by ``locator``.</doc>
<msg timestamp="20210723 23:30:49.368" level="INFO">Clicking element 'xpath://option[@title='L']'.</msg>
<status status="PASS" starttime="20210723 23:30:49.367" endtime="20210723 23:30:49.446"/>
</kw>
<kw name="Capture Page Screenshot" library="SeleniumLibrary">
<arg>${ProductPageScreenshotProducto1}</arg>
<doc>Takes a screenshot of the current page and embeds it into a log file.</doc>
<msg timestamp="20210723 23:30:49.663" level="INFO" html="true">&lt;/td&gt;&lt;/tr&gt;&lt;tr&gt;&lt;td colspan="3"&gt;&lt;a href="Evidencias/Producto-1.png"&gt;&lt;img src="Evidencias/Producto-1.png" width="800px"&gt;&lt;/a&gt;</msg>
<status status="PASS" starttime="20210723 23:30:49.447" endtime="20210723 23:30:49.663"/>
</kw>
<kw name="Click Element" library="SeleniumLibrary">
<arg>${ProductPageElementCarrito}</arg>
<doc>Click the element identified by ``locator``.</doc>
<msg timestamp="20210723 23:30:49.664" level="INFO">Clicking element 'xpath://span[normalize-space()='Add to cart']'.</msg>
<status status="PASS" starttime="20210723 23:30:49.663" endtime="20210723 23:30:49.751"/>
</kw>
<kw name="Unselect Frame" library="SeleniumLibrary">
<doc>Sets the main frame as the current frame.</doc>
<status status="PASS" starttime="20210723 23:30:49.752" endtime="20210723 23:30:49.757"/>
</kw>
<status status="PASS" starttime="20210723 23:30:45.198" endtime="20210723 23:30:49.757"/>
</kw>
<kw name="Continuar Con La Compra" library="ProductPage">
<kw name="Wait Until Page Contains Element" library="SeleniumLibrary">
<arg>${ProductPageElementFrameCompra}</arg>
<doc>Waits until the element ``locator`` appears on the current page.</doc>
<status status="PASS" starttime="20210723 23:30:49.758" endtime="20210723 23:30:49.770"/>
</kw>
<kw name="Sleep" library="BuiltIn">
<arg>3</arg>
<doc>Pauses the test executed for the given time.</doc>
<msg timestamp="20210723 23:30:52.778" level="INFO">Slept 3 seconds</msg>
<status status="PASS" starttime="20210723 23:30:49.770" endtime="20210723 23:30:52.778"/>
</kw>
<kw name="Click Element" library="SeleniumLibrary">
<arg>${ProductPageButtonContinuarCompra}</arg>
<doc>Click the element identified by ``locator``.</doc>
<msg timestamp="20210723 23:30:52.779" level="INFO">Clicking element '//span[@title='Continue shopping']//span[1]'.</msg>
<status status="PASS" starttime="20210723 23:30:52.778" endtime="20210723 23:30:52.829"/>
</kw>
<status status="PASS" starttime="20210723 23:30:49.757" endtime="20210723 23:30:52.829"/>
</kw>
<kw name="Validar Logo De Home Page" library="HomePage">
<kw name="Sleep" library="BuiltIn">
<arg>1</arg>
<doc>Pauses the test executed for the given time.</doc>
<msg timestamp="20210723 23:30:53.838" level="INFO">Slept 1 second</msg>
<status status="PASS" starttime="20210723 23:30:52.830" endtime="20210723 23:30:53.838"/>
</kw>
<kw name="Wait Until Page Contains Element" library="SeleniumLibrary">
<arg>${HomeElementLogo}</arg>
<doc>Waits until the element ``locator`` appears on the current page.</doc>
<status status="PASS" starttime="20210723 23:30:53.839" endtime="20210723 23:30:53.851"/>
</kw>
<kw name="Execute Javascript" library="SeleniumLibrary">
<arg>${HomePageScrollDown}</arg>
<doc>Executes the given JavaScript code with possible arguments.</doc>
<msg timestamp="20210723 23:30:53.851" level="INFO">Executing JavaScript:
window.scrollTo(0,700)
Without any arguments.</msg>
<status status="PASS" starttime="20210723 23:30:53.851" endtime="20210723 23:30:53.868"/>
</kw>
<status status="PASS" starttime="20210723 23:30:52.829" endtime="20210723 23:30:53.868"/>
</kw>
<kw name="Seleccionar Producto Vestido" library="HomePage">
<kw name="Sleep" library="BuiltIn">
<arg>2</arg>
<doc>Pauses the test executed for the given time.</doc>
<msg timestamp="20210723 23:30:55.883" level="INFO">Slept 2 seconds</msg>
<status status="PASS" starttime="20210723 23:30:53.868" endtime="20210723 23:30:55.883"/>
</kw>
<kw name="Mouse Over" library="SeleniumLibrary">
<arg>${HomePageMouseOverObject2}</arg>
<doc>Simulates hovering the mouse over the element ``locator``.</doc>
<msg timestamp="20210723 23:30:55.884" level="INFO">Simulating Mouse Over on element 'xpath://li[starts-with(@class, 'ajax_block_product col-xs-12 col-sm-4 col-md-3 first-in-line last-line first-item-of-mobile-line')]'.</msg>
<status status="PASS" starttime="20210723 23:30:55.884" endtime="20210723 23:30:56.164"/>
</kw>
<kw name="Sleep" library="BuiltIn">
<arg>3</arg>
<doc>Pauses the test executed for the given time.</doc>
<msg timestamp="20210723 23:30:59.175" level="INFO">Slept 3 seconds</msg>
<status status="PASS" starttime="20210723 23:30:56.165" endtime="20210723 23:30:59.175"/>
</kw>
<kw name="Click Element" library="SeleniumLibrary">
<arg>${HomePageElementObject2}</arg>
<doc>Click the element identified by ``locator``.</doc>
<msg timestamp="20210723 23:30:59.176" level="INFO">Clicking element 'xpath://li[starts-with(@class, 'ajax_block_product col-xs-12 col-sm-4 col-md-3 first-in-line last-line first-item-of-mobile-line')]//div[@class='product-container']//div[@class='left-block']//a[@class='quick-view']'.</msg>
<status status="PASS" starttime="20210723 23:30:59.175" endtime="20210723 23:30:59.265"/>
</kw>
<status status="PASS" starttime="20210723 23:30:53.868" endtime="20210723 23:30:59.265"/>
</kw>
<kw name="Seleccionar Talla y Color Vestido" library="ProductPage">
<kw name="Sleep" library="BuiltIn">
<arg>2</arg>
<doc>Pauses the test executed for the given time.</doc>
<msg timestamp="20210723 23:31:01.280" level="INFO">Slept 2 seconds</msg>
<status status="PASS" starttime="20210723 23:30:59.266" endtime="20210723 23:31:01.280"/>
</kw>
<kw name="Wait Until Page Contains Element" library="SeleniumLibrary">
<arg>${ProductPageFrame}</arg>
<doc>Waits until the element ``locator`` appears on the current page.</doc>
<status status="PASS" starttime="20210723 23:31:01.281" endtime="20210723 23:31:01.291"/>
</kw>
<kw name="Select Frame" library="SeleniumLibrary">
<arg>${ProductPageFrame}</arg>
<doc>Sets frame identified by ``locator`` as the current frame.</doc>
<msg timestamp="20210723 23:31:01.292" level="INFO">Selecting frame 'xpath://body/div/div/div/div/div/iframe[1]'.</msg>
<status status="PASS" starttime="20210723 23:31:01.291" endtime="20210723 23:31:01.321"/>
</kw>
<kw name="Evaluate" library="BuiltIn">
<var>${SelcolorVestido}</var>
<arg>random.choice(${colorvestido})</arg>
<arg>random</arg>
<doc>Evaluates the given expression in Python and returns the result.</doc>
<msg timestamp="20210723 23:31:01.322" level="INFO">${SelcolorVestido} = xpath://a[@id='color_11']</msg>
<status status="PASS" starttime="20210723 23:31:01.321" endtime="20210723 23:31:01.322"/>
</kw>
<kw name="Click Element" library="SeleniumLibrary">
<arg>${SelcolorVestido}</arg>
<doc>Click the element identified by ``locator``.</doc>
<msg timestamp="20210723 23:31:01.322" level="INFO">Clicking element 'xpath://a[@id='color_11']'.</msg>
<status status="PASS" starttime="20210723 23:31:01.322" endtime="20210723 23:31:01.440"/>
</kw>
<kw name="Click Element" library="SeleniumLibrary">
<arg>${ProductPageElementVestido}</arg>
<doc>Click the element identified by ``locator``.</doc>
<msg timestamp="20210723 23:31:01.442" level="INFO">Clicking element 'xpath://option[@title='S']'.</msg>
<status status="PASS" starttime="20210723 23:31:01.441" endtime="20210723 23:31:01.483"/>
</kw>
<kw name="Capture Page Screenshot" library="SeleniumLibrary">
<arg>${ProductPageScreenshotProducto2}</arg>
<doc>Takes a screenshot of the current page and embeds it into a log file.</doc>
<msg timestamp="20210723 23:31:01.741" level="INFO" html="true">&lt;/td&gt;&lt;/tr&gt;&lt;tr&gt;&lt;td colspan="3"&gt;&lt;a href="Evidencias/Producto-2.png"&gt;&lt;img src="Evidencias/Producto-2.png" width="800px"&gt;&lt;/a&gt;</msg>
<status status="PASS" starttime="20210723 23:31:01.483" endtime="20210723 23:31:01.741"/>
</kw>
<kw name="Click Element" library="SeleniumLibrary">
<arg>${ProductPageElementCarrito}</arg>
<doc>Click the element identified by ``locator``.</doc>
<msg timestamp="20210723 23:31:01.742" level="INFO">Clicking element 'xpath://span[normalize-space()='Add to cart']'.</msg>
<status status="PASS" starttime="20210723 23:31:01.741" endtime="20210723 23:31:01.812"/>
</kw>
<kw name="Unselect Frame" library="SeleniumLibrary">
<doc>Sets the main frame as the current frame.</doc>
<status status="PASS" starttime="20210723 23:31:01.812" endtime="20210723 23:31:01.815"/>
</kw>
<status status="PASS" starttime="20210723 23:30:59.266" endtime="20210723 23:31:01.816"/>
</kw>
<kw name="Ir a Carrito de Compras" library="ProductPage">
<kw name="Wait Until Page Contains Element" library="SeleniumLibrary">
<arg>${ProductPageElementFrameCompra}</arg>
<doc>Waits until the element ``locator`` appears on the current page.</doc>
<status status="PASS" starttime="20210723 23:31:01.817" endtime="20210723 23:31:01.824"/>
</kw>
<kw name="Sleep" library="BuiltIn">
<arg>3</arg>
<doc>Pauses the test executed for the given time.</doc>
<msg timestamp="20210723 23:31:04.832" level="INFO">Slept 3 seconds</msg>
<status status="PASS" starttime="20210723 23:31:01.825" endtime="20210723 23:31:04.832"/>
</kw>
<kw name="Click Element" library="SeleniumLibrary">
<arg>${ProductPageButtonCarritoCompra}</arg>
<doc>Click the element identified by ``locator``.</doc>
<msg timestamp="20210723 23:31:04.833" level="INFO">Clicking element 'xpath://span[normalize-space()='Proceed to checkout']'.</msg>
<status status="PASS" starttime="20210723 23:31:04.832" endtime="20210723 23:31:05.817"/>
</kw>
<status status="PASS" starttime="20210723 23:31:01.816" endtime="20210723 23:31:05.818"/>
</kw>
<kw name="Validar Productos" library="SummaryPage">
<kw name="Table Should Contain" library="SeleniumLibrary">
<arg>${SummaryPageTable}</arg>
<arg>${SummaryPageElementVal1}</arg>
<doc>Verifies table contains text ``expected``.</doc>
<status status="PASS" starttime="20210723 23:31:05.819" endtime="20210723 23:31:06.543"/>
</kw>
[...]
<var>${data}</var>
<arg>${SummaryPageTableVal1}</arg>
<doc>Returns the text value of the element identified by ``locator``.</doc>
<msg timestamp="20210723 23:38:59.571" level="INFO">${data} = Total shipping</msg>
<status status="PASS" starttime="20210723 23:38:59.553" endtime="20210723 23:38:59.571"/>
</kw>
<kw name="Log To Console" library="BuiltIn">
<arg>${data}</arg>
<doc>Logs the given message to the console.</doc>
<status status="PASS" starttime="20210723 23:38:59.572" endtime="20210723 23:38:59.572"/>
</kw>
<kw name="Table Footer Should Contain" library="SeleniumLibrary">
<arg>${SummaryPageTable}</arg>
<arg>${SummaryPageElementVal3}</arg>
<doc>Verifies table footer contains text ``expected``.</doc>
<status status="PASS" starttime="20210723 23:38:59.572" endtime="20210723 23:38:59.652"/>
</kw>
<kw name="Table Footer Should Contain" library="SeleniumLibrary">
<arg>${SummaryPageTable}</arg>
<arg>${SummaryPageElementVal4}</arg>
<doc>Verifies table footer contains text ``expected``.</doc>
<status status="PASS" starttime="20210723 23:38:59.652" endtime="20210723 23:38:59.742"/>
</kw>
<kw name="Capture Page Screenshot" library="SeleniumLibrary">
<arg>${SummaryPageScreenshotCarrito}</arg>
<doc>Takes a screenshot of the current page and embeds it into a log file.</doc>
<msg timestamp="20210723 23:38:59.884" level="INFO" html="true">&lt;/td&gt;&lt;/tr&gt;&lt;tr&gt;&lt;td colspan="3"&gt;&lt;a href="Evidencias/Productos-Carrito.png"&gt;&lt;img src="Evidencias/Productos-Carrito.png" width="800px"&gt;&lt;/a&gt;</msg>
<status status="PASS" starttime="20210723 23:38:59.743" endtime="20210723 23:38:59.884"/>
</kw>
<status status="PASS" starttime="20210723 23:38:59.553" endtime="20210723 23:38:59.885"/>
</kw>
<kw name="Validar Boton Checkout" library="SummaryPage">
<kw name="Click Element" library="SeleniumLibrary">
<arg>${SummaryPageButton}</arg>
<doc>Click the element identified by ``locator``.</doc>
<msg timestamp="20210723 23:38:59.885" level="INFO">Clicking element 'xpath://a[@class='button btn btn-default standard-checkout button-medium']//span[contains(text(),'Proceed to checkout')]'.</msg>
<status status="PASS" starttime="20210723 23:38:59.885" endtime="20210723 23:39:02.241"/>
</kw>
<status status="PASS" starttime="20210723 23:38:59.885" endtime="20210723 23:39:02.242"/>
</kw>
<kw name="Ingresar Credenciales y Acceder Con Usuario Creado" library="SignInPage">
<arg>${email}</arg>
<arg>${pass}</arg>
<kw name="Input Text" library="SeleniumLibrary">
<arg>${HomePageInputEmail}</arg>
<arg>${email}</arg>
<doc>Types the given ``text`` into the text field identified by ``locator``.</doc>
<msg timestamp="20210723 23:39:02.243" level="INFO">Typing text 'prueba33@prueba33.com' into text field 'xpath://input[@name='email']'.</msg>
<status status="PASS" starttime="20210723 23:39:02.242" endtime="20210723 23:39:02.347"/>
</kw>
<kw name="Input Text" library="SeleniumLibrary">
<arg>${HomePageInputPass}</arg>
<arg>${pass}</arg>
<doc>Types the given ``text`` into the text field identified by ``locator``.</doc>
<msg timestamp="20210723 23:39:02.348" level="INFO">Typing text '123789' into text field 'xpath://input[@name='passwd']'.</msg>
<status status="PASS" starttime="20210723 23:39:02.347" endtime="20210723 23:39:02.444"/>
</kw>
<kw name="Click Element" library="SeleniumLibrary">
<arg>${HomePageButtonSignIn}</arg>
<doc>Click the element identified by ``locator``.</doc>
<msg timestamp="20210723 23:39:02.445" level="INFO">Clicking element 'xpath://span[normalize-space()='Sign in']'.</msg>
<status status="PASS" starttime="20210723 23:39:02.444" endtime="20210723 23:39:03.881"/>
</kw>
<status status="PASS" starttime="20210723 23:39:02.242" endtime="20210723 23:39:03.881"/>
</kw>
<kw name="Validar Vista Addresses" library="AddressPage">
<kw name="Sleep" library="BuiltIn">
<arg>2</arg>
<doc>Pauses the test executed for the given time.</doc>
<msg timestamp="20210723 23:39:05.895" level="INFO">Slept 2 seconds</msg>
<status status="PASS" starttime="20210723 23:39:03.882" endtime="20210723 23:39:05.895"/>
</kw>
<kw name="Page Should Contain" library="SeleniumLibrary">
<arg>${AddressPageElementVal1}</arg>
<doc>Verifies that current page contains ``text``.</doc>
<msg timestamp="20210723 23:39:05.910" level="INFO">Current page contains text 'Addresses'.</msg>
<status status="PASS" starttime="20210723 23:39:05.895" endtime="20210723 23:39:05.910"/>
</kw>
<kw name="Capture Page Screenshot" library="SeleniumLibrary">
<arg>${AddressPageScreenshotResumen}</arg>
<doc>Takes a screenshot of the current page and embeds it into a log file.</doc>
<msg timestamp="20210723 23:39:06.052" level="INFO" html="true">&lt;/td&gt;&lt;/tr&gt;&lt;tr&gt;&lt;td colspan="3"&gt;&lt;a href="Evidencias/Address-Summary-1.png"&gt;&lt;img src="Evidencias/Address-Summary-1.png" width="800px"&gt;&lt;/a&gt;</msg>
<status status="PASS" starttime="20210723 23:39:05.910" endtime="20210723 23:39:06.052"/>
</kw>
<status status="PASS" starttime="20210723 23:39:03.881" endtime="20210723 23:39:06.052"/>
</kw>
<kw name="Validar Boton ProceedToCheckout" library="AddressPage">
<kw name="Click Element" library="SeleniumLibrary">
<arg>${AddressPageButtonProceed}</arg>
<doc>Click the element identified by ``locator``.</doc>
<msg timestamp="20210723 23:39:06.053" level="INFO">Clicking element 'xpath://button[@name='processAddress']//span[contains(text(),'Proceed to checkout')]'.</msg>
<status status="PASS" starttime="20210723 23:39:06.052" endtime="20210723 23:39:07.072"/>
</kw>
<status status="PASS" starttime="20210723 23:39:06.052" endtime="20210723 23:39:07.072"/>
</kw>
<kw name="Validar Vista Shipping" library="ShippingPage">
<kw name="Sleep" library="BuiltIn">
<arg>2</arg>
<doc>Pauses the test executed for the given time.</doc>
<msg timestamp="20210723 23:39:09.076" level="INFO">Slept 2 seconds</msg>
<status status="PASS" starttime="20210723 23:39:07.073" endtime="20210723 23:39:09.076"/>
</kw>
<kw name="Page Should Contain" library="SeleniumLibrary">
<arg>${ShippingPageElementVal1}</arg>
<doc>Verifies that current page contains ``text``.</doc>
<msg timestamp="20210723 23:39:09.096" level="INFO">Current page contains text 'Shipping'.</msg>
<status status="PASS" starttime="20210723 23:39:09.077" endtime="20210723 23:39:09.096"/>
</kw>
<status status="PASS" starttime="20210723 23:39:07.073" endtime="20210723 23:39:09.096"/>
</kw>
<kw name="Validar Check IAgree" library="ShippingPage">
<kw name="Click Element" library="SeleniumLibrary">
<arg>${ShippingPageCheckIAgree}</arg>
<doc>Click the element identified by ``locator``.</doc>
<msg timestamp="20210723 23:39:09.097" level="INFO">Clicking element 'xpath://input[@name='cgv']'.</msg>
<status status="PASS" starttime="20210723 23:39:09.097" endtime="20210723 23:39:09.162"/>
</kw>
<kw name="Capture Page Screenshot" library="SeleniumLibrary">
<arg>${ShippingPageScreenshotShippingSummary}</arg>
<doc>Takes a screenshot of the current page and embeds it into a log file.</doc>
<msg timestamp="20210723 23:39:09.305" level="INFO" html="true">&lt;/td&gt;&lt;/tr&gt;&lt;tr&gt;&lt;td colspan="3"&gt;&lt;a href="Evidencias/Resumen-Env%C3%ADo-1.png"&gt;&lt;img src="Evidencias/Resumen-Env%C3%ADo-1.png" width="800px"&gt;&lt;/a&gt;</msg>
<status status="PASS" starttime="20210723 23:39:09.162" endtime="20210723 23:39:09.305"/>
</kw>
<status status="PASS" starttime="20210723 23:39:09.096" endtime="20210723 23:39:09.305"/>
</kw>
<kw name="Validar Botón ProcedToCheckOut" library="ShippingPage">
<kw name="Click Element" library="SeleniumLibrary">
<arg>${ShippingPageButtonProceed}</arg>
<doc>Click the element identified by ``locator``.</doc>
<msg timestamp="20210723 23:39:09.306" level="INFO">Clicking element 'xpath://button[@name='processCarrier']//span[contains(text(),'Proceed to checkout')]'.</msg>
<status status="PASS" starttime="20210723 23:39:09.306" endtime="20210723 23:39:10.259"/>
</kw>
<status status="PASS" starttime="20210723 23:39:09.305" endtime="20210723 23:39:10.259"/>
</kw>
<kw name="Validar Vista Pago" library="PaymentPage">
<kw name="Sleep" library="BuiltIn">
<arg>2</arg>
<doc>Pauses the test executed for the given time.</doc>
<msg timestamp="20210723 23:39:12.274" level="INFO">Slept 2 seconds</msg>
<status status="PASS" starttime="20210723 23:39:10.260" endtime="20210723 23:39:12.274"/>
</kw>
<kw name="Page Should Contain" library="SeleniumLibrary">
<arg>${PaymentPageElementVal1}</arg>
<doc>Verifies that current page contains ``text``.</doc>
<msg timestamp="20210723 23:39:12.290" level="INFO">Current page contains text 'Please choose your payment method'.</msg>
<status status="PASS" starttime="20210723 23:39:12.275" endtime="20210723 23:39:12.291"/>
</kw>
<status status="PASS" starttime="20210723 23:39:10.260" endtime="20210723 23:39:12.291"/>
</kw>
<kw name="Validar Datos Tabla" library="PaymentPage">
<kw name="Sleep" library="BuiltIn">
<arg>2</arg>
<doc>Pauses the test executed for the given time.</doc>
<msg timestamp="20210723 23:39:14.303" level="INFO">Slept 2 seconds</msg>
<status status="PASS" starttime="20210723 23:39:12.291" endtime="20210723 23:39:14.304"/>
</kw>
<kw name="Table Footer Should Contain" library="SeleniumLibrary">
<arg>${SummaryPageTable}</arg>
<arg>${SummaryPageElementVal3}</arg>
<doc>Verifies table footer contains text ``expected``.</doc>
<status status="PASS" starttime="20210723 23:39:14.304" endtime="20210723 23:39:14.432"/>
</kw>
<kw name="Table Footer Should Contain" library="SeleniumLibrary">
<arg>${SummaryPageTable}</arg>
<arg>${SummaryPageElementVal4}</arg>
<doc>Verifies table footer contains text ``expected``.</doc>
<status status="PASS" starttime="20210723 23:39:14.432" endtime="20210723 23:39:14.522"/>
</kw>
<kw name="Capture Page Screenshot" library="SeleniumLibrary">
<arg>${PaymentPageScreenshotTotalPago}</arg>
<doc>Takes a screenshot of the current page and embeds it into a log file.</doc>
<msg timestamp="20210723 23:39:14.665" level="INFO" html="true">&lt;/td&gt;&lt;/tr&gt;&lt;tr&gt;&lt;td colspan="3"&gt;&lt;a href="Evidencias/Resumen-Total-Pago-1.png"&gt;&lt;img src="Evidencias/Resumen-Total-Pago-1.png" width="800px"&gt;&lt;/a&gt;</msg>
<status status="PASS" starttime="20210723 23:39:14.522" endtime="20210723 23:39:14.665"/>
</kw>
<status status="PASS" starttime="20210723 23:39:12.291" endtime="20210723 23:39:14.665"/>
</kw>
<kw name="Validar Botón Pago Tarjeta Bancaria" library="PaymentPage">
<kw name="Click Element" library="SeleniumLibrary">
<arg>${PaymentPageButtonCreditCard}</arg>
<doc>Click the element identified by ``locator``.</doc>
<msg timestamp="20210723 23:39:14.666" level="INFO">Clicking element 'xpath://a[@title='Pay by bank wire']'.</msg>
<status status="PASS" starttime="20210723 23:39:14.666" endtime="20210723 23:39:16.765"/>
</kw>
<status status="PASS" starttime="20210723 23:39:14.666" endtime="20210723 23:39:16.765"/>
</kw>
<kw name="Validar Vista Resumen de Orden" library="PaymentPage">
<kw name="Sleep" library="BuiltIn">
<arg>2</arg>
<doc>Pauses the test executed for the given time.</doc>
<msg timestamp="20210723 23:39:18.778" level="INFO">Slept 2 seconds</msg>
<status status="PASS" starttime="20210723 23:39:16.765" endtime="20210723 23:39:18.778"/>
</kw>
<kw name="Page Should Contain" library="SeleniumLibrary">
<arg>${PaymentPageElementVal2}</arg>
<doc>Verifies that current page contains ``text``.</doc>
<msg timestamp="20210723 23:39:18.792" level="INFO">Current page contains text 'Order summary'.</msg>
<status status="PASS" starttime="20210723 23:39:18.778" endtime="20210723 23:39:18.792"/>
</kw>
<kw name="Capture Page Screenshot" library="SeleniumLibrary">
<arg>${PaymentPageScreenshotOrderSummary}</arg>
<doc>Takes a screenshot of the current page and embeds it into a log file.</doc>
<msg timestamp="20210723 23:39:18.935" level="INFO" html="true">&lt;/td&gt;&lt;/tr&gt;&lt;tr&gt;&lt;td colspan="3"&gt;&lt;a href="Evidencias/Resumen-De-Orden-1.png"&gt;&lt;img src="Evidencias/Resumen-De-Orden-1.png" width="800px"&gt;&lt;/a&gt;</msg>
<status status="PASS" starttime="20210723 23:39:18.793" endtime="20210723 23:39:18.935"/>
</kw>
<status status="PASS" starttime="20210723 23:39:16.765" endtime="20210723 23:39:18.935"/>
</kw>
<kw name="Validar Botón Confirmar Orden" library="PaymentPage">
<kw name="Click Element" library="SeleniumLibrary">
<arg>${PaymentPageButtonConfirmOrder}</arg>
<doc>Click the element identified by ``locator``.</doc>
<msg timestamp="20210723 23:39:18.937" level="INFO">Clicking element 'xpath://span[normalize-space()='I confirm my order']'.</msg>
<status status="PASS" starttime="20210723 23:39:18.936" endtime="20210723 23:39:22.865"/>
</kw>
<status status="PASS" starttime="20210723 23:39:18.936" endtime="20210723 23:39:22.865"/>
</kw>
<kw name="Validar Vista Confirmación de Orden" library="PaymentPage">
<kw name="Sleep" library="BuiltIn">
<arg>2</arg>
<doc>Pauses the test executed for the given time.</doc>
<msg timestamp="20210723 23:39:24.881" level="INFO">Slept 2 seconds</msg>
<status status="PASS" starttime="20210723 23:39:22.866" endtime="20210723 23:39:24.881"/>
</kw>
<kw name="Page Should Contain" library="SeleniumLibrary">
<arg>${PaymentPageElementVal3}</arg>
<doc>Verifies that current page contains ``text``.</doc>
<msg timestamp="20210723 23:39:24.896" level="INFO">Current page contains text 'Order confirmation'.</msg>
<status status="PASS" starttime="20210723 23:39:24.881" endtime="20210723 23:39:24.897"/>
</kw>
<kw name="Capture Page Screenshot" library="SeleniumLibrary">
<arg>${PaymentPageScreenshotOrderConfirmation}</arg>
<doc>Takes a screenshot of the current page and embeds it into a log file.</doc>
<msg timestamp="20210723 23:39:25.079" level="INFO" html="true">&lt;/td&gt;&lt;/tr&gt;&lt;tr&gt;&lt;td colspan="3"&gt;&lt;a href="Evidencias/Confirmaci%C3%B3n-De-Orden-1.png"&gt;&lt;img src="Evidencias/Confirmaci%C3%B3n-De-Orden-1.png" width="800px"&gt;&lt;/a&gt;</msg>
<status status="PASS" starttime="20210723 23:39:24.897" endtime="20210723 23:39:25.079"/>
</kw>
<status status="PASS" starttime="20210723 23:39:22.866" endtime="20210723 23:39:25.079"/>
</kw>
<kw name="Volver a Vista Home" library="CommonFuncSitioDesafio">
<kw name="Click Element" library="SeleniumLibrary">
<arg>${HomeElementLogo}</arg>
<doc>Click the element identified by ``locator``.</doc>
<msg timestamp="20210723 23:39:25.080" level="INFO">Clicking element 'xpath://img[@alt='My Store']'.</msg>
<status status="PASS" starttime="20210723 23:39:25.079" endtime="20210723 23:39:29.068"/>
</kw>
<kw name="Sleep" library="BuiltIn">
<arg>2</arg>
<doc>Pauses the test executed for the given time.</doc>
<msg timestamp="20210723 23:39:31.080" level="INFO">Slept 2 seconds</msg>
<status status="PASS" starttime="20210723 23:39:29.068" endtime="20210723 23:39:31.080"/>
</kw>
<status status="PASS" starttime="20210723 23:39:25.079" endtime="20210723 23:39:31.080"/>
</kw>
<kw name="Seleccionar Cuenta de Usuario y Acceder a Historial de Pedidos" library="HomePage">
<kw name="Click Element" library="SeleniumLibrary">
<arg>${HomePageElementAccount}</arg>
<doc>Click the element identified by ``locator``.</doc>
<msg timestamp="20210723 23:39:31.081" level="INFO">Clicking element 'xpath://a[@title='View my customer account']'.</msg>
<status status="PASS" starttime="20210723 23:39:31.081" endtime="20210723 23:39:32.499"/>
</kw>
<kw name="Click Element" library="SeleniumLibrary">
<arg>${HomePageElementOrderHistory}</arg>
<doc>Click the element identified by ``locator``.</doc>
<msg timestamp="20210723 23:39:32.499" level="INFO">Clicking element 'xpath://span[normalize-space()='Order history and details']'.</msg>
<status status="PASS" starttime="20210723 23:39:32.499" endtime="20210723 23:39:33.784"/>
</kw>
<kw name="Sleep" library="BuiltIn">
<arg>2</arg>
<doc>Pauses the test executed for the given time.</doc>
<msg timestamp="20210723 23:39:35.799" level="INFO">Slept 2 seconds</msg>
<status status="PASS" starttime="20210723 23:39:33.784" endtime="20210723 23:39:35.799"/>
</kw>
<kw name="Table Cell Should Contain" library="SeleniumLibrary">
<arg>${HomePageTable}</arg>
<arg>2</arg>
<arg>5</arg>
<arg>On backorder</arg>
<doc>Verifies table cell contains text ``expected``.</doc>
<msg timestamp="20210723 23:39:35.867" level="INFO">Table cell contains 'On backorder'.</msg>
<status status="PASS" starttime="20210723 23:39:35.800" endtime="20210723 23:39:35.867"/>
</kw>
<kw name="Capture Page Screenshot" library="SeleniumLibrary">
<arg>${HomePageScreenshotHistorial}</arg>
<doc>Takes a screenshot of the current page and embeds it into a log file.</doc>
<msg timestamp="20210723 23:39:36.008" level="INFO" html="true">&lt;/td&gt;&lt;/tr&gt;&lt;tr&gt;&lt;td colspan="3"&gt;&lt;a href="Evidencias/Historial-Productos-1.png"&gt;&lt;img src="Evidencias/Historial-Productos-1.png" width="800px"&gt;&lt;/a&gt;</msg>
<status status="PASS" starttime="20210723 23:39:35.867" endtime="20210723 23:39:36.009"/>
</kw>
<kw name="Click Element" library="SeleniumLibrary">
<arg>${HomePageElementPDF}</arg>
<doc>Click the element identified by ``locator``.</doc>
<msg timestamp="20210723 23:39:36.009" level="INFO">Clicking element 'xpath://a[normalize-space()='PDF']'.</msg>
<status status="PASS" starttime="20210723 23:39:36.009" endtime="20210723 23:39:36.096"/>
</kw>
<kw name="Sleep" library="BuiltIn">
<arg>2</arg>
<doc>Pauses the test executed for the given time.</doc>
<msg timestamp="20210723 23:39:38.104" level="INFO">Slept 2 seconds</msg>
<status status="PASS" starttime="20210723 23:39:36.096" endtime="20210723 23:39:38.104"/>
</kw>
<status status="PASS" starttime="20210723 23:39:31.081" endtime="20210723 23:39:38.105"/>
</kw>
<kw name="Salir de Sesión de Usuario" library="HomePage">
<kw name="Click Element" library="SeleniumLibrary">
<arg>${HomePageElementLogOut}</arg>
<doc>Click the element identified by ``locator``.</doc>
<msg timestamp="20210723 23:39:38.106" level="INFO">Clicking element 'xpath://a[@title='Log me out']'.</msg>
<status status="PASS" starttime="20210723 23:39:38.105" endtime="20210723 23:39:39.835"/>
</kw>
<status status="PASS" starttime="20210723 23:39:38.105" endtime="20210723 23:39:39.835"/>
</kw>
<kw name="Volver a Vista Home" library="CommonFuncSitioDesafio">
<kw name="Click Element" library="SeleniumLibrary">
<arg>${HomeElementLogo}</arg>
<doc>Click the element identified by ``locator``.</doc>
<msg timestamp="20210723 23:39:39.836" level="INFO">Clicking element 'xpath://img[@alt='My Store']'.</msg>
<status status="PASS" starttime="20210723 23:39:39.836" endtime="20210723 23:39:42.171"/>
</kw>
<kw name="Sleep" library="BuiltIn">
<arg>2</arg>
<doc>Pauses the test executed for the given time.</doc>
<msg timestamp="20210723 23:39:44.175" level="INFO">Slept 2 seconds</msg>
<status status="PASS" starttime="20210723 23:39:42.171" endtime="20210723 23:39:44.175"/>
</kw>
<status status="PASS" starttime="20210723 23:39:39.835" endtime="20210723 23:39:44.176"/>
</kw>
<status status="PASS" starttime="20210723 23:37:55.136" endtime="20210723 23:39:44.176"/>
</kw>
<status status="PASS" starttime="20210723 23:37:55.135" endtime="20210723 23:39:44.176"/>
</kw>
<status status="PASS" starttime="20210723 23:37:55.134" endtime="20210723 23:39:44.176"/>
</test>
<kw name="Finalizar Suite De Prueba" library="CommonFuncSitioDesafio" type="TEARDOWN">
<kw name="Close All Browsers" library="SeleniumLibrary">
<doc>Closes all open browsers and resets the browser cache.</doc>
<status status="PASS" starttime="20210723 23:39:44.177" endtime="20210723 23:39:46.468"/>
</kw>
<status status="PASS" starttime="20210723 23:39:44.177" endtime="20210723 23:39:46.468"/>
</kw>
<doc>Test De Pruebas Para Desafio de Automatización</doc>
<status status="PASS" starttime="20210723 23:28:46.975" endtime="20210723 23:39:46.469"/>
</suite>
<statistics>
<total>
<stat pass="6" fail="0" skip="0">All Tests</stat>
</total>
<tag>
</tag>
<suite>
<stat pass="6" fail="0" skip="0" id="s1" name="TestSuite">TestSuite</stat>
</suite>
</statistics>
<errors>
</errors>
</robot>
