<?xml version="1.0" encoding="UTF-8"?>
<robot generator="Robot 4.0.1 (Python 3.9.5 on win32)" generated="20210723 13:50:36.918" rpa="false" schemaversion="2">
<suite id="s1" name="TestCases" source="D:\Dev\Automatización\DesafioAutomatizacion\Tests\TestCases.robot">
<test id="s1-t1" name="Validar Funcionalidad Ingresar a Vista &quot;Home Page&quot;">
<kw name="Comenzar Test De Prueba" library="CommonFuncSitioDesafio" type="SETUP">
<kw name="Open Browser" library="SeleniumLibrary">
<arg>${URL}</arg>
<arg>${Browser}</arg>
<doc>Opens a new browser instance to the optional ``url``.</doc>
<msg timestamp="20210723 13:50:37.195" level="INFO">Opening browser 'chrome' to base url 'http://automationpractice.com'.</msg>
<status status="PASS" starttime="20210723 13:50:37.195" endtime="20210723 13:50:43.291"/>
</kw>
<kw name="Maximize Browser Window" library="SeleniumLibrary">
<doc>Maximizes current browser window.</doc>
<status status="PASS" starttime="20210723 13:50:43.292" endtime="20210723 13:50:43.515"/>
</kw>
<status status="PASS" starttime="20210723 13:50:37.194" endtime="20210723 13:50:43.515"/>
</kw>
<kw name="Validar Logo De Home Page" library="HomePage">
<kw name="Sleep" library="BuiltIn">
<arg>1</arg>
<doc>Pauses the test executed for the given time.</doc>
<msg timestamp="20210723 13:50:44.524" level="INFO">Slept 1 second</msg>
<status status="PASS" starttime="20210723 13:50:43.516" endtime="20210723 13:50:44.524"/>
</kw>
<kw name="Wait Until Page Contains Element" library="SeleniumLibrary">
<arg>${HomeElementLogo}</arg>
<doc>Waits until the element ``locator`` appears on the current page.</doc>
<status status="PASS" starttime="20210723 13:50:44.525" endtime="20210723 13:50:44.545"/>
</kw>
<kw name="Execute Javascript" library="SeleniumLibrary">
<arg>${HomePageScrollDown}</arg>
<doc>Executes the given JavaScript code with possible arguments.</doc>
<msg timestamp="20210723 13:50:44.546" level="INFO">Executing JavaScript:
window.scrollTo(0,700)
Without any arguments.</msg>
<status status="PASS" starttime="20210723 13:50:44.545" endtime="20210723 13:50:44.555"/>
</kw>
<status status="PASS" starttime="20210723 13:50:43.516" endtime="20210723 13:50:44.556"/>
</kw>
<kw name="Finalizar Test De Prueba" library="CommonFuncSitioDesafio" type="TEARDOWN">
<kw name="Close All Browsers" library="SeleniumLibrary">
<doc>Closes all open browsers and resets the browser cache.</doc>
<status status="PASS" starttime="20210723 13:50:44.557" endtime="20210723 13:50:46.740"/>
</kw>
<status status="PASS" starttime="20210723 13:50:44.557" endtime="20210723 13:50:46.740"/>
</kw>
<doc>Este caso de prueba valida la vista "Home Page"</doc>
<tag>Funcional</tag>
<status status="PASS" starttime="20210723 13:50:37.194" endtime="20210723 13:50:46.741"/>
</test>
<test id="s1-t2" name="Validar Funcionalidad Seleccionar Talla y Color Producto &quot;Blusa&quot;">
<kw name="Comenzar Test De Prueba" library="CommonFuncSitioDesafio" type="SETUP">
<kw name="Open Browser" library="SeleniumLibrary">
<arg>${URL}</arg>
<arg>${Browser}</arg>
<doc>Opens a new browser instance to the optional ``url``.</doc>
<msg timestamp="20210723 13:50:46.745" level="INFO">Opening browser 'chrome' to base url 'http://automationpractice.com'.</msg>
<status status="PASS" starttime="20210723 13:50:46.744" endtime="20210723 13:50:51.739"/>
</kw>
<kw name="Maximize Browser Window" library="SeleniumLibrary">
<doc>Maximizes current browser window.</doc>
<status status="PASS" starttime="20210723 13:50:51.740" endtime="20210723 13:50:51.892"/>
</kw>
<status status="PASS" starttime="20210723 13:50:46.744" endtime="20210723 13:50:51.892"/>
</kw>
<kw name="Seleccionar Producto Blusa Negra" library="HomePage">
<kw name="Mouse Over" library="SeleniumLibrary">
<arg>${HomePageMouseOverObject1}</arg>
<doc>Simulates hovering the mouse over the element ``locator``.</doc>
<msg timestamp="20210723 13:50:51.893" level="INFO">Simulating Mouse Over on element 'xpath://li[starts-with(@class, 'ajax_block_product col-xs-12 col-sm-4 col-md-3 last-item-of-mobile-line')]'.</msg>
<status status="PASS" starttime="20210723 13:50:51.893" endtime="20210723 13:50:52.200"/>
</kw>
<kw name="Sleep" library="BuiltIn">
<arg>2</arg>
<doc>Pauses the test executed for the given time.</doc>
<msg timestamp="20210723 13:50:54.215" level="INFO">Slept 2 seconds</msg>
<status status="PASS" starttime="20210723 13:50:52.200" endtime="20210723 13:50:54.215"/>
</kw>
<kw name="Click Element" library="SeleniumLibrary">
<arg>${HomePageElementObject1}</arg>
<doc>Click the element identified by ``locator``.</doc>
<msg timestamp="20210723 13:50:54.215" level="INFO">Clicking element 'xpath://li[starts-with(@class, 'ajax_block_product col-xs-12 col-sm-4 col-md-3 last-item-of-mobile-line')]//div[@class='product-container']//div[@class='left-block']//a[@class='quick-view']'.</msg>
<status status="PASS" starttime="20210723 13:50:54.215" endtime="20210723 13:50:54.318"/>
</kw>
<status status="PASS" starttime="20210723 13:50:51.892" endtime="20210723 13:50:54.318"/>
</kw>
<kw name="Seleccionar Talla y Color Blusa" library="ProductPage">
<kw name="Sleep" library="BuiltIn">
<arg>2</arg>
<doc>Pauses the test executed for the given time.</doc>
<msg timestamp="20210723 13:50:56.322" level="INFO">Slept 2 seconds</msg>
<status status="PASS" starttime="20210723 13:50:54.319" endtime="20210723 13:50:56.322"/>
</kw>
<kw name="Wait Until Page Contains Element" library="SeleniumLibrary">
<arg>${ProductPageFrame}</arg>
<doc>Waits until the element ``locator`` appears on the current page.</doc>
<status status="PASS" starttime="20210723 13:50:56.322" endtime="20210723 13:50:56.335"/>
</kw>
<kw name="Select Frame" library="SeleniumLibrary">
<arg>${ProductPageFrame}</arg>
<doc>Sets frame identified by ``locator`` as the current frame.</doc>
<msg timestamp="20210723 13:50:56.336" level="INFO">Selecting frame 'xpath://body/div/div/div/div/div/iframe[1]'.</msg>
<status status="PASS" starttime="20210723 13:50:56.335" endtime="20210723 13:50:56.480"/>
</kw>
<kw name="Click Element" library="SeleniumLibrary">
<arg>${ProductPageElementBlusaColor1}</arg>
<doc>Click the element identified by ``locator``.</doc>
<msg timestamp="20210723 13:50:56.481" level="INFO">Clicking element 'xpath://a[@id='color_8']'.</msg>
<status status="PASS" starttime="20210723 13:50:56.480" endtime="20210723 13:50:56.580"/>
</kw>
<kw name="Click Element" library="SeleniumLibrary">
<arg>${ProductPageElementBlusaColor2}</arg>
<doc>Click the element identified by ``locator``.</doc>
<msg timestamp="20210723 13:50:56.580" level="INFO">Clicking element 'xpath://a[@id='color_11']'.</msg>
<status status="PASS" starttime="20210723 13:50:56.580" endtime="20210723 13:50:56.692"/>
</kw>
<kw name="Click Element" library="SeleniumLibrary">
<arg>${ProductPageElementBlusa}</arg>
<doc>Click the element identified by ``locator``.</doc>
<msg timestamp="20210723 13:50:56.693" level="INFO">Clicking element 'xpath://option[@title='L']'.</msg>
<status status="PASS" starttime="20210723 13:50:56.692" endtime="20210723 13:50:56.764"/>
</kw>
<kw name="Capture Page Screenshot" library="SeleniumLibrary">
<arg>${ProductPageScreenshotProducto1}</arg>
<doc>Takes a screenshot of the current page and embeds it into a log file.</doc>
<msg timestamp="20210723 13:50:57.187" level="INFO" html="true">&lt;/td&gt;&lt;/tr&gt;&lt;tr&gt;&lt;td colspan="3"&gt;&lt;a href="Evidencias/Producto-1.png"&gt;&lt;img src="Evidencias/Producto-1.png" width="800px"&gt;&lt;/a&gt;</msg>
<status status="PASS" starttime="20210723 13:50:56.764" endtime="20210723 13:50:57.187"/>
</kw>
<kw name="Click Element" library="SeleniumLibrary">
<arg>${ProductPageElementCarrito}</arg>
<doc>Click the element identified by ``locator``.</doc>
<msg timestamp="20210723 13:50:57.188" level="INFO">Clicking element 'xpath://span[normalize-space()='Add to cart']'.</msg>
<status status="PASS" starttime="20210723 13:50:57.187" endtime="20210723 13:50:57.271"/>
</kw>
<kw name="Unselect Frame" library="SeleniumLibrary">
<doc>Sets the main frame as the current frame.</doc>
<status status="PASS" starttime="20210723 13:50:57.272" endtime="20210723 13:50:57.274"/>
</kw>
<status status="PASS" starttime="20210723 13:50:54.318" endtime="20210723 13:50:57.274"/>
</kw>
<kw name="Finalizar Test De Prueba" library="CommonFuncSitioDesafio" type="TEARDOWN">
<kw name="Close All Browsers" library="SeleniumLibrary">
<doc>Closes all open browsers and resets the browser cache.</doc>
<status status="PASS" starttime="20210723 13:50:57.275" endtime="20210723 13:50:59.447"/>
</kw>
<status status="PASS" starttime="20210723 13:50:57.275" endtime="20210723 13:50:59.447"/>
</kw>
<doc>Este caso de prueba valida la funcionalidad seleccionar talla y color del producto "Blusa"</doc>
<tag>Funcional</tag>
<status status="PASS" starttime="20210723 13:50:46.743" endtime="20210723 13:50:59.448"/>
</test>
<test id="s1-t3" name="Validar Funcionalidad Continuar Compra">
<kw name="Comenzar Test De Prueba" library="CommonFuncSitioDesafio" type="SETUP">
<kw name="Open Browser" library="SeleniumLibrary">
<arg>${URL}</arg>
<arg>${Browser}</arg>
<doc>Opens a new browser instance to the optional ``url``.</doc>
<msg timestamp="20210723 13:50:59.452" level="INFO">Opening browser 'chrome' to base url 'http://automationpractice.com'.</msg>
<status status="PASS" starttime="20210723 13:50:59.452" endtime="20210723 13:51:04.727"/>
</kw>
<kw name="Maximize Browser Window" library="SeleniumLibrary">
<doc>Maximizes current browser window.</doc>
<status status="PASS" starttime="20210723 13:51:04.728" endtime="20210723 13:51:04.955"/>
</kw>
<status status="PASS" starttime="20210723 13:50:59.451" endtime="20210723 13:51:04.955"/>
</kw>
<kw name="Seleccionar Producto Blusa Negra" library="HomePage">
<kw name="Mouse Over" library="SeleniumLibrary">
<arg>${HomePageMouseOverObject1}</arg>
<doc>Simulates hovering the mouse over the element ``locator``.</doc>
<msg timestamp="20210723 13:51:04.956" level="INFO">Simulating Mouse Over on element 'xpath://li[starts-with(@class, 'ajax_block_product col-xs-12 col-sm-4 col-md-3 last-item-of-mobile-line')]'.</msg>
<status status="PASS" starttime="20210723 13:51:04.956" endtime="20210723 13:51:05.248"/>
</kw>
<kw name="Sleep" library="BuiltIn">
<arg>2</arg>
<doc>Pauses the test executed for the given time.</doc>
<msg timestamp="20210723 13:51:07.261" level="INFO">Slept 2 seconds</msg>
<status status="PASS" starttime="20210723 13:51:05.249" endtime="20210723 13:51:07.261"/>
</kw>
<kw name="Click Element" library="SeleniumLibrary">
<arg>${HomePageElementObject1}</arg>
<doc>Click the element identified by ``locator``.</doc>
<msg timestamp="20210723 13:51:07.261" level="INFO">Clicking element 'xpath://li[starts-with(@class, 'ajax_block_product col-xs-12 col-sm-4 col-md-3 last-item-of-mobile-line')]//div[@class='product-container']//div[@class='left-block']//a[@class='quick-view']'.</msg>
<status status="PASS" starttime="20210723 13:51:07.261" endtime="20210723 13:51:07.354"/>
</kw>
<status status="PASS" starttime="20210723 13:51:04.955" endtime="20210723 13:51:07.354"/>
</kw>
<kw name="Seleccionar Talla y Color Blusa" library="ProductPage">
<kw name="Sleep" library="BuiltIn">
<arg>2</arg>
<doc>Pauses the test executed for the given time.</doc>
<msg timestamp="20210723 13:51:09.367" level="INFO">Slept 2 seconds</msg>
<status status="PASS" starttime="20210723 13:51:07.355" endtime="20210723 13:51:09.367"/>
</kw>
<kw name="Wait Until Page Contains Element" library="SeleniumLibrary">
<arg>${ProductPageFrame}</arg>
<doc>Waits until the element ``locator`` appears on the current page.</doc>
<status status="PASS" starttime="20210723 13:51:09.368" endtime="20210723 13:51:09.380"/>
</kw>
<kw name="Select Frame" library="SeleniumLibrary">
<arg>${ProductPageFrame}</arg>
<doc>Sets frame identified by ``locator`` as the current frame.</doc>
<msg timestamp="20210723 13:51:09.380" level="INFO">Selecting frame 'xpath://body/div/div/div/div/div/iframe[1]'.</msg>
<status status="PASS" starttime="20210723 13:51:09.380" endtime="20210723 13:51:09.407"/>
</kw>
<kw name="Click Element" library="SeleniumLibrary">
<arg>${ProductPageElementBlusaColor1}</arg>
<doc>Click the element identified by ``locator``.</doc>
<msg timestamp="20210723 13:51:09.408" level="INFO">Clicking element 'xpath://a[@id='color_8']'.</msg>
<status status="PASS" starttime="20210723 13:51:09.407" endtime="20210723 13:51:09.531"/>
</kw>
<kw name="Click Element" library="SeleniumLibrary">
<arg>${ProductPageElementBlusaColor2}</arg>
<doc>Click the element identified by ``locator``.</doc>
<msg timestamp="20210723 13:51:09.531" level="INFO">Clicking element 'xpath://a[@id='color_11']'.</msg>
<status status="PASS" starttime="20210723 13:51:09.531" endtime="20210723 13:51:09.618"/>
</kw>
<kw name="Click Element" library="SeleniumLibrary">
<arg>${ProductPageElementBlusa}</arg>
<doc>Click the element identified by ``locator``.</doc>
<msg timestamp="20210723 13:51:09.619" level="INFO">Clicking element 'xpath://option[@title='L']'.</msg>
<status status="PASS" starttime="20210723 13:51:09.618" endtime="20210723 13:51:09.678"/>
</kw>
<kw name="Capture Page Screenshot" library="SeleniumLibrary">
<arg>${ProductPageScreenshotProducto1}</arg>
<doc>Takes a screenshot of the current page and embeds it into a log file.</doc>
<msg timestamp="20210723 13:51:09.903" level="INFO" html="true">&lt;/td&gt;&lt;/tr&gt;&lt;tr&gt;&lt;td colspan="3"&gt;&lt;a href="Evidencias/Producto-1.png"&gt;&lt;img src="Evidencias/Producto-1.png" width="800px"&gt;&lt;/a&gt;</msg>
<status status="PASS" starttime="20210723 13:51:09.679" endtime="20210723 13:51:09.903"/>
</kw>
<kw name="Click Element" library="SeleniumLibrary">
<arg>${ProductPageElementCarrito}</arg>
<doc>Click the element identified by ``locator``.</doc>
<msg timestamp="20210723 13:51:09.904" level="INFO">Clicking element 'xpath://span[normalize-space()='Add to cart']'.</msg>
<status status="PASS" starttime="20210723 13:51:09.903" endtime="20210723 13:51:09.978"/>
</kw>
<kw name="Unselect Frame" library="SeleniumLibrary">
<doc>Sets the main frame as the current frame.</doc>
<status status="PASS" starttime="20210723 13:51:09.978" endtime="20210723 13:51:09.981"/>
</kw>
<status status="PASS" starttime="20210723 13:51:07.354" endtime="20210723 13:51:09.982"/>
</kw>
<kw name="Continuar Con La Compra" library="ProductPage">
<kw name="Wait Until Page Contains Element" library="SeleniumLibrary">
<arg>${ProductPageElementFrameCompra}</arg>
<doc>Waits until the element ``locator`` appears on the current page.</doc>
<status status="PASS" starttime="20210723 13:51:09.983" endtime="20210723 13:51:09.996"/>
</kw>
<kw name="Sleep" library="BuiltIn">
<arg>3</arg>
<doc>Pauses the test executed for the given time.</doc>
<msg timestamp="20210723 13:51:13.011" level="INFO">Slept 3 seconds</msg>
<status status="PASS" starttime="20210723 13:51:09.997" endtime="20210723 13:51:13.011"/>
</kw>
<kw name="Click Element" library="SeleniumLibrary">
<arg>${ProductPageElementContinuarCompra}</arg>
<doc>Click the element identified by ``locator``.</doc>
<msg timestamp="20210723 13:51:13.012" level="INFO">Clicking element 'xpath://span[@title='Continue shopping']'.</msg>
<status status="PASS" starttime="20210723 13:51:13.012" endtime="20210723 13:51:13.055"/>
</kw>
<status status="PASS" starttime="20210723 13:51:09.982" endtime="20210723 13:51:13.055"/>
</kw>
<kw name="Validar Logo De Home Page" library="HomePage">
<kw name="Sleep" library="BuiltIn">
<arg>1</arg>
<doc>Pauses the test executed for the given time.</doc>
<msg timestamp="20210723 13:51:14.057" level="INFO">Slept 1 second</msg>
<status status="PASS" starttime="20210723 13:51:13.056" endtime="20210723 13:51:14.057"/>
</kw>
<kw name="Wait Until Page Contains Element" library="SeleniumLibrary">
<arg>${HomeElementLogo}</arg>
<doc>Waits until the element ``locator`` appears on the current page.</doc>
<status status="PASS" starttime="20210723 13:51:14.058" endtime="20210723 13:51:14.069"/>
</kw>
<kw name="Execute Javascript" library="SeleniumLibrary">
<arg>${HomePageScrollDown}</arg>
<doc>Executes the given JavaScript code with possible arguments.</doc>
<msg timestamp="20210723 13:51:14.070" level="INFO">Executing JavaScript:
window.scrollTo(0,700)
Without any arguments.</msg>
<status status="PASS" starttime="20210723 13:51:14.069" endtime="20210723 13:51:14.077"/>
</kw>
<status status="PASS" starttime="20210723 13:51:13.055" endtime="20210723 13:51:14.077"/>
</kw>
<kw name="Finalizar Test De Prueba" library="CommonFuncSitioDesafio" type="TEARDOWN">
<kw name="Close All Browsers" library="SeleniumLibrary">
<doc>Closes all open browsers and resets the browser cache.</doc>
<status status="PASS" starttime="20210723 13:51:14.078" endtime="20210723 13:51:16.256"/>
</kw>
<status status="PASS" starttime="20210723 13:51:14.078" endtime="20210723 13:51:16.256"/>
</kw>
<doc>Este caso de prueba valida la funcionalidad continuar con la compra</doc>
<tag>Funcional</tag>
<status status="PASS" starttime="20210723 13:50:59.451" endtime="20210723 13:51:16.257"/>
</test>
<test id="s1-t4" name="Validar Funcionalidad Seleccionar Talla y Color Producto &quot;Vestido&quot;">
<kw name="Comenzar Test De Prueba" library="CommonFuncSitioDesafio" type="SETUP">
<kw name="Open Browser" library="SeleniumLibrary">
<arg>${URL}</arg>
<arg>${Browser}</arg>
<doc>Opens a new browser instance to the optional ``url``.</doc>
<msg timestamp="20210723 13:51:16.260" level="INFO">Opening browser 'chrome' to base url 'http://automationpractice.com'.</msg>
<status status="PASS" starttime="20210723 13:51:16.260" endtime="20210723 13:51:21.885"/>
</kw>
<kw name="Maximize Browser Window" library="SeleniumLibrary">
<doc>Maximizes current browser window.</doc>
<status status="PASS" starttime="20210723 13:51:21.885" endtime="20210723 13:51:22.039"/>
</kw>
<status status="PASS" starttime="20210723 13:51:16.260" endtime="20210723 13:51:22.039"/>
</kw>
<kw name="Seleccionar Producto Vestido" library="HomePage">
<kw name="Sleep" library="BuiltIn">
<arg>2</arg>
<doc>Pauses the test executed for the given time.</doc>
<msg timestamp="20210723 13:51:24.051" level="INFO">Slept 2 seconds</msg>
<status status="PASS" starttime="20210723 13:51:22.041" endtime="20210723 13:51:24.051"/>
</kw>
<kw name="Mouse Over" library="SeleniumLibrary">
<arg>${HomePageMouseOverObject2}</arg>
<doc>Simulates hovering the mouse over the element ``locator``.</doc>
<msg timestamp="20210723 13:51:24.052" level="INFO">Simulating Mouse Over on element 'xpath://li[starts-with(@class, 'ajax_block_product col-xs-12 col-sm-4 col-md-3 first-in-line last-line first-item-of-mobile-line')]'.</msg>
<status status="PASS" starttime="20210723 13:51:24.052" endtime="20210723 13:51:24.344"/>
</kw>
<kw name="Sleep" library="BuiltIn">
<arg>3</arg>
<doc>Pauses the test executed for the given time.</doc>
<msg timestamp="20210723 13:51:27.357" level="INFO">Slept 3 seconds</msg>
<status status="PASS" starttime="20210723 13:51:24.344" endtime="20210723 13:51:27.357"/>
</kw>
<kw name="Click Element" library="SeleniumLibrary">
<arg>${HomePageElementObject2}</arg>
<doc>Click the element identified by ``locator``.</doc>
<msg timestamp="20210723 13:51:27.358" level="INFO">Clicking element 'xpath://li[starts-with(@class, 'ajax_block_product col-xs-12 col-sm-4 col-md-3 first-in-line last-line first-item-of-mobile-line')]//div[@class='product-container']//div[@class='left-block']//a[@class='quick-view']'.</msg>
<status status="PASS" starttime="20210723 13:51:27.357" endtime="20210723 13:51:27.453"/>
</kw>
<status status="PASS" starttime="20210723 13:51:22.040" endtime="20210723 13:51:27.453"/>
</kw>
<kw name="Seleccionar Talla y Color Vestido" library="ProductPage">
<kw name="Sleep" library="BuiltIn">
<arg>2</arg>
<doc>Pauses the test executed for the given time.</doc>
<msg timestamp="20210723 13:51:29.463" level="INFO">Slept 2 seconds</msg>
<status status="PASS" starttime="20210723 13:51:27.454" endtime="20210723 13:51:29.463"/>
</kw>
<kw name="Wait Until Page Contains Element" library="SeleniumLibrary">
<arg>${ProductPageFrame}</arg>
<doc>Waits until the element ``locator`` appears on the current page.</doc>
<status status="PASS" starttime="20210723 13:51:29.464" endtime="20210723 13:51:29.476"/>
</kw>
<kw name="Select Frame" library="SeleniumLibrary">
<arg>${ProductPageFrame}</arg>
<doc>Sets frame identified by ``locator`` as the current frame.</doc>
<msg timestamp="20210723 13:51:29.477" level="INFO">Selecting frame 'xpath://body/div/div/div/div/div/iframe[1]'.</msg>
<status status="PASS" starttime="20210723 13:51:29.476" endtime="20210723 13:51:29.501"/>
</kw>
<kw name="Click Element" library="SeleniumLibrary">
<arg>${ProductPageElementVestidoColor1}</arg>
<doc>Click the element identified by ``locator``.</doc>
<msg timestamp="20210723 13:51:29.502" level="INFO">Clicking element 'xpath://a[@id='color_11']'.</msg>
<status status="PASS" starttime="20210723 13:51:29.501" endtime="20210723 13:51:29.619"/>
</kw>
<kw name="Click Element" library="SeleniumLibrary">
<arg>${ProductPageElementVestidoColor2}</arg>
<doc>Click the element identified by ``locator``.</doc>
<msg timestamp="20210723 13:51:29.620" level="INFO">Clicking element 'xpath://a[@id='color_13']'.</msg>
<status status="PASS" starttime="20210723 13:51:29.619" endtime="20210723 13:51:29.703"/>
</kw>
<kw name="Click Element" library="SeleniumLibrary">
<arg>${ProductPageElementVestidoColor3}</arg>
<doc>Click the element identified by ``locator``.</doc>
<msg timestamp="20210723 13:51:29.703" level="INFO">Clicking element 'xpath://a[@id='color_14']'.</msg>
<status status="PASS" starttime="20210723 13:51:29.703" endtime="20210723 13:51:29.788"/>
</kw>
<kw name="Click Element" library="SeleniumLibrary">
<arg>${ProductPageElementVestidoColor4}</arg>
<doc>Click the element identified by ``locator``.</doc>
<msg timestamp="20210723 13:51:29.788" level="INFO">Clicking element 'xpath://a[@id='color_16']'.</msg>
<status status="PASS" starttime="20210723 13:51:29.788" endtime="20210723 13:51:29.881"/>
</kw>
<kw name="Click Element" library="SeleniumLibrary">
<arg>${ProductPageElementVestido}</arg>
<doc>Click the element identified by ``locator``.</doc>
<msg timestamp="20210723 13:51:29.882" level="INFO">Clicking element 'xpath://option[@title='S']'.</msg>
<status status="PASS" starttime="20210723 13:51:29.882" endtime="20210723 13:51:29.922"/>
</kw>
<kw name="Capture Page Screenshot" library="SeleniumLibrary">
<arg>${ProductPageScreenshotProducto2}</arg>
<doc>Takes a screenshot of the current page and embeds it into a log file.</doc>
<msg timestamp="20210723 13:51:30.102" level="INFO" html="true">&lt;/td&gt;&lt;/tr&gt;&lt;tr&gt;&lt;td colspan="3"&gt;&lt;a href="Evidencias/Producto-2.png"&gt;&lt;img src="Evidencias/Producto-2.png" width="800px"&gt;&lt;/a&gt;</msg>
<status status="PASS" starttime="20210723 13:51:29.922" endtime="20210723 13:51:30.102"/>
</kw>
<kw name="Click Element" library="SeleniumLibrary">
<arg>${ProductPageElementCarrito}</arg>
<doc>Click the element identified by ``locator``.</doc>
<msg timestamp="20210723 13:51:30.103" level="INFO">Clicking element 'xpath://span[normalize-space()='Add to cart']'.</msg>
<status status="PASS" starttime="20210723 13:51:30.102" endtime="20210723 13:51:30.183"/>
</kw>
<kw name="Unselect Frame" library="SeleniumLibrary">
<doc>Sets the main frame as the current frame.</doc>
<status status="PASS" starttime="20210723 13:51:30.184" endtime="20210723 13:51:30.187"/>
</kw>
<status status="PASS" starttime="20210723 13:51:27.453" endtime="20210723 13:51:30.187"/>
</kw>
<kw name="Finalizar Test De Prueba" library="CommonFuncSitioDesafio" type="TEARDOWN">
<kw name="Close All Browsers" library="SeleniumLibrary">
<doc>Closes all open browsers and resets the browser cache.</doc>
<status status="PASS" starttime="20210723 13:51:30.189" endtime="20210723 13:51:32.385"/>
</kw>
<status status="PASS" starttime="20210723 13:51:30.188" endtime="20210723 13:51:32.385"/>
</kw>
<doc>Este caso de prueba valida la funcionalidad seleccionar talla y color del producto "Vestido"</doc>
<tag>Funcional</tag>
<status status="PASS" starttime="20210723 13:51:16.258" endtime="20210723 13:51:32.386"/>
</test>
<test id="s1-t5" name="Validar Funcionalidad Carrito de Compra">
<kw name="Comenzar Test De Prueba" library="CommonFuncSitioDesafio" type="SETUP">
<kw name="Open Browser" library="SeleniumLibrary">
<arg>${URL}</arg>
<arg>${Browser}</arg>
<doc>Opens a new browser instance to the optional ``url``.</doc>
<msg timestamp="20210723 13:51:32.389" level="INFO">Opening browser 'chrome' to base url 'http://automationpractice.com'.</msg>
<status status="PASS" starttime="20210723 13:51:32.388" endtime="20210723 13:51:38.020"/>
</kw>
<kw name="Maximize Browser Window" library="SeleniumLibrary">
<doc>Maximizes current browser window.</doc>
<status status="PASS" starttime="20210723 13:51:38.020" endtime="20210723 13:51:38.169"/>
</kw>
<status status="PASS" starttime="20210723 13:51:32.388" endtime="20210723 13:51:38.169"/>
</kw>
<kw name="Seleccionar Producto Vestido" library="HomePage">
<kw name="Sleep" library="BuiltIn">
<arg>2</arg>
<doc>Pauses the test executed for the given time.</doc>
<msg timestamp="20210723 13:51:40.180" level="INFO">Slept 2 seconds</msg>
<status status="PASS" starttime="20210723 13:51:38.170" endtime="20210723 13:51:40.180"/>
</kw>
<kw name="Mouse Over" library="SeleniumLibrary">
<arg>${HomePageMouseOverObject2}</arg>
<doc>Simulates hovering the mouse over the element ``locator``.</doc>
<msg timestamp="20210723 13:51:40.181" level="INFO">Simulating Mouse Over on element 'xpath://li[starts-with(@class, 'ajax_block_product col-xs-12 col-sm-4 col-md-3 first-in-line last-line first-item-of-mobile-line')]'.</msg>
<status status="PASS" starttime="20210723 13:51:40.181" endtime="20210723 13:51:40.473"/>
</kw>
<kw name="Sleep" library="BuiltIn">
<arg>3</arg>
<doc>Pauses the test executed for the given time.</doc>
<msg timestamp="20210723 13:51:43.486" level="INFO">Slept 3 seconds</msg>
<status status="PASS" starttime="20210723 13:51:40.474" endtime="20210723 13:51:43.486"/>
</kw>
<kw name="Click Element" library="SeleniumLibrary">
<arg>${HomePageElementObject2}</arg>
<doc>Click the element identified by ``locator``.</doc>
<msg timestamp="20210723 13:51:43.487" level="INFO">Clicking element 'xpath://li[starts-with(@class, 'ajax_block_product col-xs-12 col-sm-4 col-md-3 first-in-line last-line first-item-of-mobile-line')]//div[@class='product-container']//div[@class='left-block']//a[@class='quick-view']'.</msg>
<status status="PASS" starttime="20210723 13:51:43.487" endtime="20210723 13:51:43.582"/>
</kw>
<status status="PASS" starttime="20210723 13:51:38.170" endtime="20210723 13:51:43.582"/>
</kw>
<kw name="Seleccionar Talla y Color Vestido" library="ProductPage">
<kw name="Sleep" library="BuiltIn">
<arg>2</arg>
<doc>Pauses the test executed for the given time.</doc>
<msg timestamp="20210723 13:51:45.593" level="INFO">Slept 2 seconds</msg>
<status status="PASS" starttime="20210723 13:51:43.583" endtime="20210723 13:51:45.593"/>
</kw>
<kw name="Wait Until Page Contains Element" library="SeleniumLibrary">
<arg>${ProductPageFrame}</arg>
<doc>Waits until the element ``locator`` appears on the current page.</doc>
<status status="PASS" starttime="20210723 13:51:45.593" endtime="20210723 13:51:45.606"/>
</kw>
<kw name="Select Frame" library="SeleniumLibrary">
<arg>${ProductPageFrame}</arg>
<doc>Sets frame identified by ``locator`` as the current frame.</doc>
<msg timestamp="20210723 13:51:45.606" level="INFO">Selecting frame 'xpath://body/div/div/div/div/div/iframe[1]'.</msg>
<status status="PASS" starttime="20210723 13:51:45.606" endtime="20210723 13:51:45.630"/>
</kw>
<kw name="Click Element" library="SeleniumLibrary">
<arg>${ProductPageElementVestidoColor1}</arg>
<doc>Click the element identified by ``locator``.</doc>
<msg timestamp="20210723 13:51:45.631" level="INFO">Clicking element 'xpath://a[@id='color_11']'.</msg>
<status status="PASS" starttime="20210723 13:51:45.630" endtime="20210723 13:51:45.767"/>
</kw>
<kw name="Click Element" library="SeleniumLibrary">
<arg>${ProductPageElementVestidoColor2}</arg>
<doc>Click the element identified by ``locator``.</doc>
<msg timestamp="20210723 13:51:45.767" level="INFO">Clicking element 'xpath://a[@id='color_13']'.</msg>
<status status="PASS" starttime="20210723 13:51:45.767" endtime="20210723 13:51:45.857"/>
</kw>
<kw name="Click Element" library="SeleniumLibrary">
<arg>${ProductPageElementVestidoColor3}</arg>
<doc>Click the element identified by ``locator``.</doc>
<msg timestamp="20210723 13:51:45.858" level="INFO">Clicking element 'xpath://a[@id='color_14']'.</msg>
<status status="PASS" starttime="20210723 13:51:45.857" endtime="20210723 13:51:45.953"/>
</kw>
<kw name="Click Element" library="SeleniumLibrary">
<arg>${ProductPageElementVestidoColor4}</arg>
<doc>Click the element identified by ``locator``.</doc>
<msg timestamp="20210723 13:51:45.954" level="INFO">Clicking element 'xpath://a[@id='color_16']'.</msg>
<status status="PASS" starttime="20210723 13:51:45.954" endtime="20210723 13:51:46.036"/>
</kw>
<kw name="Click Element" library="SeleniumLibrary">
<arg>${ProductPageElementVestido}</arg>
<doc>Click the element identified by ``locator``.</doc>
<msg timestamp="20210723 13:51:46.037" level="INFO">Clicking element 'xpath://option[@title='S']'.</msg>
<status status="PASS" starttime="20210723 13:51:46.037" endtime="20210723 13:51:46.075"/>
</kw>
<kw name="Capture Page Screenshot" library="SeleniumLibrary">
<arg>${ProductPageScreenshotProducto2}</arg>
<doc>Takes a screenshot of the current page and embeds it into a log file.</doc>
<msg timestamp="20210723 13:51:46.255" level="INFO" html="true">&lt;/td&gt;&lt;/tr&gt;&lt;tr&gt;&lt;td colspan="3"&gt;&lt;a href="Evidencias/Producto-2.png"&gt;&lt;img src="Evidencias/Producto-2.png" width="800px"&gt;&lt;/a&gt;</msg>
<status status="PASS" starttime="20210723 13:51:46.075" endtime="20210723 13:51:46.255"/>
</kw>
<kw name="Click Element" library="SeleniumLibrary">
<arg>${ProductPageElementCarrito}</arg>
<doc>Click the element identified by ``locator``.</doc>
<msg timestamp="20210723 13:51:46.256" level="INFO">Clicking element 'xpath://span[normalize-space()='Add to cart']'.</msg>
<status status="PASS" starttime="20210723 13:51:46.255" endtime="20210723 13:51:46.329"/>
</kw>
<kw name="Unselect Frame" library="SeleniumLibrary">
<doc>Sets the main frame as the current frame.</doc>
<status status="PASS" starttime="20210723 13:51:46.329" endtime="20210723 13:51:46.332"/>
</kw>
<status status="PASS" starttime="20210723 13:51:43.583" endtime="20210723 13:51:46.332"/>
</kw>
<kw name="Ir a Carrito de Compras" library="ProductPage">
<kw name="Wait Until Page Contains Element" library="SeleniumLibrary">
<arg>${ProductPageElementFrameCompra}</arg>
<doc>Waits until the element ``locator`` appears on the current page.</doc>
<status status="PASS" starttime="20210723 13:51:46.334" endtime="20210723 13:51:46.351"/>
</kw>
<kw name="Sleep" library="BuiltIn">
<arg>3</arg>
<doc>Pauses the test executed for the given time.</doc>
<msg timestamp="20210723 13:51:49.360" level="INFO">Slept 3 seconds</msg>
<status status="PASS" starttime="20210723 13:51:46.351" endtime="20210723 13:51:49.360"/>
</kw>
<kw name="Click Element" library="SeleniumLibrary">
<arg>${ProductPageElementIraCarritoCompra}</arg>
<doc>Click the element identified by ``locator``.</doc>
<msg timestamp="20210723 13:51:49.361" level="INFO">Clicking element 'xpath://span[normalize-space()='Proceed to checkout']'.</msg>
<status status="PASS" starttime="20210723 13:51:49.360" endtime="20210723 13:51:50.662"/>
</kw>
<status status="PASS" starttime="20210723 13:51:46.333" endtime="20210723 13:51:50.662"/>
</kw>
<kw name="Finalizar Test De Prueba" library="CommonFuncSitioDesafio" type="TEARDOWN">
<kw name="Close All Browsers" library="SeleniumLibrary">
<doc>Closes all open browsers and resets the browser cache.</doc>
<status status="PASS" starttime="20210723 13:51:50.664" endtime="20210723 13:51:52.866"/>
</kw>
<status status="PASS" starttime="20210723 13:51:50.663" endtime="20210723 13:51:52.866"/>
</kw>
<doc>Este caso de prueba valida la funcionalidad ir a carrito de compra</doc>
<tag>Funcional</tag>
<status status="PASS" starttime="20210723 13:51:32.387" endtime="20210723 13:51:52.867"/>
</test>
<test id="s1-t6" name="Validar Funcionalidad Resumen de Carrito">
<kw name="Comenzar Test De Prueba" library="CommonFuncSitioDesafio" type="SETUP">
<kw name="Open Browser" library="SeleniumLibrary">
<arg>${URL}</arg>
<arg>${Browser}</arg>
<doc>Opens a new browser instance to the optional ``url``.</doc>
<msg timestamp="20210723 13:51:52.869" level="INFO">Opening browser 'chrome' to base url 'http://automationpractice.com'.</msg>
<status status="PASS" starttime="20210723 13:51:52.869" endtime="20210723 13:52:00.833"/>
</kw>
<kw name="Maximize Browser Window" library="SeleniumLibrary">
<doc>Maximizes current browser window.</doc>
<status status="PASS" starttime="20210723 13:52:00.833" endtime="20210723 13:52:00.985"/>
</kw>
<status status="PASS" starttime="20210723 13:51:52.869" endtime="20210723 13:52:00.986"/>
</kw>
<kw name="Seleccionar Producto Blusa Negra" library="HomePage">
<kw name="Mouse Over" library="SeleniumLibrary">
<arg>${HomePageMouseOverObject1}</arg>
<doc>Simulates hovering the mouse over the element ``locator``.</doc>
<msg timestamp="20210723 13:52:00.990" level="INFO">Simulating Mouse Over on element 'xpath://li[starts-with(@class, 'ajax_block_product col-xs-12 col-sm-4 col-md-3 last-item-of-mobile-line')]'.</msg>
<status status="PASS" starttime="20210723 13:52:00.989" endtime="20210723 13:52:01.307"/>
</kw>
<kw name="Sleep" library="BuiltIn">
<arg>2</arg>
<doc>Pauses the test executed for the given time.</doc>
<msg timestamp="20210723 13:52:03.321" level="INFO">Slept 2 seconds</msg>
<status status="PASS" starttime="20210723 13:52:01.308" endtime="20210723 13:52:03.321"/>
</kw>
<kw name="Click Element" library="SeleniumLibrary">
<arg>${HomePageElementObject1}</arg>
<doc>Click the element identified by ``locator``.</doc>
<msg timestamp="20210723 13:52:03.322" level="INFO">Clicking element 'xpath://li[starts-with(@class, 'ajax_block_product col-xs-12 col-sm-4 col-md-3 last-item-of-mobile-line')]//div[@class='product-container']//div[@class='left-block']//a[@class='quick-view']'.</msg>
<status status="PASS" starttime="20210723 13:52:03.322" endtime="20210723 13:52:03.422"/>
</kw>
<status status="PASS" starttime="20210723 13:52:00.988" endtime="20210723 13:52:03.423"/>
</kw>
<kw name="Seleccionar Talla y Color Blusa" library="ProductPage">
<kw name="Sleep" library="BuiltIn">
<arg>2</arg>
<doc>Pauses the test executed for the given time.</doc>
<msg timestamp="20210723 13:52:05.428" level="INFO">Slept 2 seconds</msg>
<status status="PASS" starttime="20210723 13:52:03.424" endtime="20210723 13:52:05.428"/>
</kw>
<kw name="Wait Until Page Contains Element" library="SeleniumLibrary">
<arg>${ProductPageFrame}</arg>
<doc>Waits until the element ``locator`` appears on the current page.</doc>
<status status="PASS" starttime="20210723 13:52:05.428" endtime="20210723 13:52:05.440"/>
</kw>
<kw name="Select Frame" library="SeleniumLibrary">
<arg>${ProductPageFrame}</arg>
<doc>Sets frame identified by ``locator`` as the current frame.</doc>
<msg timestamp="20210723 13:52:05.441" level="INFO">Selecting frame 'xpath://body/div/div/div/div/div/iframe[1]'.</msg>
<status status="PASS" starttime="20210723 13:52:05.440" endtime="20210723 13:52:05.468"/>
</kw>
<kw name="Click Element" library="SeleniumLibrary">
<arg>${ProductPageElementBlusaColor1}</arg>
<doc>Click the element identified by ``locator``.</doc>
<msg timestamp="20210723 13:52:05.469" level="INFO">Clicking element 'xpath://a[@id='color_8']'.</msg>
<status status="PASS" starttime="20210723 13:52:05.468" endtime="20210723 13:52:05.582"/>
</kw>
<kw name="Click Element" library="SeleniumLibrary">
<arg>${ProductPageElementBlusaColor2}</arg>
<doc>Click the element identified by ``locator``.</doc>
<msg timestamp="20210723 13:52:05.582" level="INFO">Clicking element 'xpath://a[@id='color_11']'.</msg>
<status status="PASS" starttime="20210723 13:52:05.582" endtime="20210723 13:52:05.665"/>
</kw>
<kw name="Click Element" library="SeleniumLibrary">
<arg>${ProductPageElementBlusa}</arg>
<doc>Click the element identified by ``locator``.</doc>
<msg timestamp="20210723 13:52:05.667" level="INFO">Clicking element 'xpath://option[@title='L']'.</msg>
<status status="PASS" starttime="20210723 13:52:05.666" endtime="20210723 13:52:05.735"/>
</kw>
<kw name="Capture Page Screenshot" library="SeleniumLibrary">
<arg>${ProductPageScreenshotProducto1}</arg>
<doc>Takes a screenshot of the current page and embeds it into a log file.</doc>
<msg timestamp="20210723 13:52:05.962" level="INFO" html="true">&lt;/td&gt;&lt;/tr&gt;&lt;tr&gt;&lt;td colspan="3"&gt;&lt;a href="Evidencias/Producto-1.png"&gt;&lt;img src="Evidencias/Producto-1.png" width="800px"&gt;&lt;/a&gt;</msg>
<status status="PASS" starttime="20210723 13:52:05.735" endtime="20210723 13:52:05.962"/>
</kw>
<kw name="Click Element" library="SeleniumLibrary">
<arg>${ProductPageElementCarrito}</arg>
<doc>Click the element identified by ``locator``.</doc>
<msg timestamp="20210723 13:52:05.963" level="INFO">Clicking element 'xpath://span[normalize-space()='Add to cart']'.</msg>
<status status="PASS" starttime="20210723 13:52:05.962" endtime="20210723 13:52:06.036"/>
</kw>
<kw name="Unselect Frame" library="SeleniumLibrary">
<doc>Sets the main frame as the current frame.</doc>
<status status="PASS" starttime="20210723 13:52:06.036" endtime="20210723 13:52:06.040"/>
</kw>
<status status="PASS" starttime="20210723 13:52:03.423" endtime="20210723 13:52:06.040"/>
</kw>
<kw name="Continuar Con La Compra" library="ProductPage">
<kw name="Wait Until Page Contains Element" library="SeleniumLibrary">
<arg>${ProductPageElementFrameCompra}</arg>
<doc>Waits until the element ``locator`` appears on the current page.</doc>
<status status="PASS" starttime="20210723 13:52:06.041" endtime="20210723 13:52:06.054"/>
</kw>
<kw name="Sleep" library="BuiltIn">
<arg>3</arg>
<doc>Pauses the test executed for the given time.</doc>
<msg timestamp="20210723 13:52:09.055" level="INFO">Slept 3 seconds</msg>
<status status="PASS" starttime="20210723 13:52:06.054" endtime="20210723 13:52:09.055"/>
</kw>
<kw name="Click Element" library="SeleniumLibrary">
<arg>${ProductPageElementContinuarCompra}</arg>
<doc>Click the element identified by ``locator``.</doc>
<msg timestamp="20210723 13:52:09.056" level="INFO">Clicking element 'xpath://span[@title='Continue shopping']'.</msg>
<status status="PASS" starttime="20210723 13:52:09.056" endtime="20210723 13:52:09.103"/>
</kw>
<status status="PASS" starttime="20210723 13:52:06.041" endtime="20210723 13:52:09.103"/>
</kw>
<kw name="Validar Logo De Home Page" library="HomePage">
<kw name="Sleep" library="BuiltIn">
<arg>1</arg>
<doc>Pauses the test executed for the given time.</doc>
<msg timestamp="20210723 13:52:10.115" level="INFO">Slept 1 second</msg>
<status status="PASS" starttime="20210723 13:52:09.104" endtime="20210723 13:52:10.115"/>
</kw>
<kw name="Wait Until Page Contains Element" library="SeleniumLibrary">
<arg>${HomeElementLogo}</arg>
<doc>Waits until the element ``locator`` appears on the current page.</doc>
<status status="PASS" starttime="20210723 13:52:10.116" endtime="20210723 13:52:10.128"/>
</kw>
<kw name="Execute Javascript" library="SeleniumLibrary">
<arg>${HomePageScrollDown}</arg>
<doc>Executes the given JavaScript code with possible arguments.</doc>
<msg timestamp="20210723 13:52:10.128" level="INFO">Executing JavaScript:
window.scrollTo(0,700)
Without any arguments.</msg>
<status status="PASS" starttime="20210723 13:52:10.128" endtime="20210723 13:52:10.152"/>
</kw>
<status status="PASS" starttime="20210723 13:52:09.104" endtime="20210723 13:52:10.152"/>
</kw>
<kw name="Seleccionar Producto Vestido" library="HomePage">
<kw name="Sleep" library="BuiltIn">
<arg>2</arg>
<doc>Pauses the test executed for the given time.</doc>
<msg timestamp="20210723 13:52:12.163" level="INFO">Slept 2 seconds</msg>
<status status="PASS" starttime="20210723 13:52:10.154" endtime="20210723 13:52:12.163"/>
</kw>
<kw name="Mouse Over" library="SeleniumLibrary">
<arg>${HomePageMouseOverObject2}</arg>
<doc>Simulates hovering the mouse over the element ``locator``.</doc>
<msg timestamp="20210723 13:52:12.165" level="INFO">Simulating Mouse Over on element 'xpath://li[starts-with(@class, 'ajax_block_product col-xs-12 col-sm-4 col-md-3 first-in-line last-line first-item-of-mobile-line')]'.</msg>
<status status="PASS" starttime="20210723 13:52:12.164" endtime="20210723 13:52:12.471"/>
</kw>
<kw name="Sleep" library="BuiltIn">
<arg>3</arg>
<doc>Pauses the test executed for the given time.</doc>
<msg timestamp="20210723 13:52:15.473" level="INFO">Slept 3 seconds</msg>
<status status="PASS" starttime="20210723 13:52:12.472" endtime="20210723 13:52:15.473"/>
</kw>
<kw name="Click Element" library="SeleniumLibrary">
<arg>${HomePageElementObject2}</arg>
<doc>Click the element identified by ``locator``.</doc>
<msg timestamp="20210723 13:52:15.474" level="INFO">Clicking element 'xpath://li[starts-with(@class, 'ajax_block_product col-xs-12 col-sm-4 col-md-3 first-in-line last-line first-item-of-mobile-line')]//div[@class='product-container']//div[@class='left-block']//a[@class='quick-view']'.</msg>
<status status="PASS" starttime="20210723 13:52:15.474" endtime="20210723 13:52:15.600"/>
</kw>
<status status="PASS" starttime="20210723 13:52:10.153" endtime="20210723 13:52:15.600"/>
</kw>
<kw name="Seleccionar Talla y Color Vestido" library="ProductPage">
<kw name="Sleep" library="BuiltIn">
<arg>2</arg>
<doc>Pauses the test executed for the given time.</doc>
<msg timestamp="20210723 13:52:17.611" level="INFO">Slept 2 seconds</msg>
<status status="PASS" starttime="20210723 13:52:15.602" endtime="20210723 13:52:17.611"/>
</kw>
<kw name="Wait Until Page Contains Element" library="SeleniumLibrary">
<arg>${ProductPageFrame}</arg>
<doc>Waits until the element ``locator`` appears on the current page.</doc>
<status status="PASS" starttime="20210723 13:52:17.611" endtime="20210723 13:52:17.624"/>
</kw>
<kw name="Select Frame" library="SeleniumLibrary">
<arg>${ProductPageFrame}</arg>
<doc>Sets frame identified by ``locator`` as the current frame.</doc>
<msg timestamp="20210723 13:52:17.625" level="INFO">Selecting frame 'xpath://body/div/div/div/div/div/iframe[1]'.</msg>
<status status="PASS" starttime="20210723 13:52:17.625" endtime="20210723 13:52:17.656"/>
</kw>
<kw name="Click Element" library="SeleniumLibrary">
<arg>${ProductPageElementVestidoColor1}</arg>
<doc>Click the element identified by ``locator``.</doc>
<msg timestamp="20210723 13:52:17.657" level="INFO">Clicking element 'xpath://a[@id='color_11']'.</msg>
<status status="PASS" starttime="20210723 13:52:17.656" endtime="20210723 13:52:17.775"/>
</kw>
<kw name="Click Element" library="SeleniumLibrary">
<arg>${ProductPageElementVestidoColor2}</arg>
<doc>Click the element identified by ``locator``.</doc>
<msg timestamp="20210723 13:52:17.776" level="INFO">Clicking element 'xpath://a[@id='color_13']'.</msg>
<status status="PASS" starttime="20210723 13:52:17.775" endtime="20210723 13:52:17.875"/>
</kw>
<kw name="Click Element" library="SeleniumLibrary">
<arg>${ProductPageElementVestidoColor3}</arg>
<doc>Click the element identified by ``locator``.</doc>
<msg timestamp="20210723 13:52:17.876" level="INFO">Clicking element 'xpath://a[@id='color_14']'.</msg>
<status status="PASS" starttime="20210723 13:52:17.875" endtime="20210723 13:52:17.955"/>
</kw>
<kw name="Click Element" library="SeleniumLibrary">
<arg>${ProductPageElementVestidoColor4}</arg>
<doc>Click the element identified by ``locator``.</doc>
<msg timestamp="20210723 13:52:17.956" level="INFO">Clicking element 'xpath://a[@id='color_16']'.</msg>
<status status="PASS" starttime="20210723 13:52:17.955" endtime="20210723 13:52:18.045"/>
</kw>
<kw name="Click Element" library="SeleniumLibrary">
<arg>${ProductPageElementVestido}</arg>
<doc>Click the element identified by ``locator``.</doc>
<msg timestamp="20210723 13:52:18.045" level="INFO">Clicking element 'xpath://option[@title='S']'.</msg>
<status status="PASS" starttime="20210723 13:52:18.045" endtime="20210723 13:52:18.082"/>
</kw>
<kw name="Capture Page Screenshot" library="SeleniumLibrary">
<arg>${ProductPageScreenshotProducto2}</arg>
<doc>Takes a screenshot of the current page and embeds it into a log file.</doc>
<msg timestamp="20210723 13:52:18.311" level="INFO" html="true">&lt;/td&gt;&lt;/tr&gt;&lt;tr&gt;&lt;td colspan="3"&gt;&lt;a href="Evidencias/Producto-2.png"&gt;&lt;img src="Evidencias/Producto-2.png" width="800px"&gt;&lt;/a&gt;</msg>
<status status="PASS" starttime="20210723 13:52:18.082" endtime="20210723 13:52:18.311"/>
</kw>
<kw name="Click Element" library="SeleniumLibrary">
<arg>${ProductPageElementCarrito}</arg>
<doc>Click the element identified by ``locator``.</doc>
<msg timestamp="20210723 13:52:18.312" level="INFO">Clicking element 'xpath://span[normalize-space()='Add to cart']'.</msg>
<status status="PASS" starttime="20210723 13:52:18.311" endtime="20210723 13:52:18.385"/>
</kw>
<kw name="Unselect Frame" library="SeleniumLibrary">
<doc>Sets the main frame as the current frame.</doc>
<status status="PASS" starttime="20210723 13:52:18.385" endtime="20210723 13:52:18.390"/>
</kw>
<status status="PASS" starttime="20210723 13:52:15.601" endtime="20210723 13:52:18.390"/>
</kw>
<kw name="Ir a Carrito de Compras" library="ProductPage">
<kw name="Wait Until Page Contains Element" library="SeleniumLibrary">
<arg>${ProductPageElementFrameCompra}</arg>
<doc>Waits until the element ``locator`` appears on the current page.</doc>
<status status="PASS" starttime="20210723 13:52:18.391" endtime="20210723 13:52:18.403"/>
</kw>
<kw name="Sleep" library="BuiltIn">
<arg>3</arg>
<doc>Pauses the test executed for the given time.</doc>
<msg timestamp="20210723 13:52:21.411" level="INFO">Slept 3 seconds</msg>
<status status="PASS" starttime="20210723 13:52:18.403" endtime="20210723 13:52:21.412"/>
</kw>
<kw name="Click Element" library="SeleniumLibrary">
<arg>${ProductPageElementIraCarritoCompra}</arg>
<doc>Click the element identified by ``locator``.</doc>
<msg timestamp="20210723 13:52:21.413" level="INFO">Clicking element 'xpath://span[normalize-space()='Proceed to checkout']'.</msg>
<status status="PASS" starttime="20210723 13:52:21.412" endtime="20210723 13:52:22.893"/>
</kw>
<status status="PASS" starttime="20210723 13:52:18.391" endtime="20210723 13:52:22.893"/>
</kw>
<kw name="Validar Productos" library="SummaryPage">
<kw name="Table Should Contain" library="SeleniumLibrary">
<arg>${SummaryPageTable}</arg>
<arg>${SummaryPageElementVal1}</arg>
<doc>Verifies table contains text ``expected``.</doc>
<status status="PASS" starttime="20210723 13:52:22.894" endtime="20210723 13:52:23.591"/>
</kw>
<kw name="Table Should Contain" library="SeleniumLibrary">
<arg>${SummaryPageTable}</arg>
<arg>${SummaryPageElementVal2}</arg>
<doc>Verifies table contains text ``expected``.</doc>
<status status="PASS" starttime="20210723 13:52:23.592" endtime="20210723 13:52:24.115"/>
</kw>
<status status="PASS" starttime="20210723 13:52:22.894" endtime="20210723 13:52:24.116"/>
</kw>
<kw name="Validar Datos Footer" library="SummaryPage">
<kw name="Table Footer Should Contain" library="SeleniumLibrary">
<arg>${SummaryPageTable}</arg>
<arg>${SummaryPageElementVal3}</arg>
<doc>Verifies table footer contains text ``expected``.</doc>
<status status="PASS" starttime="20210723 13:52:24.117" endtime="20210723 13:52:24.194"/>
</kw>
<kw name="Table Footer Should Contain" library="SeleniumLibrary">
<arg>${SummaryPageTable}</arg>
<arg>${SummaryPageElementVal4}</arg>
<doc>Verifies table footer contains text ``expected``.</doc>
<status status="PASS" starttime="20210723 13:52:24.194" endtime="20210723 13:52:24.282"/>
</kw>
<kw name="Capture Page Screenshot" library="SeleniumLibrary">
<arg>${SummaryPageScreenshotCarrito}</arg>
<doc>Takes a screenshot of the current page and embeds it into a log file.</doc>
<msg timestamp="20210723 13:52:24.430" level="INFO" html="true">&lt;/td&gt;&lt;/tr&gt;&lt;tr&gt;&lt;td colspan="3"&gt;&lt;a href="Evidencias/Productos-Carrito.png"&gt;&lt;img src="Evidencias/Productos-Carrito.png" width="800px"&gt;&lt;/a&gt;</msg>
<status status="PASS" starttime="20210723 13:52:24.282" endtime="20210723 13:52:24.430"/>
</kw>
<status status="PASS" starttime="20210723 13:52:24.117" endtime="20210723 13:52:24.430"/>
</kw>
<kw name="Validar Boton Checkout" library="SummaryPage">
<kw name="Click Element" library="SeleniumLibrary">
<arg>${SummaryPageButton}</arg>
<doc>Click the element identified by ``locator``.</doc>
<msg timestamp="20210723 13:52:24.431" level="INFO">Clicking element 'xpath://a[@class='button btn btn-default standard-checkout button-medium']//span[contains(text(),'Proceed to checkout')]'.</msg>
<status status="PASS" starttime="20210723 13:52:24.431" endtime="20210723 13:52:26.246"/>
</kw>
<status status="PASS" starttime="20210723 13:52:24.431" endtime="20210723 13:52:26.247"/>
</kw>
<kw name="Finalizar Test De Prueba" library="CommonFuncSitioDesafio" type="TEARDOWN">
<kw name="Close All Browsers" library="SeleniumLibrary">
<doc>Closes all open browsers and resets the browser cache.</doc>
<status status="PASS" starttime="20210723 13:52:26.250" endtime="20210723 13:52:28.456"/>
</kw>
<status status="PASS" starttime="20210723 13:52:26.249" endtime="20210723 13:52:28.457"/>
</kw>
<doc>Este caso de prueba valida la funcionalidad resumen de productos a comprar</doc>
<tag>Funcional</tag>
<status status="PASS" starttime="20210723 13:51:52.868" endtime="20210723 13:52:28.458"/>
</test>
<test id="s1-t7" name="Validar Funcionalidad Crear Cuenta">
<kw name="Comenzar Test De Prueba" library="CommonFuncSitioDesafio" type="SETUP">
<kw name="Open Browser" library="SeleniumLibrary">
<arg>${URL}</arg>
<arg>${Browser}</arg>
<doc>Opens a new browser instance to the optional ``url``.</doc>
<msg timestamp="20210723 13:52:28.462" level="INFO">Opening browser 'chrome' to base url 'http://automationpractice.com'.</msg>
<status status="PASS" starttime="20210723 13:52:28.462" endtime="20210723 13:52:34.021"/>
</kw>
<kw name="Maximize Browser Window" library="SeleniumLibrary">
<doc>Maximizes current browser window.</doc>
<status status="PASS" starttime="20210723 13:52:34.021" endtime="20210723 13:52:34.166"/>
</kw>
<status status="PASS" starttime="20210723 13:52:28.461" endtime="20210723 13:52:34.166"/>
</kw>
<kw name="Seleccionar Producto Blusa Negra" library="HomePage">
<kw name="Mouse Over" library="SeleniumLibrary">
<arg>${HomePageMouseOverObject1}</arg>
<doc>Simulates hovering the mouse over the element ``locator``.</doc>
<msg timestamp="20210723 13:52:34.168" level="INFO">Simulating Mouse Over on element 'xpath://li[starts-with(@class, 'ajax_block_product col-xs-12 col-sm-4 col-md-3 last-item-of-mobile-line')]'.</msg>
<status status="PASS" starttime="20210723 13:52:34.167" endtime="20210723 13:52:34.476"/>
</kw>
<kw name="Sleep" library="BuiltIn">
<arg>2</arg>
<doc>Pauses the test executed for the given time.</doc>
<msg timestamp="20210723 13:52:36.487" level="INFO">Slept 2 seconds</msg>
<status status="PASS" starttime="20210723 13:52:34.476" endtime="20210723 13:52:36.487"/>
</kw>
<kw name="Click Element" library="SeleniumLibrary">
<arg>${HomePageElementObject1}</arg>
<doc>Click the element identified by ``locator``.</doc>
<msg timestamp="20210723 13:52:36.488" level="INFO">Clicking element 'xpath://li[starts-with(@class, 'ajax_block_product col-xs-12 col-sm-4 col-md-3 last-item-of-mobile-line')]//div[@class='product-container']//div[@class='left-block']//a[@class='quick-view']'.</msg>
<status status="PASS" starttime="20210723 13:52:36.488" endtime="20210723 13:52:36.586"/>
</kw>
<status status="PASS" starttime="20210723 13:52:34.167" endtime="20210723 13:52:36.587"/>
</kw>
<kw name="Seleccionar Talla y Color Blusa" library="ProductPage">
<kw name="Sleep" library="BuiltIn">
<arg>2</arg>
<doc>Pauses the test executed for the given time.</doc>
<msg timestamp="20210723 13:52:38.594" level="INFO">Slept 2 seconds</msg>
<status status="PASS" starttime="20210723 13:52:36.587" endtime="20210723 13:52:38.594"/>
</kw>
<kw name="Wait Until Page Contains Element" library="SeleniumLibrary">
<arg>${ProductPageFrame}</arg>
<doc>Waits until the element ``locator`` appears on the current page.</doc>
<status status="PASS" starttime="20210723 13:52:38.594" endtime="20210723 13:52:38.606"/>
</kw>
<kw name="Select Frame" library="SeleniumLibrary">
<arg>${ProductPageFrame}</arg>
<doc>Sets frame identified by ``locator`` as the current frame.</doc>
<msg timestamp="20210723 13:52:38.606" level="INFO">Selecting frame 'xpath://body/div/div/div/div/div/iframe[1]'.</msg>
<status status="PASS" starttime="20210723 13:52:38.606" endtime="20210723 13:52:38.631"/>
</kw>
<kw name="Click Element" library="SeleniumLibrary">
<arg>${ProductPageElementBlusaColor1}</arg>
<doc>Click the element identified by ``locator``.</doc>
<msg timestamp="20210723 13:52:38.631" level="INFO">Clicking element 'xpath://a[@id='color_8']'.</msg>
<status status="PASS" starttime="20210723 13:52:38.631" endtime="20210723 13:52:38.747"/>
</kw>
<kw name="Click Element" library="SeleniumLibrary">
<arg>${ProductPageElementBlusaColor2}</arg>
<doc>Click the element identified by ``locator``.</doc>
<msg timestamp="20210723 13:52:38.747" level="INFO">Clicking element 'xpath://a[@id='color_11']'.</msg>
<status status="PASS" starttime="20210723 13:52:38.747" endtime="20210723 13:52:38.830"/>
</kw>
<kw name="Click Element" library="SeleniumLibrary">
<arg>${ProductPageElementBlusa}</arg>
<doc>Click the element identified by ``locator``.</doc>
<msg timestamp="20210723 13:52:38.830" level="INFO">Clicking element 'xpath://option[@title='L']'.</msg>
<status status="PASS" starttime="20210723 13:52:38.830" endtime="20210723 13:52:38.893"/>
</kw>
<kw name="Capture Page Screenshot" library="SeleniumLibrary">
<arg>${ProductPageScreenshotProducto1}</arg>
<doc>Takes a screenshot of the current page and embeds it into a log file.</doc>
<msg timestamp="20210723 13:52:39.122" level="INFO" html="true">&lt;/td&gt;&lt;/tr&gt;&lt;tr&gt;&lt;td colspan="3"&gt;&lt;a href="Evidencias/Producto-1.png"&gt;&lt;img src="Evidencias/Producto-1.png" width="800px"&gt;&lt;/a&gt;</msg>
<status status="PASS" starttime="20210723 13:52:38.893" endtime="20210723 13:52:39.122"/>
</kw>
<kw name="Click Element" library="SeleniumLibrary">
<arg>${ProductPageElementCarrito}</arg>
<doc>Click the element identified by ``locator``.</doc>
<msg timestamp="20210723 13:52:39.123" level="INFO">Clicking element 'xpath://span[normalize-space()='Add to cart']'.</msg>
<status status="PASS" starttime="20210723 13:52:39.122" endtime="20210723 13:52:39.207"/>
</kw>
<kw name="Unselect Frame" library="SeleniumLibrary">
<doc>Sets the main frame as the current frame.</doc>
<status status="PASS" starttime="20210723 13:52:39.207" endtime="20210723 13:52:39.210"/>
</kw>
<status status="PASS" starttime="20210723 13:52:36.587" endtime="20210723 13:52:39.210"/>
</kw>
<kw name="Continuar Con La Compra" library="ProductPage">
<kw name="Wait Until Page Contains Element" library="SeleniumLibrary">
<arg>${ProductPageElementFrameCompra}</arg>
<doc>Waits until the element ``locator`` appears on the current page.</doc>
<status status="PASS" starttime="20210723 13:52:39.211" endtime="20210723 13:52:39.224"/>
</kw>
<kw name="Sleep" library="BuiltIn">
<arg>3</arg>
<doc>Pauses the test executed for the given time.</doc>
<msg timestamp="20210723 13:52:42.239" level="INFO">Slept 3 seconds</msg>
<status status="PASS" starttime="20210723 13:52:39.224" endtime="20210723 13:52:42.239"/>
</kw>
<kw name="Click Element" library="SeleniumLibrary">
<arg>${ProductPageElementContinuarCompra}</arg>
<doc>Click the element identified by ``locator``.</doc>
<msg timestamp="20210723 13:52:42.240" level="INFO">Clicking element 'xpath://span[@title='Continue shopping']'.</msg>
<status status="PASS" starttime="20210723 13:52:42.240" endtime="20210723 13:52:42.283"/>
</kw>
<status status="PASS" starttime="20210723 13:52:39.211" endtime="20210723 13:52:42.284"/>
</kw>
<kw name="Validar Logo De Home Page" library="HomePage">
<kw name="Sleep" library="BuiltIn">
<arg>1</arg>
<doc>Pauses the test executed for the given time.</doc>
<msg timestamp="20210723 13:52:43.285" level="INFO">Slept 1 second</msg>
<status status="PASS" starttime="20210723 13:52:42.285" endtime="20210723 13:52:43.285"/>
</kw>
<kw name="Wait Until Page Contains Element" library="SeleniumLibrary">
<arg>${HomeElementLogo}</arg>
<doc>Waits until the element ``locator`` appears on the current page.</doc>
<status status="PASS" starttime="20210723 13:52:43.285" endtime="20210723 13:52:43.300"/>
</kw>
<kw name="Execute Javascript" library="SeleniumLibrary">
<arg>${HomePageScrollDown}</arg>
<doc>Executes the given JavaScript code with possible arguments.</doc>
<msg timestamp="20210723 13:52:43.300" level="INFO">Executing JavaScript:
window.scrollTo(0,700)
Without any arguments.</msg>
<status status="PASS" starttime="20210723 13:52:43.300" endtime="20210723 13:52:43.308"/>
</kw>
<status status="PASS" starttime="20210723 13:52:42.284" endtime="20210723 13:52:43.308"/>
</kw>
<kw name="Seleccionar Producto Vestido" library="HomePage">
<kw name="Sleep" library="BuiltIn">
<arg>2</arg>
<doc>Pauses the test executed for the given time.</doc>
<msg timestamp="20210723 13:52:45.317" level="INFO">Slept 2 seconds</msg>
<status status="PASS" starttime="20210723 13:52:43.309" endtime="20210723 13:52:45.317"/>
</kw>
<kw name="Mouse Over" library="SeleniumLibrary">
<arg>${HomePageMouseOverObject2}</arg>
<doc>Simulates hovering the mouse over the element ``locator``.</doc>
<msg timestamp="20210723 13:52:45.318" level="INFO">Simulating Mouse Over on element 'xpath://li[starts-with(@class, 'ajax_block_product col-xs-12 col-sm-4 col-md-3 first-in-line last-line first-item-of-mobile-line')]'.</msg>
<status status="PASS" starttime="20210723 13:52:45.317" endtime="20210723 13:52:45.611"/>
</kw>
<kw name="Sleep" library="BuiltIn">
<arg>3</arg>
<doc>Pauses the test executed for the given time.</doc>
<msg timestamp="20210723 13:52:48.622" level="INFO">Slept 3 seconds</msg>
<status status="PASS" starttime="20210723 13:52:45.611" endtime="20210723 13:52:48.622"/>
</kw>
<kw name="Click Element" library="SeleniumLibrary">
<arg>${HomePageElementObject2}</arg>
<doc>Click the element identified by ``locator``.</doc>
<msg timestamp="20210723 13:52:48.623" level="INFO">Clicking element 'xpath://li[starts-with(@class, 'ajax_block_product col-xs-12 col-sm-4 col-md-3 first-in-line last-line first-item-of-mobile-line')]//div[@class='product-container']//div[@class='left-block']//a[@class='quick-view']'.</msg>
<status status="PASS" starttime="20210723 13:52:48.623" endtime="20210723 13:52:48.788"/>
</kw>
<status status="PASS" starttime="20210723 13:52:43.309" endtime="20210723 13:52:48.788"/>
</kw>
<kw name="Seleccionar Talla y Color Vestido" library="ProductPage">
<kw name="Sleep" library="BuiltIn">
<arg>2</arg>
<doc>Pauses the test executed for the given time.</doc>
<msg timestamp="20210723 13:52:50.792" level="INFO">Slept 2 seconds</msg>
<status status="PASS" starttime="20210723 13:52:48.790" endtime="20210723 13:52:50.792"/>
</kw>
<kw name="Wait Until Page Contains Element" library="SeleniumLibrary">
<arg>${ProductPageFrame}</arg>
<doc>Waits until the element ``locator`` appears on the current page.</doc>
<status status="PASS" starttime="20210723 13:52:50.793" endtime="20210723 13:52:50.829"/>
</kw>
<kw name="Select Frame" library="SeleniumLibrary">
<arg>${ProductPageFrame}</arg>
<doc>Sets frame identified by ``locator`` as the current frame.</doc>
<msg timestamp="20210723 13:52:50.831" level="INFO">Selecting frame 'xpath://body/div/div/div/div/div/iframe[1]'.</msg>
<status status="PASS" starttime="20210723 13:52:50.830" endtime="20210723 13:52:50.906"/>
</kw>
<kw name="Click Element" library="SeleniumLibrary">
<arg>${ProductPageElementVestidoColor1}</arg>
<doc>Click the element identified by ``locator``.</doc>
<msg timestamp="20210723 13:52:50.907" level="INFO">Clicking element 'xpath://a[@id='color_11']'.</msg>
<status status="PASS" starttime="20210723 13:52:50.906" endtime="20210723 13:52:51.107"/>
</kw>
<kw name="Click Element" library="SeleniumLibrary">
<arg>${ProductPageElementVestidoColor2}</arg>
<doc>Click the element identified by ``locator``.</doc>
<msg timestamp="20210723 13:52:51.108" level="INFO">Clicking element 'xpath://a[@id='color_13']'.</msg>
<status status="PASS" starttime="20210723 13:52:51.107" endtime="20210723 13:52:51.189"/>
</kw>
<kw name="Click Element" library="SeleniumLibrary">
<arg>${ProductPageElementVestidoColor3}</arg>
<doc>Click the element identified by ``locator``.</doc>
<msg timestamp="20210723 13:52:51.190" level="INFO">Clicking element 'xpath://a[@id='color_14']'.</msg>
<status status="PASS" starttime="20210723 13:52:51.190" endtime="20210723 13:52:51.273"/>
</kw>
<kw name="Click Element" library="SeleniumLibrary">
<arg>${ProductPageElementVestidoColor4}</arg>
<doc>Click the element identified by ``locator``.</doc>
<msg timestamp="20210723 13:52:51.274" level="INFO">Clicking element 'xpath://a[@id='color_16']'.</msg>
<status status="PASS" starttime="20210723 13:52:51.274" endtime="20210723 13:52:51.363"/>
</kw>
<kw name="Click Element" library="SeleniumLibrary">
<arg>${ProductPageElementVestido}</arg>
<doc>Click the element identified by ``locator``.</doc>
<msg timestamp="20210723 13:52:51.364" level="INFO">Clicking element 'xpath://option[@title='S']'.</msg>
<status status="PASS" starttime="20210723 13:52:51.364" endtime="20210723 13:52:51.399"/>
</kw>
<kw name="Capture Page Screenshot" library="SeleniumLibrary">
<arg>${ProductPageScreenshotProducto2}</arg>
<doc>Takes a screenshot of the current page and embeds it into a log file.</doc>
<msg timestamp="20210723 13:52:51.630" level="INFO" html="true">&lt;/td&gt;&lt;/tr&gt;&lt;tr&gt;&lt;td colspan="3"&gt;&lt;a href="Evidencias/Producto-2.png"&gt;&lt;img src="Evidencias/Producto-2.png" width="800px"&gt;&lt;/a&gt;</msg>
<status status="PASS" starttime="20210723 13:52:51.399" endtime="20210723 13:52:51.630"/>
</kw>
<kw name="Click Element" library="SeleniumLibrary">
<arg>${ProductPageElementCarrito}</arg>
<doc>Click the element identified by ``locator``.</doc>
<msg timestamp="20210723 13:52:51.630" level="INFO">Clicking element 'xpath://span[normalize-space()='Add to cart']'.</msg>
<status status="PASS" starttime="20210723 13:52:51.630" endtime="20210723 13:52:51.703"/>
</kw>
<kw name="Unselect Frame" library="SeleniumLibrary">
<doc>Sets the main frame as the current frame.</doc>
<status status="PASS" starttime="20210723 13:52:51.703" endtime="20210723 13:52:51.706"/>
</kw>
<status status="PASS" starttime="20210723 13:52:48.790" endtime="20210723 13:52:51.706"/>
</kw>
<kw name="Ir a Carrito de Compras" library="ProductPage">
<kw name="Wait Until Page Contains Element" library="SeleniumLibrary">
<arg>${ProductPageElementFrameCompra}</arg>
<doc>Waits until the element ``locator`` appears on the current page.</doc>
<status status="PASS" starttime="20210723 13:52:51.707" endtime="20210723 13:52:51.719"/>
</kw>
<kw name="Sleep" library="BuiltIn">
<arg>3</arg>
<doc>Pauses the test executed for the given time.</doc>
<msg timestamp="20210723 13:52:54.731" level="INFO">Slept 3 seconds</msg>
<status status="PASS" starttime="20210723 13:52:51.720" endtime="20210723 13:52:54.731"/>
</kw>
<kw name="Click Element" library="SeleniumLibrary">
<arg>${ProductPageElementIraCarritoCompra}</arg>
<doc>Click the element identified by ``locator``.</doc>
<msg timestamp="20210723 13:52:54.732" level="INFO">Clicking element 'xpath://span[normalize-space()='Proceed to checkout']'.</msg>
<status status="PASS" starttime="20210723 13:52:54.732" endtime="20210723 13:52:56.589"/>
</kw>
<status status="PASS" starttime="20210723 13:52:51.707" endtime="20210723 13:52:56.590"/>
</kw>
<kw name="Validar Productos" library="SummaryPage">
<kw name="Table Should Contain" library="SeleniumLibrary">
<arg>${SummaryPageTable}</arg>
<arg>${SummaryPageElementVal1}</arg>
<doc>Verifies table contains text ``expected``.</doc>
<status status="PASS" starttime="20210723 13:52:56.591" endtime="20210723 13:52:57.281"/>
</kw>
<kw name="Table Should Contain" library="SeleniumLibrary">
<arg>${SummaryPageTable}</arg>
<arg>${SummaryPageElementVal2}</arg>
<doc>Verifies table contains text ``expected``.</doc>
<status status="PASS" starttime="20210723 13:52:57.281" endtime="20210723 13:52:57.794"/>
</kw>
<status status="PASS" starttime="20210723 13:52:56.590" endtime="20210723 13:52:57.795"/>
</kw>
<kw name="Validar Datos Footer" library="SummaryPage">
<kw name="Table Footer Should Contain" library="SeleniumLibrary">
<arg>${SummaryPageTable}</arg>
<arg>${SummaryPageElementVal3}</arg>
<doc>Verifies table footer contains text ``expected``.</doc>
<status status="PASS" starttime="20210723 13:52:57.796" endtime="20210723 13:52:57.872"/>
</kw>
<kw name="Table Footer Should Contain" library="SeleniumLibrary">
<arg>${SummaryPageTable}</arg>
<arg>${SummaryPageElementVal4}</arg>
<doc>Verifies table footer contains text ``expected``.</doc>
<status status="PASS" starttime="20210723 13:52:57.872" endtime="20210723 13:52:57.961"/>
</kw>
<kw name="Capture Page Screenshot" library="SeleniumLibrary">
<arg>${SummaryPageScreenshotCarrito}</arg>
<doc>Takes a screenshot of the current page and embeds it into a log file.</doc>
<msg timestamp="20210723 13:52:58.112" level="INFO" html="true">&lt;/td&gt;&lt;/tr&gt;&lt;tr&gt;&lt;td colspan="3"&gt;&lt;a href="Evidencias/Productos-Carrito.png"&gt;&lt;img src="Evidencias/Productos-Carrito.png" width="800px"&gt;&lt;/a&gt;</msg>
<status status="PASS" starttime="20210723 13:52:57.961" endtime="20210723 13:52:58.112"/>
</kw>
<status status="PASS" starttime="20210723 13:52:57.795" endtime="20210723 13:52:58.112"/>
</kw>
<kw name="Validar Boton Checkout" library="SummaryPage">
<kw name="Click Element" library="SeleniumLibrary">
<arg>${SummaryPageButton}</arg>
<doc>Click the element identified by ``locator``.</doc>
<msg timestamp="20210723 13:52:58.113" level="INFO">Clicking element 'xpath://a[@class='button btn btn-default standard-checkout button-medium']//span[contains(text(),'Proceed to checkout')]'.</msg>
<status status="PASS" starttime="20210723 13:52:58.113" endtime="20210723 13:53:02.188"/>
</kw>
<status status="PASS" starttime="20210723 13:52:58.112" endtime="20210723 13:53:02.188"/>
</kw>
<kw name="Validar Vista Autenticación" library="SignInPage">
<kw name="Sleep" library="BuiltIn">
<arg>2</arg>
<doc>Pauses the test executed for the given time.</doc>
<msg timestamp="20210723 13:53:04.196" level="INFO">Slept 2 seconds</msg>
<status status="PASS" starttime="20210723 13:53:02.189" endtime="20210723 13:53:04.196"/>
</kw>
<kw name="Page Should Contain" library="SeleniumLibrary">
<arg>${SignInPageElementVal1}</arg>
<doc>Verifies that current page contains ``text``.</doc>
<msg timestamp="20210723 13:53:04.220" level="INFO">Current page contains text 'Authentication'.</msg>
<status status="PASS" starttime="20210723 13:53:04.196" endtime="20210723 13:53:04.221"/>
</kw>
<status status="PASS" starttime="20210723 13:53:02.189" endtime="20210723 13:53:04.221"/>
</kw>
<kw name="Acceder a Crear Cuenta" library="SignInPage">
<arg>${email}</arg>
<kw name="Input Text" library="SeleniumLibrary">
<arg>${SignInPageInputEmail}</arg>
<arg>${email}</arg>
<doc>Types the given ``text`` into the text field identified by ``locator``.</doc>
<msg timestamp="20210723 13:53:04.223" level="INFO">Typing text 'prueba14@prueba14.com' into text field 'xpath://input[@id='email_create']'.</msg>
<status status="PASS" starttime="20210723 13:53:04.223" endtime="20210723 13:53:04.331"/>
</kw>
<kw name="Click Element" library="SeleniumLibrary">
<arg>${SignInPageButtonCreateAccount}</arg>
<doc>Click the element identified by ``locator``.</doc>
<msg timestamp="20210723 13:53:04.331" level="INFO">Clicking element 'xpath://span[normalize-space()='Create an account']'.</msg>
<status status="PASS" starttime="20210723 13:53:04.331" endtime="20210723 13:53:04.400"/>
</kw>
<kw name="Sleep" library="BuiltIn">
<arg>1</arg>
<doc>Pauses the test executed for the given time.</doc>
<msg timestamp="20210723 13:53:05.411" level="INFO">Slept 1 second</msg>
<status status="PASS" starttime="20210723 13:53:04.400" endtime="20210723 13:53:05.411"/>
</kw>
<status status="PASS" starttime="20210723 13:53:04.222" endtime="20210723 13:53:05.411"/>
</kw>
<kw name="Validar e Ingresar Información Formulario Crear Cuenta" library="SignInPage">
<arg>${Fname}</arg>
<arg>${Lname}</arg>
<arg>${pass}</arg>
<arg>${day}</arg>
<arg>${month}</arg>
<arg>${year}</arg>
<arg>${company}</arg>
<arg>${address1}</arg>
<arg>${address2}</arg>
<arg>${city}</arg>
<arg>${state}</arg>
<arg>${postcode}</arg>
<arg>${country}</arg>
<arg>${other}</arg>
<arg>${phone}</arg>
<arg>${phoneM}</arg>
<arg>${alias}</arg>
<kw name="Sleep" library="BuiltIn">
<arg>3</arg>
<doc>Pauses the test executed for the given time.</doc>
<msg timestamp="20210723 13:53:08.425" level="INFO">Slept 3 seconds</msg>
<status status="PASS" starttime="20210723 13:53:05.413" endtime="20210723 13:53:08.425"/>
</kw>
<kw name="Page Should Contain" library="SeleniumLibrary">
<arg>${SignInPageElementVal2}</arg>
<doc>Verifies that current page contains ``text``.</doc>
<msg timestamp="20210723 13:53:08.440" level="INFO">Current page contains text 'Create an account'.</msg>
<status status="PASS" starttime="20210723 13:53:08.425" endtime="20210723 13:53:08.440"/>
</kw>
<kw name="Click Element" library="SeleniumLibrary">
<arg>${SignInPageRadio1}</arg>
<doc>Click the element identified by ``locator``.</doc>
<msg timestamp="20210723 13:53:08.441" level="INFO">Clicking element 'xpath://label[normalize-space()='Mr.']'.</msg>
<status status="PASS" starttime="20210723 13:53:08.441" endtime="20210723 13:53:08.494"/>
</kw>
<kw name="Click Element" library="SeleniumLibrary">
<arg>${SignInPageRadio2}</arg>
<doc>Click the element identified by ``locator``.</doc>
<msg timestamp="20210723 13:53:08.494" level="INFO">Clicking element 'xpath://label[normalize-space()='Mrs.']'.</msg>
<status status="PASS" starttime="20210723 13:53:08.494" endtime="20210723 13:53:08.544"/>
</kw>
<kw name="Input Text" library="SeleniumLibrary">
<arg>${SignInPageInputFirstName}</arg>
<arg>${Fname}</arg>
<doc>Types the given ``text`` into the text field identified by ``locator``.</doc>
<msg timestamp="20210723 13:53:08.545" level="INFO">Typing text 'Elmer' into text field 'xpath://input[@name='customer_firstname']'.</msg>
<status status="PASS" starttime="20210723 13:53:08.545" endtime="20210723 13:53:08.641"/>
</kw>
<kw name="Input Text" library="SeleniumLibrary">
<arg>${SignInPageInputLastName}</arg>
<arg>${Lname}</arg>
<doc>Types the given ``text`` into the text field identified by ``locator``.</doc>
<msg timestamp="20210723 13:53:08.642" level="INFO">Typing text 'M. Cornelius' into text field 'xpath://input[@name='customer_lastname']'.</msg>
<status status="PASS" starttime="20210723 13:53:08.642" endtime="20210723 13:53:08.748"/>
</kw>
<kw name="Input Password" library="SeleniumLibrary">
<arg>${SignInPageInputPassword}</arg>
<arg>${pass}</arg>
<doc>Types the given password into the text field identified by ``locator``.</doc>
<msg timestamp="20210723 13:53:08.749" level="INFO">Typing password into text field 'xpath://input[@name='passwd']'.</msg>
<msg timestamp="20210723 13:53:08.792" level="INFO">Temporally setting log level to: NONE</msg>
<msg timestamp="20210723 13:53:08.839" level="INFO">Log level changed from NONE to INFO.</msg>
<status status="PASS" starttime="20210723 13:53:08.748" endtime="20210723 13:53:08.839"/>
</kw>
<kw name="Select From List By Value" library="SeleniumLibrary">
<arg>${SignInPageDropDownDia}</arg>
<arg>${day}</arg>
<doc>Selects options from selection list ``locator`` by ``values``.</doc>
<msg timestamp="20210723 13:53:08.840" level="INFO">Selecting options from selection list 'xpath://select[@name='days']' by value 18.</msg>
<status status="PASS" starttime="20210723 13:53:08.839" endtime="20210723 13:53:08.919"/>
</kw>
<kw name="Select From List By Value" library="SeleniumLibrary">
<arg>${SignInPageDropDownMes}</arg>
<arg>${month}</arg>
<doc>Selects options from selection list ``locator`` by ``values``.</doc>
<msg timestamp="20210723 13:53:08.919" level="INFO">Selecting options from selection list 'xpath://select[@name='months']' by value 7.</msg>
<status status="PASS" starttime="20210723 13:53:08.919" endtime="20210723 13:53:09.002"/>
</kw>
<kw name="Select From List By Value" library="SeleniumLibrary">
<arg>${SignInPageDropDownAno}</arg>
<arg>${year}</arg>
<doc>Selects options from selection list ``locator`` by ``values``.</doc>
<msg timestamp="20210723 13:53:09.002" level="INFO">Selecting options from selection list 'xpath://select[@name='years']' by value 1991.</msg>
<status status="PASS" starttime="20210723 13:53:09.002" endtime="20210723 13:53:09.084"/>
</kw>
<kw name="Click Element" library="SeleniumLibrary">
<arg>${SignInPageCheckNewLetter}</arg>
<doc>Click the element identified by ``locator``.</doc>
<msg timestamp="20210723 13:53:09.085" level="INFO">Clicking element 'xpath://input[@name='newsletter']'.</msg>
<status status="PASS" starttime="20210723 13:53:09.085" endtime="20210723 13:53:09.141"/>
</kw>
<kw name="Click Element" library="SeleniumLibrary">
<arg>${SignInPageCheckOption}</arg>
<doc>Click the element identified by ``locator``.</doc>
<msg timestamp="20210723 13:53:09.141" level="INFO">Clicking element 'xpath://input[@name='optin']'.</msg>
<status status="PASS" starttime="20210723 13:53:09.141" endtime="20210723 13:53:09.196"/>
</kw>
<kw name="Capture Page Screenshot" library="SeleniumLibrary">
<arg>${SignInPageScreenshotDatos1}</arg>
<doc>Takes a screenshot of the current page and embeds it into a log file.</doc>
<msg timestamp="20210723 13:53:09.331" level="INFO" html="true">&lt;/td&gt;&lt;/tr&gt;&lt;tr&gt;&lt;td colspan="3"&gt;&lt;a href="Evidencias/Cuenta-Nueva-1.png"&gt;&lt;img src="Evidencias/Cuenta-Nueva-1.png" width="800px"&gt;&lt;/a&gt;</msg>
<status status="PASS" starttime="20210723 13:53:09.197" endtime="20210723 13:53:09.331"/>
</kw>
<kw name="Input Text" library="SeleniumLibrary">
<arg>${SignInPageInputCompany}</arg>
<arg>${company}</arg>
<doc>Types the given ``text`` into the text field identified by ``locator``.</doc>
<msg timestamp="20210723 13:53:09.331" level="INFO">Typing text 'The Original Hous Of Pies' into text field 'xpath://input[@name='company']'.</msg>
<status status="PASS" starttime="20210723 13:53:09.331" endtime="20210723 13:53:09.452"/>
</kw>
<kw name="Input Text" library="SeleniumLibrary">
<arg>${SignInPageInputAddress1}</arg>
<arg>${address1}</arg>
<doc>Types the given ``text`` into the text field identified by ``locator``.</doc>
<msg timestamp="20210723 13:53:09.452" level="INFO">Typing text 'Hickory Hills, 60457' into text field 'xpath://input[@name='address1']'.</msg>
<status status="PASS" starttime="20210723 13:53:09.452" endtime="20210723 13:53:09.556"/>
</kw>
<kw name="Input Text" library="SeleniumLibrary">
<arg>${SignInPageInputAddress2}</arg>
<arg>${address2}</arg>
<doc>Types the given ``text`` into the text field identified by ``locator``.</doc>
<msg timestamp="20210723 13:53:09.557" level="INFO">Typing text '3124 Star Route' into text field 'xpath://input[@name='address2']'.</msg>
<status status="PASS" starttime="20210723 13:53:09.556" endtime="20210723 13:53:09.660"/>
</kw>
<kw name="Input Text" library="SeleniumLibrary">
<arg>${SignInPageInputCity}</arg>
<arg>${city}</arg>
<doc>Types the given ``text`` into the text field identified by ``locator``.</doc>
<msg timestamp="20210723 13:53:09.661" level="INFO">Typing text 'IL' into text field 'xpath://input[@name='city']'.</msg>
<status status="PASS" starttime="20210723 13:53:09.660" endtime="20210723 13:53:09.754"/>
</kw>
<kw name="Select From List By Value" library="SeleniumLibrary">
<arg>${SignInPageDropDownState}</arg>
<arg>${state}</arg>
<doc>Selects options from selection list ``locator`` by ``values``.</doc>
<msg timestamp="20210723 13:53:09.755" level="INFO">Selecting options from selection list 'xpath://select[@name='id_state']' by value 2.</msg>
<status status="PASS" starttime="20210723 13:53:09.754" endtime="20210723 13:53:09.831"/>
</kw>
<kw name="Input Text" library="SeleniumLibrary">
<arg>${SignInPageInputPostCode}</arg>
<arg>${postcode}</arg>
<doc>Types the given ``text`` into the text field identified by ``locator``.</doc>
<msg timestamp="20210723 13:53:09.832" level="INFO">Typing text '20555' into text field 'xpath://input[@name='postcode']'.</msg>
<status status="PASS" starttime="20210723 13:53:09.832" endtime="20210723 13:53:09.927"/>
</kw>
<kw name="Select From List By Value" library="SeleniumLibrary">
<arg>${SignInPageDropDownCountry}</arg>
<arg>${country}</arg>
<doc>Selects options from selection list ``locator`` by ``values``.</doc>
<msg timestamp="20210723 13:53:09.927" level="INFO">Selecting options from selection list 'xpath://select[@name='id_country']' by value 21.</msg>
<status status="PASS" starttime="20210723 13:53:09.927" endtime="20210723 13:53:09.979"/>
</kw>
<kw name="Input Text" library="SeleniumLibrary">
<arg>${SignInPageInputOther}</arg>
<arg>${other}</arg>
<doc>Types the given ``text`` into the text field identified by ``locator``.</doc>
<msg timestamp="20210723 13:53:09.980" level="INFO">Typing text 'Prueba11' into text field 'xpath://textarea[@name='other']'.</msg>
<status status="PASS" starttime="20210723 13:53:09.979" endtime="20210723 13:53:10.069"/>
</kw>
<kw name="Input Text" library="SeleniumLibrary">
<arg>${SignInPageInputPhone}</arg>
<arg>${phone}</arg>
<doc>Types the given ``text`` into the text field identified by ``locator``.</doc>
<msg timestamp="20210723 13:53:10.069" level="INFO">Typing text '56265123614' into text field 'xpath://input[@name='phone']'.</msg>
<status status="PASS" starttime="20210723 13:53:10.069" endtime="20210723 13:53:10.174"/>
</kw>
<kw name="Input Text" library="SeleniumLibrary">
<arg>${SignInPageInputPhoneMobile}</arg>
<arg>${phoneM}</arg>
<doc>Types the given ``text`` into the text field identified by ``locator``.</doc>
<msg timestamp="20210723 13:53:10.174" level="INFO">Typing text '56912345678' into text field 'xpath://input[@name='phone_mobile']'.</msg>
<status status="PASS" starttime="20210723 13:53:10.174" endtime="20210723 13:53:10.276"/>
</kw>
<kw name="Input Text" library="SeleniumLibrary">
<arg>${SignInPageInputAlias}</arg>
<arg>${alias}</arg>
<doc>Types the given ``text`` into the text field identified by ``locator``.</doc>
<msg timestamp="20210723 13:53:10.276" level="INFO">Typing text 'Apartament' into text field 'xpath://input[@name='alias']'.</msg>
<status status="PASS" starttime="20210723 13:53:10.276" endtime="20210723 13:53:10.381"/>
</kw>
<kw name="Capture Page Screenshot" library="SeleniumLibrary">
<arg>${SignInPageScreenshotDatos2}</arg>
<doc>Takes a screenshot of the current page and embeds it into a log file.</doc>
<msg timestamp="20210723 13:53:10.545" level="INFO" html="true">&lt;/td&gt;&lt;/tr&gt;&lt;tr&gt;&lt;td colspan="3"&gt;&lt;a href="Evidencias/Cuenta-Nueva-2.png"&gt;&lt;img src="Evidencias/Cuenta-Nueva-2.png" width="800px"&gt;&lt;/a&gt;</msg>
<status status="PASS" starttime="20210723 13:53:10.381" endtime="20210723 13:53:10.546"/>
</kw>
<status status="PASS" starttime="20210723 13:53:05.412" endtime="20210723 13:53:10.546"/>
</kw>
<kw name="Validar Boton Agregar Cuenta" library="SignInPage">
[...]
<kw name="Table Should Contain" library="SeleniumLibrary">
<arg>${SummaryPageTable}</arg>
<arg>${SummaryPageElementVal1}</arg>
<doc>Verifies table contains text ``expected``.</doc>
<status status="PASS" starttime="20210723 13:58:00.107" endtime="20210723 13:58:00.860"/>
</kw>
<kw name="Table Should Contain" library="SeleniumLibrary">
<arg>${SummaryPageTable}</arg>
<arg>${SummaryPageElementVal2}</arg>
<doc>Verifies table contains text ``expected``.</doc>
<status status="PASS" starttime="20210723 13:58:00.860" endtime="20210723 13:58:01.434"/>
</kw>
<status status="PASS" starttime="20210723 13:58:00.107" endtime="20210723 13:58:01.434"/>
</kw>
<kw name="Validar Datos Footer" library="SummaryPage">
<kw name="Table Footer Should Contain" library="SeleniumLibrary">
<arg>${SummaryPageTable}</arg>
<arg>${SummaryPageElementVal3}</arg>
<doc>Verifies table footer contains text ``expected``.</doc>
<status status="PASS" starttime="20210723 13:58:01.436" endtime="20210723 13:58:01.529"/>
</kw>
<kw name="Table Footer Should Contain" library="SeleniumLibrary">
<arg>${SummaryPageTable}</arg>
<arg>${SummaryPageElementVal4}</arg>
<doc>Verifies table footer contains text ``expected``.</doc>
<status status="PASS" starttime="20210723 13:58:01.529" endtime="20210723 13:58:01.629"/>
</kw>
<kw name="Capture Page Screenshot" library="SeleniumLibrary">
<arg>${SummaryPageScreenshotCarrito}</arg>
<doc>Takes a screenshot of the current page and embeds it into a log file.</doc>
<msg timestamp="20210723 13:58:01.785" level="INFO" html="true">&lt;/td&gt;&lt;/tr&gt;&lt;tr&gt;&lt;td colspan="3"&gt;&lt;a href="Evidencias/Productos-Carrito.png"&gt;&lt;img src="Evidencias/Productos-Carrito.png" width="800px"&gt;&lt;/a&gt;</msg>
<status status="PASS" starttime="20210723 13:58:01.629" endtime="20210723 13:58:01.786"/>
</kw>
<status status="PASS" starttime="20210723 13:58:01.435" endtime="20210723 13:58:01.786"/>
</kw>
<kw name="Validar Boton Checkout" library="SummaryPage">
<kw name="Click Element" library="SeleniumLibrary">
<arg>${SummaryPageButton}</arg>
<doc>Click the element identified by ``locator``.</doc>
<msg timestamp="20210723 13:58:01.787" level="INFO">Clicking element 'xpath://a[@class='button btn btn-default standard-checkout button-medium']//span[contains(text(),'Proceed to checkout')]'.</msg>
<status status="PASS" starttime="20210723 13:58:01.787" endtime="20210723 13:58:04.379"/>
</kw>
<status status="PASS" starttime="20210723 13:58:01.787" endtime="20210723 13:58:04.379"/>
</kw>
<kw name="Validar Vista Autenticación" library="SignInPage">
<kw name="Sleep" library="BuiltIn">
<arg>2</arg>
<doc>Pauses the test executed for the given time.</doc>
<msg timestamp="20210723 13:58:06.393" level="INFO">Slept 2 seconds</msg>
<status status="PASS" starttime="20210723 13:58:04.380" endtime="20210723 13:58:06.393"/>
</kw>
<kw name="Page Should Contain" library="SeleniumLibrary">
<arg>${SignInPageElementVal1}</arg>
<doc>Verifies that current page contains ``text``.</doc>
<msg timestamp="20210723 13:58:06.417" level="INFO">Current page contains text 'Authentication'.</msg>
<status status="PASS" starttime="20210723 13:58:06.393" endtime="20210723 13:58:06.417"/>
</kw>
<status status="PASS" starttime="20210723 13:58:04.379" endtime="20210723 13:58:06.417"/>
</kw>
<kw name="Ingresar Credenciales y Acceder Con Usuario Creado" library="SignInPage">
<arg>${email}</arg>
<arg>${pass}</arg>
<kw name="Input Text" library="SeleniumLibrary">
<arg>${HomePageInputEmail}</arg>
<arg>${email}</arg>
<doc>Types the given ``text`` into the text field identified by ``locator``.</doc>
<msg timestamp="20210723 13:58:06.420" level="INFO">Typing text 'prueba14@prueba14.com' into text field 'xpath://input[@name='email']'.</msg>
<status status="PASS" starttime="20210723 13:58:06.419" endtime="20210723 13:58:06.560"/>
</kw>
<kw name="Input Text" library="SeleniumLibrary">
<arg>${HomePageInputPass}</arg>
<arg>${pass}</arg>
<doc>Types the given ``text`` into the text field identified by ``locator``.</doc>
<msg timestamp="20210723 13:58:06.560" level="INFO">Typing text '335353' into text field 'xpath://input[@name='passwd']'.</msg>
<status status="PASS" starttime="20210723 13:58:06.560" endtime="20210723 13:58:06.657"/>
</kw>
<kw name="Click Element" library="SeleniumLibrary">
<arg>${HomePageButtonSignIn}</arg>
<doc>Click the element identified by ``locator``.</doc>
<msg timestamp="20210723 13:58:06.658" level="INFO">Clicking element 'xpath://span[normalize-space()='Sign in']'.</msg>
<status status="PASS" starttime="20210723 13:58:06.658" endtime="20210723 13:58:08.453"/>
</kw>
<status status="PASS" starttime="20210723 13:58:06.419" endtime="20210723 13:58:08.453"/>
</kw>
<kw name="Validar Vista Addresses" library="AddressPage">
<kw name="Sleep" library="BuiltIn">
<arg>2</arg>
<doc>Pauses the test executed for the given time.</doc>
<msg timestamp="20210723 13:58:10.455" level="INFO">Slept 2 seconds</msg>
<status status="PASS" starttime="20210723 13:58:08.454" endtime="20210723 13:58:10.456"/>
</kw>
<kw name="Page Should Contain" library="SeleniumLibrary">
<arg>${AddressPageElementVal1}</arg>
<doc>Verifies that current page contains ``text``.</doc>
<msg timestamp="20210723 13:58:10.484" level="INFO">Current page contains text 'Addresses'.</msg>
<status status="PASS" starttime="20210723 13:58:10.456" endtime="20210723 13:58:10.484"/>
</kw>
<kw name="Capture Page Screenshot" library="SeleniumLibrary">
<arg>${AddressPageScreenshotResumen}</arg>
<doc>Takes a screenshot of the current page and embeds it into a log file.</doc>
<msg timestamp="20210723 13:58:10.693" level="INFO" html="true">&lt;/td&gt;&lt;/tr&gt;&lt;tr&gt;&lt;td colspan="3"&gt;&lt;a href="Evidencias/Address-Summary-1.png"&gt;&lt;img src="Evidencias/Address-Summary-1.png" width="800px"&gt;&lt;/a&gt;</msg>
<status status="PASS" starttime="20210723 13:58:10.484" endtime="20210723 13:58:10.693"/>
</kw>
<status status="PASS" starttime="20210723 13:58:08.454" endtime="20210723 13:58:10.693"/>
</kw>
<kw name="Validar Boton ProceedToCheckout" library="AddressPage">
<kw name="Click Element" library="SeleniumLibrary">
<arg>${AddressPageButtonProceed}</arg>
<doc>Click the element identified by ``locator``.</doc>
<msg timestamp="20210723 13:58:10.695" level="INFO">Clicking element 'xpath://button[@name='processAddress']//span[contains(text(),'Proceed to checkout')]'.</msg>
<status status="PASS" starttime="20210723 13:58:10.695" endtime="20210723 13:58:11.840"/>
</kw>
<status status="PASS" starttime="20210723 13:58:10.694" endtime="20210723 13:58:11.840"/>
</kw>
<kw name="Validar Vista Shipping" library="ShippingPage">
<kw name="Sleep" library="BuiltIn">
<arg>2</arg>
<doc>Pauses the test executed for the given time.</doc>
<msg timestamp="20210723 13:58:13.851" level="INFO">Slept 2 seconds</msg>
<status status="PASS" starttime="20210723 13:58:11.841" endtime="20210723 13:58:13.851"/>
</kw>
<kw name="Page Should Contain" library="SeleniumLibrary">
<arg>${ShippingPageElementVal1}</arg>
<doc>Verifies that current page contains ``text``.</doc>
<msg timestamp="20210723 13:58:13.868" level="INFO">Current page contains text 'Shipping'.</msg>
<status status="PASS" starttime="20210723 13:58:13.852" endtime="20210723 13:58:13.868"/>
</kw>
<status status="PASS" starttime="20210723 13:58:11.841" endtime="20210723 13:58:13.868"/>
</kw>
<kw name="Validar Check IAgree" library="ShippingPage">
<kw name="Click Element" library="SeleniumLibrary">
<arg>${ShippingPageCheckIAgree}</arg>
<doc>Click the element identified by ``locator``.</doc>
<msg timestamp="20210723 13:58:13.870" level="INFO">Clicking element 'xpath://input[@name='cgv']'.</msg>
<status status="PASS" starttime="20210723 13:58:13.869" endtime="20210723 13:58:13.924"/>
</kw>
<kw name="Capture Page Screenshot" library="SeleniumLibrary">
<arg>${ShippingPageScreenshotShippingSummary}</arg>
<doc>Takes a screenshot of the current page and embeds it into a log file.</doc>
<msg timestamp="20210723 13:58:14.080" level="INFO" html="true">&lt;/td&gt;&lt;/tr&gt;&lt;tr&gt;&lt;td colspan="3"&gt;&lt;a href="Evidencias/Resumen-Env%C3%ADo-1.png"&gt;&lt;img src="Evidencias/Resumen-Env%C3%ADo-1.png" width="800px"&gt;&lt;/a&gt;</msg>
<status status="PASS" starttime="20210723 13:58:13.924" endtime="20210723 13:58:14.080"/>
</kw>
<status status="PASS" starttime="20210723 13:58:13.869" endtime="20210723 13:58:14.080"/>
</kw>
<kw name="Validar Botón ProcedToCheckOut" library="ShippingPage">
<kw name="Click Element" library="SeleniumLibrary">
<arg>${ShippingPageButtonProceed}</arg>
<doc>Click the element identified by ``locator``.</doc>
<msg timestamp="20210723 13:58:14.082" level="INFO">Clicking element 'xpath://button[@name='processCarrier']//span[contains(text(),'Proceed to checkout')]'.</msg>
<status status="PASS" starttime="20210723 13:58:14.081" endtime="20210723 13:58:15.957"/>
</kw>
<status status="PASS" starttime="20210723 13:58:14.081" endtime="20210723 13:58:15.957"/>
</kw>
<kw name="Validar Vista Pago" library="PaymentPage">
<kw name="Sleep" library="BuiltIn">
<arg>2</arg>
<doc>Pauses the test executed for the given time.</doc>
<msg timestamp="20210723 13:58:17.974" level="INFO">Slept 2 seconds</msg>
<status status="PASS" starttime="20210723 13:58:15.959" endtime="20210723 13:58:17.974"/>
</kw>
<kw name="Page Should Contain" library="SeleniumLibrary">
<arg>${PaymentPageElementVal1}</arg>
<doc>Verifies that current page contains ``text``.</doc>
<msg timestamp="20210723 13:58:17.995" level="INFO">Current page contains text 'Please choose your payment method'.</msg>
<status status="PASS" starttime="20210723 13:58:17.974" endtime="20210723 13:58:17.996"/>
</kw>
<status status="PASS" starttime="20210723 13:58:15.958" endtime="20210723 13:58:17.996"/>
</kw>
<kw name="Validar Datos Tabla" library="PaymentPage">
<kw name="Sleep" library="BuiltIn">
<arg>2</arg>
<doc>Pauses the test executed for the given time.</doc>
<msg timestamp="20210723 13:58:20.005" level="INFO">Slept 2 seconds</msg>
<status status="PASS" starttime="20210723 13:58:17.997" endtime="20210723 13:58:20.005"/>
</kw>
<kw name="Table Footer Should Contain" library="SeleniumLibrary">
<arg>${SummaryPageTable}</arg>
<arg>${SummaryPageElementVal3}</arg>
<doc>Verifies table footer contains text ``expected``.</doc>
<status status="PASS" starttime="20210723 13:58:20.005" endtime="20210723 13:58:20.106"/>
</kw>
<kw name="Table Footer Should Contain" library="SeleniumLibrary">
<arg>${SummaryPageTable}</arg>
<arg>${SummaryPageElementVal4}</arg>
<doc>Verifies table footer contains text ``expected``.</doc>
<status status="PASS" starttime="20210723 13:58:20.107" endtime="20210723 13:58:20.192"/>
</kw>
<kw name="Capture Page Screenshot" library="SeleniumLibrary">
<arg>${PaymentPageScreenshotTotalPago}</arg>
<doc>Takes a screenshot of the current page and embeds it into a log file.</doc>
<msg timestamp="20210723 13:58:20.346" level="INFO" html="true">&lt;/td&gt;&lt;/tr&gt;&lt;tr&gt;&lt;td colspan="3"&gt;&lt;a href="Evidencias/Resumen-Total-Pago-1.png"&gt;&lt;img src="Evidencias/Resumen-Total-Pago-1.png" width="800px"&gt;&lt;/a&gt;</msg>
<status status="PASS" starttime="20210723 13:58:20.192" endtime="20210723 13:58:20.346"/>
</kw>
<status status="PASS" starttime="20210723 13:58:17.997" endtime="20210723 13:58:20.346"/>
</kw>
<kw name="Validar Botón Pago Tarjeta Bancaria" library="PaymentPage">
<kw name="Click Element" library="SeleniumLibrary">
<arg>${PaymentPageButtonCreditCard}</arg>
<doc>Click the element identified by ``locator``.</doc>
<msg timestamp="20210723 13:58:20.347" level="INFO">Clicking element 'xpath://a[@title='Pay by bank wire']'.</msg>
<status status="PASS" starttime="20210723 13:58:20.347" endtime="20210723 13:58:21.487"/>
</kw>
<status status="PASS" starttime="20210723 13:58:20.346" endtime="20210723 13:58:21.488"/>
</kw>
<kw name="Validar Vista Resumen de Orden" library="PaymentPage">
<kw name="Sleep" library="BuiltIn">
<arg>2</arg>
<doc>Pauses the test executed for the given time.</doc>
<msg timestamp="20210723 13:58:23.497" level="INFO">Slept 2 seconds</msg>
<status status="PASS" starttime="20210723 13:58:21.489" endtime="20210723 13:58:23.497"/>
</kw>
<kw name="Page Should Contain" library="SeleniumLibrary">
<arg>${PaymentPageElementVal2}</arg>
<doc>Verifies that current page contains ``text``.</doc>
<msg timestamp="20210723 13:58:23.518" level="INFO">Current page contains text 'Order summary'.</msg>
<status status="PASS" starttime="20210723 13:58:23.498" endtime="20210723 13:58:23.518"/>
</kw>
<kw name="Capture Page Screenshot" library="SeleniumLibrary">
<arg>${PaymentPageScreenshotOrderSummary}</arg>
<doc>Takes a screenshot of the current page and embeds it into a log file.</doc>
<msg timestamp="20210723 13:58:23.700" level="INFO" html="true">&lt;/td&gt;&lt;/tr&gt;&lt;tr&gt;&lt;td colspan="3"&gt;&lt;a href="Evidencias/Resumen-De-Orden-1.png"&gt;&lt;img src="Evidencias/Resumen-De-Orden-1.png" width="800px"&gt;&lt;/a&gt;</msg>
<status status="PASS" starttime="20210723 13:58:23.518" endtime="20210723 13:58:23.700"/>
</kw>
<status status="PASS" starttime="20210723 13:58:21.488" endtime="20210723 13:58:23.700"/>
</kw>
<kw name="Validar Botón Confirmar Orden" library="PaymentPage">
<kw name="Click Element" library="SeleniumLibrary">
<arg>${PaymentPageButtonConfirmOrder}</arg>
<doc>Click the element identified by ``locator``.</doc>
<msg timestamp="20210723 13:58:23.701" level="INFO">Clicking element 'xpath://span[normalize-space()='I confirm my order']'.</msg>
<status status="PASS" starttime="20210723 13:58:23.701" endtime="20210723 13:58:26.715"/>
</kw>
<status status="PASS" starttime="20210723 13:58:23.701" endtime="20210723 13:58:26.715"/>
</kw>
<kw name="Validar Vista Confirmación de Orden" library="PaymentPage">
<kw name="Sleep" library="BuiltIn">
<arg>2</arg>
<doc>Pauses the test executed for the given time.</doc>
<msg timestamp="20210723 13:58:28.728" level="INFO">Slept 2 seconds</msg>
<status status="PASS" starttime="20210723 13:58:26.717" endtime="20210723 13:58:28.728"/>
</kw>
<kw name="Page Should Contain" library="SeleniumLibrary">
<arg>${PaymentPageElementVal3}</arg>
<doc>Verifies that current page contains ``text``.</doc>
<msg timestamp="20210723 13:58:28.744" level="INFO">Current page contains text 'Order confirmation'.</msg>
<status status="PASS" starttime="20210723 13:58:28.729" endtime="20210723 13:58:28.744"/>
</kw>
<kw name="Capture Page Screenshot" library="SeleniumLibrary">
<arg>${PaymentPageScreenshotOrderConfirmation}</arg>
<doc>Takes a screenshot of the current page and embeds it into a log file.</doc>
<msg timestamp="20210723 13:58:28.895" level="INFO" html="true">&lt;/td&gt;&lt;/tr&gt;&lt;tr&gt;&lt;td colspan="3"&gt;&lt;a href="Evidencias/Confirmaci%C3%B3n-De-Orden-1.png"&gt;&lt;img src="Evidencias/Confirmaci%C3%B3n-De-Orden-1.png" width="800px"&gt;&lt;/a&gt;</msg>
<status status="PASS" starttime="20210723 13:58:28.744" endtime="20210723 13:58:28.896"/>
</kw>
<status status="PASS" starttime="20210723 13:58:26.717" endtime="20210723 13:58:28.896"/>
</kw>
<kw name="Volver a Vista Home" library="CommonFuncSitioDesafio">
<kw name="Click Element" library="SeleniumLibrary">
<arg>${HomeElementLogo}</arg>
<doc>Click the element identified by ``locator``.</doc>
<msg timestamp="20210723 13:58:28.897" level="INFO">Clicking element 'xpath://img[@alt='My Store']'.</msg>
<status status="PASS" starttime="20210723 13:58:28.897" endtime="20210723 13:58:31.851"/>
</kw>
<kw name="Sleep" library="BuiltIn">
<arg>2</arg>
<doc>Pauses the test executed for the given time.</doc>
<msg timestamp="20210723 13:58:33.864" level="INFO">Slept 2 seconds</msg>
<status status="PASS" starttime="20210723 13:58:31.851" endtime="20210723 13:58:33.865"/>
</kw>
<status status="PASS" starttime="20210723 13:58:28.896" endtime="20210723 13:58:33.865"/>
</kw>
<kw name="Seleccionar Cuenta de Usuario y Acceder a Historial de Pedidos" library="HomePage">
<kw name="Click Element" library="SeleniumLibrary">
<arg>${HomePageElementAccount}</arg>
<doc>Click the element identified by ``locator``.</doc>
<msg timestamp="20210723 13:58:33.868" level="INFO">Clicking element 'xpath://a[@title='View my customer account']'.</msg>
<status status="PASS" starttime="20210723 13:58:33.868" endtime="20210723 13:58:36.425"/>
</kw>
<kw name="Click Element" library="SeleniumLibrary">
<arg>${HomePageElementOrderHistory}</arg>
<doc>Click the element identified by ``locator``.</doc>
<msg timestamp="20210723 13:58:36.425" level="INFO">Clicking element 'xpath://span[normalize-space()='Order history and details']'.</msg>
<status status="PASS" starttime="20210723 13:58:36.425" endtime="20210723 13:58:38.178"/>
</kw>
<kw name="Sleep" library="BuiltIn">
<arg>2</arg>
<doc>Pauses the test executed for the given time.</doc>
<msg timestamp="20210723 13:58:40.188" level="INFO">Slept 2 seconds</msg>
<status status="PASS" starttime="20210723 13:58:38.178" endtime="20210723 13:58:40.188"/>
</kw>
<kw name="Table Cell Should Contain" library="SeleniumLibrary">
<arg>${HomePageTable}</arg>
<arg>2</arg>
<arg>5</arg>
<arg>On backorder</arg>
<doc>Verifies table cell contains text ``expected``.</doc>
<msg timestamp="20210723 13:58:40.249" level="INFO">Table cell contains 'On backorder'.</msg>
<status status="PASS" starttime="20210723 13:58:40.188" endtime="20210723 13:58:40.249"/>
</kw>
<kw name="Capture Page Screenshot" library="SeleniumLibrary">
<arg>${HomePageScreenshotHistorial}</arg>
<doc>Takes a screenshot of the current page and embeds it into a log file.</doc>
<msg timestamp="20210723 13:58:40.400" level="INFO" html="true">&lt;/td&gt;&lt;/tr&gt;&lt;tr&gt;&lt;td colspan="3"&gt;&lt;a href="Evidencias/Historial-Productos-1.png"&gt;&lt;img src="Evidencias/Historial-Productos-1.png" width="800px"&gt;&lt;/a&gt;</msg>
<status status="PASS" starttime="20210723 13:58:40.249" endtime="20210723 13:58:40.400"/>
</kw>
<kw name="Click Element" library="SeleniumLibrary">
<arg>${HomePageElementPDF}</arg>
<doc>Click the element identified by ``locator``.</doc>
<msg timestamp="20210723 13:58:40.400" level="INFO">Clicking element 'xpath://a[normalize-space()='PDF']'.</msg>
<status status="PASS" starttime="20210723 13:58:40.400" endtime="20210723 13:58:40.500"/>
</kw>
<kw name="Sleep" library="BuiltIn">
<arg>2</arg>
<doc>Pauses the test executed for the given time.</doc>
<msg timestamp="20210723 13:58:42.511" level="INFO">Slept 2 seconds</msg>
<status status="PASS" starttime="20210723 13:58:40.500" endtime="20210723 13:58:42.511"/>
</kw>
<kw name="Click Element" library="SeleniumLibrary">
<arg>${HomePageElementLogOut}</arg>
<doc>Click the element identified by ``locator``.</doc>
<msg timestamp="20210723 13:58:42.511" level="INFO">Clicking element 'xpath://a[@title='Log me out']'.</msg>
<status status="PASS" starttime="20210723 13:58:42.511" endtime="20210723 13:58:44.993"/>
</kw>
<status status="PASS" starttime="20210723 13:58:33.867" endtime="20210723 13:58:44.993"/>
</kw>
<kw name="Finalizar Test De Prueba" library="CommonFuncSitioDesafio" type="TEARDOWN">
<kw name="Close All Browsers" library="SeleniumLibrary">
<doc>Closes all open browsers and resets the browser cache.</doc>
<status status="PASS" starttime="20210723 13:58:44.995" endtime="20210723 13:58:47.187"/>
</kw>
<status status="PASS" starttime="20210723 13:58:44.994" endtime="20210723 13:58:47.187"/>
</kw>
<doc>Este caso de prueba valida la funcionalidad Historial de Pedidos</doc>
<tag>Funcional</tag>
<status status="PASS" starttime="20210723 13:57:31.430" endtime="20210723 13:58:47.188"/>
</test>
<doc>Test De Pruebas Para Desafio de Automatización</doc>
<status status="PASS" starttime="20210723 13:50:36.920" endtime="20210723 13:58:47.191"/>
</suite>
<statistics>
<total>
<stat pass="13" fail="0" skip="0">All Tests</stat>
</total>
<tag>
<stat pass="13" fail="0" skip="0">Funcional</stat>
</tag>
<suite>
<stat pass="13" fail="0" skip="0" id="s1" name="TestCases">TestCases</stat>
</suite>
</statistics>
<errors>
</errors>
</robot>
